Build started 3/6/2015 11:04:35 PM.
     1>Project "C:\Users\Ong\Desktop\NYP\Sem 3\DM2210_Lab2_AssignmentPart1_OngSweeSeng_142128G\Base\Base.vcxproj" on node 2 (Build target(s)).
     1>ClCompile:
         c:\Program Files (x86)\Microsoft Visual Studio 10.0\VC\bin\CL.exe /c /I"C:\Users\Ong\Desktop\NYP\Sem 3\DM2210_Lab2_AssignmentPart1_OngSweeSeng_142128G\/Common/Source" /I"C:\Users\Ong\Desktop\NYP\Sem 3\DM2210_Lab2_AssignmentPart1_OngSweeSeng_142128G\/glew/include" /I"C:\Users\Ong\Desktop\NYP\Sem 3\DM2210_Lab2_AssignmentPart1_OngSweeSeng_142128G\/glfw/include" /I"D:\Visual Leak Detector\include" /ZI /nologo /W3 /WX- /Od /Oy- /D _VARIADIC_MAX=10 /D WIN32 /D _DEBUG /D _CONSOLE /D _UNICODE /D UNICODE /Gm /EHsc /RTC1 /MDd /GS /fp:precise /Zc:wchar_t /Zc:forScope /Fo"Debug\\" /Fd"Debug\vc100.pdb" /Gd /TP /analyze- /errorReport:prompt Source\Ammo.cpp Source\Application.cpp Source\Camera.cpp Source\Camera2.cpp Source\Camera3.cpp Source\Camera4.cpp Source\GenerateSkyPlane.cpp Source\LoadHmap.cpp Source\LoadOBJ.cpp Source\LoadTGA.cpp Source\main.cpp Source\Mesh.cpp Source\MeshBuilder.cpp Source\OBJ.cpp Source\SceneSkybox.cpp Source\SceneText.cpp Source\SceneTexture.cpp Source\shader.cpp Source\SpriteAnimation.cpp Source\Utility.cpp
         Utility.cpp
         SpriteAnimation.cpp
     1>c:\users\ong\desktop\nyp\sem 3\dm2210_lab2_assignmentpart1_ongsweeseng_142128g\base\source\spriteanimation.cpp(32): warning C4244: '+=' : conversion from 'double' to 'float', possible loss of data
         shader.cpp
         SceneTexture.cpp
         SceneText.cpp
     1>c:\users\ong\desktop\nyp\sem 3\dm2210_lab2_assignmentpart1_ongsweeseng_142128g\base\source\scenetext.cpp(189): warning C4244: 'argument' : conversion from 'int' to 'GLfloat', possible loss of data
     1>c:\users\ong\desktop\nyp\sem 3\dm2210_lab2_assignmentpart1_ongsweeseng_142128g\base\source\scenetext.cpp(342): warning C4244: '+=' : conversion from 'double' to 'float', possible loss of data
     1>c:\users\ong\desktop\nyp\sem 3\dm2210_lab2_assignmentpart1_ongsweeseng_142128g\base\source\scenetext.cpp(347): warning C4244: '-=' : conversion from 'double' to 'float', possible loss of data
     1>c:\users\ong\desktop\nyp\sem 3\dm2210_lab2_assignmentpart1_ongsweeseng_142128g\base\source\scenetext.cpp(376): warning C4244: '+=' : conversion from 'double' to 'float', possible loss of data
         SceneSkybox.cpp
         OBJ.cpp
     1>c:\users\ong\desktop\nyp\sem 3\dm2210_lab2_assignmentpart1_ongsweeseng_142128g\base\source\obj.cpp(26): warning C4244: '-=' : conversion from 'double' to 'float', possible loss of data
         MeshBuilder.cpp
         Mesh.cpp
         main.cpp
         LoadTGA.cpp
         LoadOBJ.cpp
         LoadHmap.cpp
         GenerateSkyPlane.cpp
         Camera4.cpp
         Camera3.cpp
     1>c:\users\ong\desktop\nyp\sem 3\dm2210_lab2_assignmentpart1_ongsweeseng_142128g\base\source\camera3.cpp(257): warning C4244: '+=' : conversion from 'double' to 'float', possible loss of data
     1>c:\users\ong\desktop\nyp\sem 3\dm2210_lab2_assignmentpart1_ongsweeseng_142128g\base\source\camera3.cpp(258): warning C4244: '+=' : conversion from 'double' to 'float', possible loss of data
     1>c:\users\ong\desktop\nyp\sem 3\dm2210_lab2_assignmentpart1_ongsweeseng_142128g\base\source\camera3.cpp(270): warning C4244: '+=' : conversion from 'double' to 'float', possible loss of data
     1>c:\users\ong\desktop\nyp\sem 3\dm2210_lab2_assignmentpart1_ongsweeseng_142128g\base\source\camera3.cpp(278): warning C4244: '-=' : conversion from 'double' to 'float', possible loss of data
     1>c:\users\ong\desktop\nyp\sem 3\dm2210_lab2_assignmentpart1_ongsweeseng_142128g\base\source\camera3.cpp(447): warning C4244: '+=' : conversion from 'const double' to 'float', possible loss of data
         Camera2.cpp
         Camera.cpp
         Application.cpp
         Ammo.cpp
         Generating Code...
       Link:
         c:\Program Files (x86)\Microsoft Visual Studio 10.0\VC\bin\link.exe /ERRORREPORT:PROMPT /OUT:"C:\Users\Ong\Desktop\NYP\Sem 3\DM2210_Lab2_AssignmentPart1_OngSweeSeng_142128G\Debug\Base.exe" /INCREMENTAL:NO /NOLOGO /LIBPATH:"C:\Users\Ong\Desktop\NYP\Sem 3\DM2210_Lab2_AssignmentPart1_OngSweeSeng_142128G\Debug" /LIBPATH:"C:\Users\Ong\Desktop\NYP\Sem 3\DM2210_Lab2_AssignmentPart1_OngSweeSeng_142128G\/glfw/lib-msvc100" /LIBPATH:"C:\Users\Ong\Desktop\NYP\Sem 3\DM2210_Lab2_AssignmentPart1_OngSweeSeng_142128G\/glew/lib" /LIBPATH:"D:\Visual Leak Detector\lib\Win32" Common.lib winmm.lib opengl32.lib glu32.lib glew32.lib glfw3.lib kernel32.lib user32.lib gdi32.lib winspool.lib comdlg32.lib advapi32.lib shell32.lib ole32.lib oleaut32.lib uuid.lib odbc32.lib odbccp32.lib /MANIFEST /ManifestFile:"Debug\Base.exe.intermediate.manifest" /MANIFESTUAC:"level='asInvoker' uiAccess='false'" /DEBUG /PDB:"C:\Users\Ong\Desktop\NYP\Sem 3\DM2210_Lab2_AssignmentPart1_OngSweeSeng_142128G\Debug\Base.pdb" /SUBSYSTEM:CONSOLE /TLBID:1 /DYNAMICBASE /NXCOMPAT /IMPLIB:"C:\Users\Ong\Desktop\NYP\Sem 3\DM2210_Lab2_AssignmentPart1_OngSweeSeng_142128G\Debug\Base.lib" /MACHINE:X86 Debug\Ammo.obj
         Debug\Application.obj
         Debug\Camera.obj
         Debug\Camera2.obj
         Debug\Camera3.obj
         Debug\Camera4.obj
         Debug\GenerateSkyPlane.obj
         Debug\LoadHmap.obj
         Debug\LoadOBJ.obj
         Debug\LoadTGA.obj
         Debug\main.obj
         Debug\Mesh.obj
         Debug\MeshBuilder.obj
         Debug\OBJ.obj
         Debug\SceneSkybox.obj
         Debug\SceneText.obj
         Debug\SceneTexture.obj
         Debug\shader.obj
         Debug\SpriteAnimation.obj
         Debug\Utility.obj
     1>Ammo.obj : warning LNK4075: ignoring '/EDITANDCONTINUE' due to '/INCREMENTAL:NO' specification
     1>LINK : warning LNK4098: defaultlib 'MSVCRT' conflicts with use of other libs; use /NODEFAULTLIB:library
         Base.vcxproj -> C:\Users\Ong\Desktop\NYP\Sem 3\DM2210_Lab2_AssignmentPart1_OngSweeSeng_142128G\Debug\Base.exe
       Manifest:
         c:\Program Files (x86)\Microsoft SDKs\Windows\v7.0A\bin\mt.exe /nologo /verbose /outputresource:"C:\Users\Ong\Desktop\NYP\Sem 3\DM2210_Lab2_AssignmentPart1_OngSweeSeng_142128G\Debug\Base.exe;#1" /manifest Debug\Base.exe.intermediate.manifest
     1>Done Building Project "C:\Users\Ong\Desktop\NYP\Sem 3\DM2210_Lab2_AssignmentPart1_OngSweeSeng_142128G\Base\Base.vcxproj" (Build target(s)).

Build succeeded.

Time Elapsed 00:00:19.00
