C:\Users\142128G\Desktop\NYP\Advance Game Development\Y2S2_Framework\Base\Debug\Application.obj
C:\Users\142128G\Desktop\NYP\Advance Game Development\Y2S2_Framework\Base\Debug\Camera.obj
C:\Users\142128G\Desktop\NYP\Advance Game Development\Y2S2_Framework\Base\Debug\Camera3.obj
C:\Users\142128G\Desktop\NYP\Advance Game Development\Y2S2_Framework\Base\Debug\CharAnimation.obj
C:\Users\142128G\Desktop\NYP\Advance Game Development\Y2S2_Framework\Base\Debug\Enemy.obj
C:\Users\142128G\Desktop\NYP\Advance Game Development\Y2S2_Framework\Base\Debug\GameStateManager.obj
C:\Users\142128G\Desktop\NYP\Advance Game Development\Y2S2_Framework\Base\Debug\Goodies.obj
C:\Users\142128G\Desktop\NYP\Advance Game Development\Y2S2_Framework\Base\Debug\GoodiesFactory.obj
C:\Users\142128G\Desktop\NYP\Advance Game Development\Y2S2_Framework\Base\Debug\IntroState.obj
C:\Users\142128G\Desktop\NYP\Advance Game Development\Y2S2_Framework\Base\Debug\LoadOBJ.obj
C:\Users\142128G\Desktop\NYP\Advance Game Development\Y2S2_Framework\Base\Debug\LoadTGA.obj
C:\Users\142128G\Desktop\NYP\Advance Game Development\Y2S2_Framework\Base\Debug\main.obj
C:\Users\142128G\Desktop\NYP\Advance Game Development\Y2S2_Framework\Base\Debug\Map.obj
C:\Users\142128G\Desktop\NYP\Advance Game Development\Y2S2_Framework\Base\Debug\MenuState.obj
C:\Users\142128G\Desktop\NYP\Advance Game Development\Y2S2_Framework\Base\Debug\Mesh.obj
C:\Users\142128G\Desktop\NYP\Advance Game Development\Y2S2_Framework\Base\Debug\MeshBuilder.obj
C:\Users\142128G\Desktop\NYP\Advance Game Development\Y2S2_Framework\Base\Debug\Minimap.obj
C:\Users\142128G\Desktop\NYP\Advance Game Development\Y2S2_Framework\Base\Debug\Particle.obj
C:\Users\142128G\Desktop\NYP\Advance Game Development\Y2S2_Framework\Base\Debug\PlayerInfo.obj
C:\Users\142128G\Desktop\NYP\Advance Game Development\Y2S2_Framework\Base\Debug\PlayInfo3PV.obj
C:\Users\142128G\Desktop\NYP\Advance Game Development\Y2S2_Framework\Base\Debug\PlayState.obj
C:\Users\142128G\Desktop\NYP\Advance Game Development\Y2S2_Framework\Base\Debug\SceneGame.obj
C:\Users\142128G\Desktop\NYP\Advance Game Development\Y2S2_Framework\Base\Debug\SceneManager2D.obj
C:\Users\142128G\Desktop\NYP\Advance Game Development\Y2S2_Framework\Base\Debug\SceneMenu.obj
C:\Users\142128G\Desktop\NYP\Advance Game Development\Y2S2_Framework\Base\Debug\shader.obj
C:\Users\142128G\Desktop\NYP\Advance Game Development\Y2S2_Framework\Base\Debug\Strategy.obj
C:\Users\142128G\Desktop\NYP\Advance Game Development\Y2S2_Framework\Base\Debug\Strategy_Kill.obj
C:\Users\142128G\Desktop\NYP\Advance Game Development\Y2S2_Framework\Base\Debug\Text.obj
C:\Users\142128G\Desktop\NYP\Advance Game Development\Y2S2_Framework\Base\Debug\TreasureChest.obj
C:\Users\142128G\Desktop\NYP\Advance Game Development\Y2S2_Framework\Base\Debug\Utility.obj
C:\Users\142128G\Desktop\NYP\Advance Game Development\Y2S2_Framework\Base\Debug\vc120.idb
C:\Users\142128G\Desktop\NYP\Advance Game Development\Y2S2_Framework\Base\Debug\vc120.pdb
C:\Users\142128G\Desktop\NYP\Advance Game Development\Y2S2_Framework\Debug\Base.exe
C:\Users\142128G\Desktop\NYP\Advance Game Development\Y2S2_Framework\Debug\Base.pdb
