Build started 25/11/2014 12:38:10 AM.
     1>Project "C:\Users\User\Desktop\NYP\DM2126_Assignment01_142128G_OngSweeSeng\DM2126_Assignment01_142128G_OngSweeSeng\DM2126_Assignment01_142128G_OngSweeSeng.vcxproj" on node 2 (build target(s)).
     1>InitializeBuildStatus:
         Creating "Debug\DM2126_Assignment01_142128G_OngSweeSeng.unsuccessfulbuild" because "AlwaysCreate" was specified.
       ClCompile:
         C:\Program Files (x86)\Microsoft Visual Studio 10.0\VC\bin\CL.exe /c /ZI /nologo /W3 /WX- /Od /Oy- /D WIN32 /D _DEBUG /D _CONSOLE /D _UNICODE /D UNICODE /Gm /EHsc /RTC1 /MDd /GS /fp:precise /Zc:wchar_t /Zc:forScope /Fo"Debug\\" /Fd"Debug\vc100.pdb" /Gd /TP /analyze- /errorReport:prompt main.cpp
         main.cpp
     1>c:\users\user\desktop\nyp\dm2126_assignment01_142128g_ongsweeseng\dm2126_assignment01_142128g_ongsweeseng\main.cpp(49): warning C4800: 'int' : forcing value to bool 'true' or 'false' (performance warning)
       ManifestResourceCompile:
         All outputs are up-to-date.
       Link:
         C:\Program Files (x86)\Microsoft Visual Studio 10.0\VC\bin\link.exe /ERRORREPORT:PROMPT /OUT:"C:\Users\User\Desktop\NYP\DM2126_Assignment01_142128G_OngSweeSeng\Debug\DM2126_Assignment01_142128G_OngSweeSeng.exe" /INCREMENTAL /NOLOGO kernel32.lib user32.lib gdi32.lib winspool.lib comdlg32.lib advapi32.lib shell32.lib ole32.lib oleaut32.lib uuid.lib odbc32.lib odbccp32.lib /MANIFEST /ManifestFile:"Debug\DM2126_Assignment01_142128G_OngSweeSeng.exe.intermediate.manifest" /MANIFESTUAC:"level='asInvoker' uiAccess='false'" /DEBUG /PDB:"C:\Users\User\Desktop\NYP\DM2126_Assignment01_142128G_OngSweeSeng\Debug\DM2126_Assignment01_142128G_OngSweeSeng.pdb" /SUBSYSTEM:CONSOLE /TLBID:1 /DYNAMICBASE /NXCOMPAT /IMPLIB:"C:\Users\User\Desktop\NYP\DM2126_Assignment01_142128G_OngSweeSeng\Debug\DM2126_Assignment01_142128G_OngSweeSeng.lib" /MACHINE:X86 Debug\DM2126_Assignment01_142128G_OngSweeSeng.exe.embed.manifest.res
         Debug\Bus.obj
         Debug\Car.obj
         Debug\Date.obj
         Debug\main.obj
         Debug\Vehicle.obj
       Manifest:
         c:\Program Files (x86)\Microsoft SDKs\Windows\v7.0A\bin\mt.exe /nologo /verbose /out:"Debug\DM2126_Assignment01_142128G_OngSweeSeng.exe.embed.manifest" /manifest Debug\DM2126_Assignment01_142128G_OngSweeSeng.exe.intermediate.manifest
         All outputs are up-to-date.
       LinkEmbedManifest:
         All outputs are up-to-date.
         DM2126_Assignment01_142128G_OngSweeSeng.vcxproj -> C:\Users\User\Desktop\NYP\DM2126_Assignment01_142128G_OngSweeSeng\Debug\DM2126_Assignment01_142128G_OngSweeSeng.exe
       FinalizeBuildStatus:
         Deleting file "Debug\DM2126_Assignment01_142128G_OngSweeSeng.unsuccessfulbuild".
         Touching "Debug\DM2126_Assignment01_142128G_OngSweeSeng.lastbuildstate".
     1>Done Building Project "C:\Users\User\Desktop\NYP\DM2126_Assignment01_142128G_OngSweeSeng\DM2126_Assignment01_142128G_OngSweeSeng\DM2126_Assignment01_142128G_OngSweeSeng.vcxproj" (build target(s)).

Build succeeded.

Time Elapsed 00:00:00.86
