  SceneGame.cpp
c:\users\ong\desktop\nyp\advance game development\y2s2_framework\base\source\Lua\Lua.h(138): warning C4800: 'int' : forcing value to bool 'true' or 'false' (performance warning)
c:\users\ong\desktop\nyp\advance game development\y2s2_framework\base\source\Lua\Lua.h(150): warning C4800: 'int' : forcing value to bool 'true' or 'false' (performance warning)
Source\SceneGame.cpp(193): warning C4305: 'argument' : truncation from 'double' to 'float'
Source\SceneGame.cpp(398): warning C4244: '+=' : conversion from 'double' to 'float', possible loss of data
Source\SceneGame.cpp(619): warning C4244: 'argument' : conversion from 'double' to 'float', possible loss of data
Source\SceneGame.cpp(766): warning C4244: 'argument' : conversion from 'double' to 'float', possible loss of data
Source\SceneGame.cpp(1098): warning C4244: 'argument' : conversion from 'double' to 'float', possible loss of data
Source\SceneGame.cpp(1099): warning C4244: 'argument' : conversion from 'double' to 'float', possible loss of data
Source\SceneGame.cpp(1100): warning C4244: 'argument' : conversion from 'double' to 'float', possible loss of data
Source\SceneGame.cpp(1105): warning C4244: 'argument' : conversion from 'double' to 'float', possible loss of data
Source\SceneGame.cpp(1106): warning C4244: 'argument' : conversion from 'double' to 'float', possible loss of data
Source\SceneGame.cpp(1107): warning C4244: 'argument' : conversion from 'double' to 'float', possible loss of data
Source\SceneGame.cpp(1216): warning C4244: '=' : conversion from 'double' to 'float', possible loss of data
Source\SceneGame.cpp(1217): warning C4244: '=' : conversion from 'double' to 'float', possible loss of data
Source\SceneGame.cpp(1378): warning C4244: 'argument' : conversion from 'double' to 'float', possible loss of data
Source\SceneGame.cpp(1379): warning C4244: 'argument' : conversion from 'int' to 'float', possible loss of data
Source\SceneGame.cpp(1643): warning C4244: '-=' : conversion from 'double' to 'float', possible loss of data
Source\SceneGame.cpp(1647): warning C4244: '+=' : conversion from 'double' to 'float', possible loss of data
Source\SceneGame.cpp(1652): warning C4244: '-=' : conversion from 'double' to 'float', possible loss of data
Source\SceneGame.cpp(1656): warning C4244: '+=' : conversion from 'double' to 'float', possible loss of data
Source\SceneGame.cpp(1749): warning C4244: 'argument' : conversion from 'double' to 'float', possible loss of data
Source\SceneGame.cpp(1770): warning C4244: '-=' : conversion from 'double' to 'float', possible loss of data
Source\SceneGame.cpp(1771): warning C4244: '-=' : conversion from 'double' to 'float', possible loss of data
Source\SceneGame.cpp(1782): warning C4244: '-=' : conversion from 'double' to 'float', possible loss of data
Source\SceneGame.cpp(1783): warning C4244: '-=' : conversion from 'double' to 'float', possible loss of data
Source\SceneGame.cpp(1793): warning C4244: '-=' : conversion from 'double' to 'float', possible loss of data
Source\SceneGame.cpp(1794): warning C4244: '-=' : conversion from 'double' to 'float', possible loss of data
Source\SceneGame.cpp(1804): warning C4244: '-=' : conversion from 'double' to 'float', possible loss of data
Source\SceneGame.cpp(1805): warning C4244: '-=' : conversion from 'double' to 'float', possible loss of data
Source\SceneGame.cpp(1815): warning C4244: '-=' : conversion from 'double' to 'float', possible loss of data
Source\SceneGame.cpp(1816): warning C4244: '-=' : conversion from 'double' to 'float', possible loss of data
Source\SceneGame.cpp(1850): warning C4244: '-=' : conversion from 'double' to 'float', possible loss of data
Source\SceneGame.cpp(1851): warning C4244: '-=' : conversion from 'double' to 'float', possible loss of data
Source\SceneGame.cpp(1930): warning C4244: 'argument' : conversion from 'const double' to 'const float', possible loss of data
Source\SceneGame.cpp(1936): warning C4244: 'argument' : conversion from 'const double' to 'const float', possible loss of data
Source\SceneGame.cpp(1941): warning C4244: 'argument' : conversion from 'const double' to 'const float', possible loss of data
Source\SceneGame.cpp(1947): warning C4244: 'argument' : conversion from 'const double' to 'const float', possible loss of data
Source\SceneGame.cpp(1954): warning C4244: 'argument' : conversion from 'const double' to 'const float', possible loss of data
Source\SceneGame.cpp(1983): warning C4244: 'argument' : conversion from 'double' to 'float', possible loss of data
Source\SceneGame.cpp(1991): warning C4244: 'initializing' : conversion from 'int' to 'float', possible loss of data
Source\SceneGame.cpp(2000): warning C4244: 'argument' : conversion from 'double' to 'float', possible loss of data
Source\SceneGame.cpp(2009): warning C4244: 'argument' : conversion from 'double' to 'float', possible loss of data
Source\SceneGame.cpp(2010): warning C4244: 'argument' : conversion from 'double' to 'float', possible loss of data
Source\SceneGame.cpp(2010): warning C4244: 'argument' : conversion from 'int' to 'float', possible loss of data
Source\SceneGame.cpp(2155): warning C4244: '=' : conversion from 'float' to 'int', possible loss of data
Source\SceneGame.cpp(2217): warning C4018: '<' : signed/unsigned mismatch
D:\VS 2013\VC\include\memory(1639): warning C4244: 'argument' : conversion from 'float' to 'int', possible loss of data
          Source\SceneGame.cpp(279) : see reference to function template instantiation 'std::unique_ptr<Grid,std::default_delete<_Ty>> std::make_unique<Grid,float&,float&,int&>(float &,float &,int &)' being compiled
          with
          [
              _Ty=Grid
          ]
  Generating code
  Finished generating code
  Base.vcxproj -> C:\Users\Ong\Desktop\NYP\Advance Game Development\Y2S2_Framework\Release\Base.exe
