c:\users\142128g\desktop\nyp\advance game development\y2s2_framework\base\release\meshbuilder.obj
c:\users\142128g\desktop\nyp\advance game development\y2s2_framework\base\release\mesh.obj
c:\users\142128g\desktop\nyp\advance game development\y2s2_framework\base\release\menustate.obj
c:\users\142128g\desktop\nyp\advance game development\y2s2_framework\base\release\maploader.obj
c:\users\142128g\desktop\nyp\advance game development\y2s2_framework\base\release\map.obj
c:\users\142128g\desktop\nyp\advance game development\y2s2_framework\base\release\main.obj
c:\users\142128g\desktop\nyp\advance game development\y2s2_framework\base\release\loadtga.obj
c:\users\142128g\desktop\nyp\advance game development\y2s2_framework\base\release\loadobj.obj
c:\users\142128g\desktop\nyp\advance game development\y2s2_framework\base\release\introstate.obj
c:\users\142128g\desktop\nyp\advance game development\y2s2_framework\base\release\goodiesfactory.obj
c:\users\142128g\desktop\nyp\advance game development\y2s2_framework\base\release\goodies.obj
c:\users\142128g\desktop\nyp\advance game development\y2s2_framework\base\release\gamestatemanager.obj
c:\users\142128g\desktop\nyp\advance game development\y2s2_framework\base\release\playinfo3pv.obj
c:\users\142128g\desktop\nyp\advance game development\y2s2_framework\base\release\gameobject.obj
c:\users\142128g\desktop\nyp\advance game development\y2s2_framework\base\release\bullet.obj
c:\users\142128g\desktop\nyp\advance game development\y2s2_framework\base\release\ai.obj
c:\users\142128g\desktop\nyp\advance game development\y2s2_framework\base\release\enemy.obj
c:\users\142128g\desktop\nyp\advance game development\y2s2_framework\base\release\camera3.obj
c:\users\142128g\desktop\nyp\advance game development\y2s2_framework\base\release\camera.obj
c:\users\142128g\desktop\nyp\advance game development\y2s2_framework\base\release\application.obj
c:\users\142128g\desktop\nyp\advance game development\y2s2_framework\base\release\strategy_kill.obj
c:\users\142128g\desktop\nyp\advance game development\y2s2_framework\base\release\strategy.obj
c:\users\142128g\desktop\nyp\advance game development\y2s2_framework\base\release\unit.obj
c:\users\142128g\desktop\nyp\advance game development\y2s2_framework\base\release\sp_grid.obj
c:\users\142128g\desktop\nyp\advance game development\y2s2_framework\base\release\spatialpartition.obj
c:\users\142128g\desktop\nyp\advance game development\y2s2_framework\base\release\grid.obj
c:\users\142128g\desktop\nyp\advance game development\y2s2_framework\base\release\sound.obj
c:\users\142128g\desktop\nyp\advance game development\y2s2_framework\base\release\shader.obj
c:\users\142128g\desktop\nyp\advance game development\y2s2_framework\base\release\scenesplashscreen.obj
c:\users\142128g\desktop\nyp\advance game development\y2s2_framework\base\release\scenemenu.obj
c:\users\142128g\desktop\nyp\advance game development\y2s2_framework\base\release\scenemanager2d.obj
c:\users\142128g\desktop\nyp\advance game development\y2s2_framework\base\release\transform.obj
c:\users\142128g\desktop\nyp\advance game development\y2s2_framework\base\release\scenenode.obj
c:\users\142128g\desktop\nyp\advance game development\y2s2_framework\base\release\node.obj
c:\users\142128g\desktop\nyp\advance game development\y2s2_framework\base\release\model.obj
c:\users\142128g\desktop\nyp\advance game development\y2s2_framework\base\release\scenegame.obj
c:\users\142128g\desktop\nyp\advance game development\y2s2_framework\base\release\playstate.obj
c:\users\142128g\desktop\nyp\advance game development\y2s2_framework\base\release\playerinfo.obj
c:\users\142128g\desktop\nyp\advance game development\y2s2_framework\base\release\particle.obj
c:\users\142128g\desktop\nyp\advance game development\y2s2_framework\base\release\minimap.obj
c:\users\142128g\desktop\nyp\advance game development\y2s2_framework\base\release\utility.obj
c:\users\142128g\desktop\nyp\advance game development\y2s2_framework\base\release\treasurechest.obj
c:\users\142128g\desktop\nyp\advance game development\y2s2_framework\base\release\text.obj
c:\users\142128g\desktop\nyp\advance game development\y2s2_framework\base\release\loadhmap.obj
c:\users\142128g\desktop\nyp\advance game development\y2s2_framework\base\release\vc100.pdb
c:\users\142128g\desktop\nyp\advance game development\y2s2_framework\base\release\worldobj.obj
c:\users\142128g\desktop\nyp\advance game development\y2s2_framework\base\release\camerass.obj
c:\users\142128g\desktop\nyp\advance game development\y2s2_framework\release\base.exe
c:\users\142128g\desktop\nyp\advance game development\y2s2_framework\base\release\base.exe.intermediate.manifest
c:\users\142128g\desktop\nyp\advance game development\y2s2_framework\release\base.pdb
c:\users\ong\desktop\nyp\advance game development\y2s2_framework\base\release\vc120.pdb
c:\users\ong\desktop\nyp\advance game development\y2s2_framework\base\release\shader.obj
c:\users\ong\desktop\nyp\advance game development\y2s2_framework\base\release\model.obj
c:\users\ong\desktop\nyp\advance game development\y2s2_framework\base\release\mesh.obj
c:\users\ong\desktop\nyp\advance game development\y2s2_framework\base\release\map.obj
c:\users\ong\desktop\nyp\advance game development\y2s2_framework\base\release\loadobj.obj
c:\users\ong\desktop\nyp\advance game development\y2s2_framework\base\release\enemy.obj
c:\users\ong\desktop\nyp\advance game development\y2s2_framework\base\release\maploader.obj
c:\users\ong\desktop\nyp\advance game development\y2s2_framework\base\release\main.obj
c:\users\ong\desktop\nyp\advance game development\y2s2_framework\base\release\lua.obj
c:\users\ong\desktop\nyp\advance game development\y2s2_framework\base\release\loadtga.obj
c:\users\ong\desktop\nyp\advance game development\y2s2_framework\base\release\introstate.obj
c:\users\ong\desktop\nyp\advance game development\y2s2_framework\base\release\goodiesfactory.obj
c:\users\ong\desktop\nyp\advance game development\y2s2_framework\base\release\goodies.obj
c:\users\ong\desktop\nyp\advance game development\y2s2_framework\base\release\gamestatemanager.obj
c:\users\ong\desktop\nyp\advance game development\y2s2_framework\base\release\worldobj.obj
c:\users\ong\desktop\nyp\advance game development\y2s2_framework\base\release\playinfo3pv.obj
c:\users\ong\desktop\nyp\advance game development\y2s2_framework\base\release\gameobject.obj
c:\users\ong\desktop\nyp\advance game development\y2s2_framework\base\release\bullet.obj
c:\users\ong\desktop\nyp\advance game development\y2s2_framework\base\release\ai.obj
c:\users\ong\desktop\nyp\advance game development\y2s2_framework\base\release\camerass.obj
c:\users\ong\desktop\nyp\advance game development\y2s2_framework\base\release\camera3.obj
c:\users\ong\desktop\nyp\advance game development\y2s2_framework\base\release\camera.obj
c:\users\ong\desktop\nyp\advance game development\y2s2_framework\base\release\application.obj
c:\users\ong\desktop\nyp\advance game development\y2s2_framework\base\release\strategy.obj
c:\users\ong\desktop\nyp\advance game development\y2s2_framework\base\release\unit.obj
c:\users\ong\desktop\nyp\advance game development\y2s2_framework\base\release\sp_grid.obj
c:\users\ong\desktop\nyp\advance game development\y2s2_framework\base\release\sound.obj
c:\users\ong\desktop\nyp\advance game development\y2s2_framework\base\release\scenesplashscreen.obj
c:\users\ong\desktop\nyp\advance game development\y2s2_framework\base\release\scenemenu.obj
c:\users\ong\desktop\nyp\advance game development\y2s2_framework\base\release\scenemanager2d.obj
c:\users\ong\desktop\nyp\advance game development\y2s2_framework\base\release\transform.obj
c:\users\ong\desktop\nyp\advance game development\y2s2_framework\base\release\scenenode.obj
c:\users\ong\desktop\nyp\advance game development\y2s2_framework\base\release\node.obj
c:\users\ong\desktop\nyp\advance game development\y2s2_framework\base\release\scenegame.obj
c:\users\ong\desktop\nyp\advance game development\y2s2_framework\base\release\playstate.obj
c:\users\ong\desktop\nyp\advance game development\y2s2_framework\base\release\playerinfo.obj
c:\users\ong\desktop\nyp\advance game development\y2s2_framework\base\release\particle.obj
c:\users\ong\desktop\nyp\advance game development\y2s2_framework\base\release\minimap.obj
c:\users\ong\desktop\nyp\advance game development\y2s2_framework\base\release\meshbuilder.obj
c:\users\ong\desktop\nyp\advance game development\y2s2_framework\base\release\menustate.obj
c:\users\ong\desktop\nyp\advance game development\y2s2_framework\base\release\utility.obj
c:\users\ong\desktop\nyp\advance game development\y2s2_framework\base\release\treasurechest.obj
c:\users\ong\desktop\nyp\advance game development\y2s2_framework\base\release\text.obj
c:\users\ong\desktop\nyp\advance game development\y2s2_framework\base\release\loadhmap.obj
c:\users\ong\desktop\nyp\advance game development\y2s2_framework\base\release\strategy_kill.obj
c:\users\ong\desktop\nyp\advance game development\y2s2_framework\base\release\grid.obj
c:\users\ong\desktop\nyp\advance game development\y2s2_framework\base\release\spatialpartition.obj
c:\users\ong\desktop\nyp\advance game development\y2s2_framework\base\release\base.write.1.tlog
c:\users\ong\desktop\nyp\advance game development\y2s2_framework\base\release\cl.command.1.tlog
c:\users\ong\desktop\nyp\advance game development\y2s2_framework\base\release\cl.read.1.tlog
c:\users\ong\desktop\nyp\advance game development\y2s2_framework\base\release\cl.write.1.tlog
c:\users\ong\desktop\nyp\advance game development\y2s2_framework\base\release\link.command.1.tlog
c:\users\ong\desktop\nyp\advance game development\y2s2_framework\base\release\link.read.1.tlog
c:\users\ong\desktop\nyp\advance game development\y2s2_framework\base\release\link.write.1.tlog
c:\users\ong\desktop\nyp\advance game development\y2s2_framework\base\release\mt.command.1.tlog
c:\users\ong\desktop\nyp\advance game development\y2s2_framework\base\release\mt.read.1.tlog
c:\users\ong\desktop\nyp\advance game development\y2s2_framework\base\release\mt.write.1.tlog
c:\users\ong\desktop\nyp\advance game development\y2s2_framework\base\release\base.exe.intermediate.manifest
c:\users\ong\desktop\nyp\advance game development\y2s2_framework\base\release\vc100.pdb
c:\users\ong\desktop\nyp\advance game development\y2s2_framework\release\base.pdb
c:\users\ong\desktop\nyp\advance game development\y2s2_framework\base\release\base.tlog\cl.command.1.tlog
c:\users\ong\desktop\nyp\advance game development\y2s2_framework\base\release\base.tlog\cl.read.1.tlog
c:\users\ong\desktop\nyp\advance game development\y2s2_framework\base\release\base.tlog\cl.write.1.tlog
c:\users\ong\desktop\nyp\advance game development\y2s2_framework\base\release\base.tlog\link.command.1.tlog
c:\users\ong\desktop\nyp\advance game development\y2s2_framework\base\release\base.tlog\link.read.1.tlog
c:\users\ong\desktop\nyp\advance game development\y2s2_framework\base\release\base.tlog\link.write.1.tlog
