Build started 1/5/2015 5:53:36 PM.
     1>Project "C:\Users\Ong\Desktop\NYP\DM2231_Framework\Base\Base.vcxproj" on node 2 (build target(s)).
     1>InitializeBuildStatus:
         Creating "Release\Base.unsuccessfulbuild" because "AlwaysCreate" was specified.
       ClCompile:
         c:\Program Files (x86)\Microsoft Visual Studio 10.0\VC\bin\CL.exe /c /IC:\Users\Ong\Desktop\NYP\DM2231_Framework\/Common/Source /IC:\Users\Ong\Desktop\NYP\DM2231_Framework\/glew/include /IC:\Users\Ong\Desktop\NYP\DM2231_Framework\/glfw/include /I"D:\Visual Leak Detector\include" /Zi /nologo /W3 /WX- /O2 /Oi /Oy- /GL /D _VARIADIC_MAX=10 /D WIN32 /D NDEBUG /D _CONSOLE /D _UNICODE /D UNICODE /Gm- /EHsc /MD /GS /Gy /fp:precise /Zc:wchar_t /Zc:forScope /Fo"Release\\" /Fd"Release\vc100.pdb" /Gd /TP /analyze- /errorReport:prompt Source\SceneText.cpp
         SceneText.cpp
       Link:
         c:\Program Files (x86)\Microsoft Visual Studio 10.0\VC\bin\link.exe /ERRORREPORT:PROMPT /OUT:"C:\Users\Ong\Desktop\NYP\DM2231_Framework\Release\Base.exe" /INCREMENTAL:NO /NOLOGO /LIBPATH:C:\Users\Ong\Desktop\NYP\DM2231_Framework\Release /LIBPATH:"C:\Users\Ong\Desktop\NYP\DM2231_Framework\/glfw/lib-msvc100" /LIBPATH:C:\Users\Ong\Desktop\NYP\DM2231_Framework\/glew/lib /LIBPATH:"D:\Visual Leak Detector\lib\Win32" Common.lib winmm.lib opengl32.lib glu32.lib glew32.lib glfw3.lib kernel32.lib user32.lib gdi32.lib winspool.lib comdlg32.lib advapi32.lib shell32.lib ole32.lib oleaut32.lib uuid.lib odbc32.lib odbccp32.lib /MANIFEST /ManifestFile:"Release\Base.exe.intermediate.manifest" /MANIFESTUAC:"level='asInvoker' uiAccess='false'" /DEBUG /PDB:"C:\Users\Ong\Desktop\NYP\DM2231_Framework\Release\Base.pdb" /SUBSYSTEM:CONSOLE /OPT:REF /OPT:ICF /LTCG /TLBID:1 /DYNAMICBASE /NXCOMPAT /IMPLIB:"C:\Users\Ong\Desktop\NYP\DM2231_Framework\Release\Base.lib" /MACHINE:X86 Release\Ammo.obj
         Release\Application.obj
         Release\Camera.obj
         Release\Camera2.obj
         Release\Camera3.obj
         Release\Enemy.obj
         Release\GenerateSkyPlane.obj
         Release\LoadOBJ.obj
         Release\LoadTGA.obj
         Release\main.obj
         Release\Mesh.obj
         Release\MeshBuilder.obj
         Release\PistolClass.obj
         Release\SceneSkybox.obj
         Release\SceneText.obj
         Release\SceneTexture.obj
         Release\shader.obj
         Release\SMGClass.obj
         Release\SniperClass.obj
         Release\SwordClass.obj
         Release\TestingBaseClass.obj
         Release\TestingDerivedClass.obj
         Release\Utility.obj
         Release\Weapon.obj
         Generating code
         Finished generating code
         Base.vcxproj -> C:\Users\Ong\Desktop\NYP\DM2231_Framework\Release\Base.exe
       Manifest:
         c:\Program Files (x86)\Microsoft SDKs\Windows\v7.0A\bin\mt.exe /nologo /verbose /outputresource:"C:\Users\Ong\Desktop\NYP\DM2231_Framework\Release\Base.exe;#1" /manifest Release\Base.exe.intermediate.manifest
       FinalizeBuildStatus:
         Deleting file "Release\Base.unsuccessfulbuild".
         Touching "Release\Base.lastbuildstate".
     1>Done Building Project "C:\Users\Ong\Desktop\NYP\DM2231_Framework\Base\Base.vcxproj" (build target(s)).

Build succeeded.

Time Elapsed 00:00:05.97
