Build started 7/1/2015 12:34:56 AM.
     1>Project "C:\Users\User\Desktop\NYP\Graphics\Application\Application.vcxproj" on node 2 (build target(s)).
     1>InitializeBuildStatus:
         Touching "Release\Application.unsuccessfulbuild".
       ClCompile:
         C:\Program Files (x86)\Microsoft Visual Studio 10.0\VC\bin\CL.exe /c /IC:\Users\User\Desktop\NYP\Graphics\\glew\include /IC:\Users\User\Desktop\NYP\Graphics\\glfw\include /IC:\Users\User\Desktop\NYP\Graphics\\Common\Source /Zi /nologo /W3 /WX- /O2 /Oi /Oy- /GL /D WIN32 /D NDEBUG /D _CONSOLE /D _UNICODE /D UNICODE /Gm- /EHsc /MD /GS /Gy /fp:precise /Zc:wchar_t /Zc:forScope /Fo"Release\\" /Fd"Release\vc100.pdb" /Gd /TP /analyze- /errorReport:prompt ..\Common\Source\MatrixStack.cpp ..\Common\Source\Mtx44.cpp ..\Common\Source\timer.cpp ..\Common\Source\Vector3.cpp Source\Application.cpp Source\Camera.cpp Source\Camera2.cpp Source\GameOfLife.cpp Source\LoadTGA.cpp Source\main.cpp Source\Mesh.cpp Source\MeshBuilder.cpp Source\Scene1.cpp Source\Scene2.cpp Source\Scene3.cpp Source\Scene4.cpp Source\Scene5.cpp Source\SceneLight.cpp Source\SceneLight2.cpp Source\SceneTexture.cpp Source\shader.cpp Source\Utility.cpp
         MatrixStack.cpp
         Mtx44.cpp
         timer.cpp
         Vector3.cpp
         Application.cpp
         Camera.cpp
         Camera2.cpp
         GameOfLife.cpp
     1>Source\GameOfLife.cpp(92): warning C4305: 'argument' : truncation from 'double' to 'float'
     1>Source\GameOfLife.cpp(92): warning C4305: 'argument' : truncation from 'double' to 'float'
     1>Source\GameOfLife.cpp(92): warning C4305: 'argument' : truncation from 'double' to 'float'
     1>Source\GameOfLife.cpp(93): warning C4305: 'argument' : truncation from 'double' to 'float'
     1>Source\GameOfLife.cpp(95): warning C4305: 'argument' : truncation from 'double' to 'float'
     1>Source\GameOfLife.cpp(95): warning C4305: 'argument' : truncation from 'double' to 'float'
     1>Source\GameOfLife.cpp(95): warning C4305: 'argument' : truncation from 'double' to 'float'
     1>Source\GameOfLife.cpp(104): warning C4305: 'argument' : truncation from 'double' to 'float'
     1>Source\GameOfLife.cpp(104): warning C4305: 'argument' : truncation from 'double' to 'float'
     1>Source\GameOfLife.cpp(104): warning C4305: 'argument' : truncation from 'double' to 'float'
     1>Source\GameOfLife.cpp(105): warning C4305: 'argument' : truncation from 'double' to 'float'
     1>Source\GameOfLife.cpp(107): warning C4305: 'argument' : truncation from 'double' to 'float'
     1>Source\GameOfLife.cpp(128): warning C4305: 'argument' : truncation from 'double' to 'float'
     1>Source\GameOfLife.cpp(128): warning C4305: 'argument' : truncation from 'double' to 'float'
     1>Source\GameOfLife.cpp(128): warning C4305: 'argument' : truncation from 'double' to 'float'
     1>Source\GameOfLife.cpp(129): warning C4305: 'argument' : truncation from 'double' to 'float'
     1>Source\GameOfLife.cpp(131): warning C4305: 'argument' : truncation from 'double' to 'float'
     1>Source\GameOfLife.cpp(131): warning C4305: 'argument' : truncation from 'double' to 'float'
     1>Source\GameOfLife.cpp(131): warning C4305: 'argument' : truncation from 'double' to 'float'
     1>Source\GameOfLife.cpp(134): warning C4305: 'argument' : truncation from 'double' to 'float'
     1>Source\GameOfLife.cpp(134): warning C4305: 'argument' : truncation from 'double' to 'float'
     1>Source\GameOfLife.cpp(134): warning C4305: 'argument' : truncation from 'double' to 'float'
     1>Source\GameOfLife.cpp(147): warning C4305: 'argument' : truncation from 'double' to 'float'
     1>Source\GameOfLife.cpp(147): warning C4305: 'argument' : truncation from 'double' to 'float'
     1>Source\GameOfLife.cpp(147): warning C4305: 'argument' : truncation from 'double' to 'float'
     1>Source\GameOfLife.cpp(148): warning C4305: 'argument' : truncation from 'double' to 'float'
     1>Source\GameOfLife.cpp(148): warning C4305: 'argument' : truncation from 'double' to 'float'
     1>Source\GameOfLife.cpp(148): warning C4305: 'argument' : truncation from 'double' to 'float'
     1>Source\GameOfLife.cpp(150): warning C4305: 'argument' : truncation from 'double' to 'float'
     1>Source\GameOfLife.cpp(150): warning C4305: 'argument' : truncation from 'double' to 'float'
     1>Source\GameOfLife.cpp(150): warning C4305: 'argument' : truncation from 'double' to 'float'
     1>Source\GameOfLife.cpp(153): warning C4305: 'argument' : truncation from 'double' to 'float'
     1>Source\GameOfLife.cpp(153): warning C4305: 'argument' : truncation from 'double' to 'float'
     1>Source\GameOfLife.cpp(153): warning C4305: 'argument' : truncation from 'double' to 'float'
     1>Source\GameOfLife.cpp(154): warning C4305: 'argument' : truncation from 'double' to 'float'
     1>Source\GameOfLife.cpp(156): warning C4305: 'argument' : truncation from 'double' to 'float'
     1>Source\GameOfLife.cpp(156): warning C4305: 'argument' : truncation from 'double' to 'float'
     1>Source\GameOfLife.cpp(156): warning C4305: 'argument' : truncation from 'double' to 'float'
     1>Source\GameOfLife.cpp(159): warning C4305: 'argument' : truncation from 'double' to 'float'
     1>Source\GameOfLife.cpp(159): warning C4305: 'argument' : truncation from 'double' to 'float'
     1>Source\GameOfLife.cpp(159): warning C4305: 'argument' : truncation from 'double' to 'float'
     1>Source\GameOfLife.cpp(160): warning C4305: 'argument' : truncation from 'double' to 'float'
     1>Source\GameOfLife.cpp(162): warning C4305: 'argument' : truncation from 'double' to 'float'
     1>Source\GameOfLife.cpp(162): warning C4305: 'argument' : truncation from 'double' to 'float'
     1>Source\GameOfLife.cpp(162): warning C4305: 'argument' : truncation from 'double' to 'float'
     1>Source\GameOfLife.cpp(172): warning C4305: 'argument' : truncation from 'double' to 'float'
     1>Source\GameOfLife.cpp(172): warning C4305: 'argument' : truncation from 'double' to 'float'
     1>Source\GameOfLife.cpp(172): warning C4305: 'argument' : truncation from 'double' to 'float'
     1>Source\GameOfLife.cpp(173): warning C4305: 'argument' : truncation from 'double' to 'float'
     1>Source\GameOfLife.cpp(173): warning C4305: 'argument' : truncation from 'double' to 'float'
     1>Source\GameOfLife.cpp(173): warning C4305: 'argument' : truncation from 'double' to 'float'
     1>Source\GameOfLife.cpp(175): warning C4305: 'argument' : truncation from 'double' to 'float'
     1>Source\GameOfLife.cpp(175): warning C4305: 'argument' : truncation from 'double' to 'float'
     1>Source\GameOfLife.cpp(175): warning C4305: 'argument' : truncation from 'double' to 'float'
     1>Source\GameOfLife.cpp(178): warning C4305: 'argument' : truncation from 'double' to 'float'
     1>Source\GameOfLife.cpp(178): warning C4305: 'argument' : truncation from 'double' to 'float'
     1>Source\GameOfLife.cpp(178): warning C4305: 'argument' : truncation from 'double' to 'float'
     1>Source\GameOfLife.cpp(179): warning C4305: 'argument' : truncation from 'double' to 'float'
     1>Source\GameOfLife.cpp(181): warning C4305: 'argument' : truncation from 'double' to 'float'
     1>Source\GameOfLife.cpp(181): warning C4305: 'argument' : truncation from 'double' to 'float'
     1>Source\GameOfLife.cpp(181): warning C4305: 'argument' : truncation from 'double' to 'float'
     1>Source\GameOfLife.cpp(184): warning C4305: 'argument' : truncation from 'double' to 'float'
     1>Source\GameOfLife.cpp(184): warning C4305: 'argument' : truncation from 'double' to 'float'
     1>Source\GameOfLife.cpp(184): warning C4305: 'argument' : truncation from 'double' to 'float'
     1>Source\GameOfLife.cpp(185): warning C4305: 'argument' : truncation from 'double' to 'float'
     1>Source\GameOfLife.cpp(185): warning C4305: 'argument' : truncation from 'double' to 'float'
     1>Source\GameOfLife.cpp(185): warning C4305: 'argument' : truncation from 'double' to 'float'
     1>Source\GameOfLife.cpp(187): warning C4305: 'argument' : truncation from 'double' to 'float'
     1>Source\GameOfLife.cpp(187): warning C4305: 'argument' : truncation from 'double' to 'float'
     1>Source\GameOfLife.cpp(187): warning C4305: 'argument' : truncation from 'double' to 'float'
     1>Source\GameOfLife.cpp(190): warning C4305: 'argument' : truncation from 'double' to 'float'
     1>Source\GameOfLife.cpp(196): warning C4244: 'argument' : conversion from 'float' to 'unsigned int', possible loss of data
         LoadTGA.cpp
         main.cpp
         Mesh.cpp
         MeshBuilder.cpp
         Scene1.cpp
         Scene2.cpp
     1>Source\Scene2.cpp(264): warning C4244: '=' : conversion from 'int' to 'float', possible loss of data
     1>Source\Scene2.cpp(269): warning C4244: '=' : conversion from 'int' to 'float', possible loss of data
         Scene3.cpp
         Scene4.cpp
     1>Source\Scene4.cpp(62): warning C4305: 'argument' : truncation from 'double' to 'float'
     1>Source\Scene4.cpp(62): warning C4305: 'argument' : truncation from 'double' to 'float'
     1>Source\Scene4.cpp(62): warning C4305: 'argument' : truncation from 'double' to 'float'
     1>Source\Scene4.cpp(63): warning C4305: 'argument' : truncation from 'double' to 'float'
     1>Source\Scene4.cpp(63): warning C4305: 'argument' : truncation from 'double' to 'float'
     1>Source\Scene4.cpp(64): warning C4305: 'argument' : truncation from 'double' to 'float'
     1>Source\Scene4.cpp(64): warning C4305: 'argument' : truncation from 'double' to 'float'
     1>Source\Scene4.cpp(64): warning C4305: 'argument' : truncation from 'double' to 'float'
     1>Source\Scene4.cpp(65): warning C4305: 'argument' : truncation from 'double' to 'float'
     1>Source\Scene4.cpp(66): warning C4305: 'argument' : truncation from 'double' to 'float'
     1>Source\Scene4.cpp(66): warning C4305: 'argument' : truncation from 'double' to 'float'
     1>Source\Scene4.cpp(67): warning C4305: 'argument' : truncation from 'double' to 'float'
     1>Source\Scene4.cpp(67): warning C4305: 'argument' : truncation from 'double' to 'float'
     1>Source\Scene4.cpp(68): warning C4305: 'argument' : truncation from 'double' to 'float'
     1>Source\Scene4.cpp(68): warning C4305: 'argument' : truncation from 'double' to 'float'
     1>Source\Scene4.cpp(170): warning C4305: 'argument' : truncation from 'double' to 'float'
     1>Source\Scene4.cpp(170): warning C4305: 'argument' : truncation from 'double' to 'float'
     1>Source\Scene4.cpp(170): warning C4305: 'argument' : truncation from 'double' to 'float'
         Scene5.cpp
     1>Source\Scene5.cpp(62): warning C4305: 'argument' : truncation from 'double' to 'float'
     1>Source\Scene5.cpp(62): warning C4305: 'argument' : truncation from 'double' to 'float'
     1>Source\Scene5.cpp(62): warning C4305: 'argument' : truncation from 'double' to 'float'
     1>Source\Scene5.cpp(63): warning C4305: 'argument' : truncation from 'double' to 'float'
     1>Source\Scene5.cpp(63): warning C4305: 'argument' : truncation from 'double' to 'float'
     1>Source\Scene5.cpp(64): warning C4305: 'argument' : truncation from 'double' to 'float'
     1>Source\Scene5.cpp(64): warning C4305: 'argument' : truncation from 'double' to 'float'
     1>Source\Scene5.cpp(64): warning C4305: 'argument' : truncation from 'double' to 'float'
     1>Source\Scene5.cpp(65): warning C4305: 'argument' : truncation from 'double' to 'float'
     1>Source\Scene5.cpp(66): warning C4305: 'argument' : truncation from 'double' to 'float'
     1>Source\Scene5.cpp(66): warning C4305: 'argument' : truncation from 'double' to 'float'
     1>Source\Scene5.cpp(67): warning C4305: 'argument' : truncation from 'double' to 'float'
     1>Source\Scene5.cpp(67): warning C4305: 'argument' : truncation from 'double' to 'float'
     1>Source\Scene5.cpp(68): warning C4305: 'argument' : truncation from 'double' to 'float'
     1>Source\Scene5.cpp(68): warning C4305: 'argument' : truncation from 'double' to 'float'
     1>Source\Scene5.cpp(170): warning C4305: 'argument' : truncation from 'double' to 'float'
     1>Source\Scene5.cpp(170): warning C4305: 'argument' : truncation from 'double' to 'float'
     1>Source\Scene5.cpp(170): warning C4305: 'argument' : truncation from 'double' to 'float'
         SceneLight.cpp
     1>Source\SceneLight.cpp(95): warning C4305: '=' : truncation from 'double' to 'float'
     1>Source\SceneLight.cpp(128): warning C4305: 'argument' : truncation from 'double' to 'float'
     1>Source\SceneLight.cpp(128): warning C4305: 'argument' : truncation from 'double' to 'float'
     1>Source\SceneLight.cpp(128): warning C4305: 'argument' : truncation from 'double' to 'float'
     1>Source\SceneLight.cpp(129): warning C4305: 'argument' : truncation from 'double' to 'float'
     1>Source\SceneLight.cpp(131): warning C4305: 'argument' : truncation from 'double' to 'float'
     1>Source\SceneLight.cpp(131): warning C4305: 'argument' : truncation from 'double' to 'float'
     1>Source\SceneLight.cpp(131): warning C4305: 'argument' : truncation from 'double' to 'float'
     1>Source\SceneLight.cpp(140): warning C4305: 'argument' : truncation from 'double' to 'float'
     1>Source\SceneLight.cpp(140): warning C4305: 'argument' : truncation from 'double' to 'float'
     1>Source\SceneLight.cpp(140): warning C4305: 'argument' : truncation from 'double' to 'float'
     1>Source\SceneLight.cpp(141): warning C4305: 'argument' : truncation from 'double' to 'float'
     1>Source\SceneLight.cpp(143): warning C4305: 'argument' : truncation from 'double' to 'float'
     1>Source\SceneLight.cpp(164): warning C4305: 'argument' : truncation from 'double' to 'float'
     1>Source\SceneLight.cpp(164): warning C4305: 'argument' : truncation from 'double' to 'float'
     1>Source\SceneLight.cpp(164): warning C4305: 'argument' : truncation from 'double' to 'float'
     1>Source\SceneLight.cpp(165): warning C4305: 'argument' : truncation from 'double' to 'float'
     1>Source\SceneLight.cpp(167): warning C4305: 'argument' : truncation from 'double' to 'float'
     1>Source\SceneLight.cpp(167): warning C4305: 'argument' : truncation from 'double' to 'float'
     1>Source\SceneLight.cpp(167): warning C4305: 'argument' : truncation from 'double' to 'float'
     1>Source\SceneLight.cpp(170): warning C4305: 'argument' : truncation from 'double' to 'float'
     1>Source\SceneLight.cpp(170): warning C4305: 'argument' : truncation from 'double' to 'float'
     1>Source\SceneLight.cpp(170): warning C4305: 'argument' : truncation from 'double' to 'float'
     1>Source\SceneLight.cpp(183): warning C4305: 'argument' : truncation from 'double' to 'float'
     1>Source\SceneLight.cpp(183): warning C4305: 'argument' : truncation from 'double' to 'float'
     1>Source\SceneLight.cpp(183): warning C4305: 'argument' : truncation from 'double' to 'float'
     1>Source\SceneLight.cpp(184): warning C4305: 'argument' : truncation from 'double' to 'float'
     1>Source\SceneLight.cpp(184): warning C4305: 'argument' : truncation from 'double' to 'float'
     1>Source\SceneLight.cpp(184): warning C4305: 'argument' : truncation from 'double' to 'float'
     1>Source\SceneLight.cpp(186): warning C4305: 'argument' : truncation from 'double' to 'float'
     1>Source\SceneLight.cpp(186): warning C4305: 'argument' : truncation from 'double' to 'float'
     1>Source\SceneLight.cpp(186): warning C4305: 'argument' : truncation from 'double' to 'float'
     1>Source\SceneLight.cpp(189): warning C4305: 'argument' : truncation from 'double' to 'float'
     1>Source\SceneLight.cpp(189): warning C4305: 'argument' : truncation from 'double' to 'float'
     1>Source\SceneLight.cpp(189): warning C4305: 'argument' : truncation from 'double' to 'float'
     1>Source\SceneLight.cpp(190): warning C4305: 'argument' : truncation from 'double' to 'float'
     1>Source\SceneLight.cpp(192): warning C4305: 'argument' : truncation from 'double' to 'float'
     1>Source\SceneLight.cpp(192): warning C4305: 'argument' : truncation from 'double' to 'float'
     1>Source\SceneLight.cpp(192): warning C4305: 'argument' : truncation from 'double' to 'float'
     1>Source\SceneLight.cpp(195): warning C4305: 'argument' : truncation from 'double' to 'float'
     1>Source\SceneLight.cpp(195): warning C4305: 'argument' : truncation from 'double' to 'float'
     1>Source\SceneLight.cpp(195): warning C4305: 'argument' : truncation from 'double' to 'float'
     1>Source\SceneLight.cpp(196): warning C4305: 'argument' : truncation from 'double' to 'float'
     1>Source\SceneLight.cpp(198): warning C4305: 'argument' : truncation from 'double' to 'float'
     1>Source\SceneLight.cpp(198): warning C4305: 'argument' : truncation from 'double' to 'float'
     1>Source\SceneLight.cpp(198): warning C4305: 'argument' : truncation from 'double' to 'float'
     1>Source\SceneLight.cpp(208): warning C4305: 'argument' : truncation from 'double' to 'float'
     1>Source\SceneLight.cpp(208): warning C4305: 'argument' : truncation from 'double' to 'float'
     1>Source\SceneLight.cpp(208): warning C4305: 'argument' : truncation from 'double' to 'float'
     1>Source\SceneLight.cpp(209): warning C4305: 'argument' : truncation from 'double' to 'float'
     1>Source\SceneLight.cpp(209): warning C4305: 'argument' : truncation from 'double' to 'float'
     1>Source\SceneLight.cpp(209): warning C4305: 'argument' : truncation from 'double' to 'float'
     1>Source\SceneLight.cpp(211): warning C4305: 'argument' : truncation from 'double' to 'float'
     1>Source\SceneLight.cpp(211): warning C4305: 'argument' : truncation from 'double' to 'float'
     1>Source\SceneLight.cpp(211): warning C4305: 'argument' : truncation from 'double' to 'float'
     1>Source\SceneLight.cpp(214): warning C4305: 'argument' : truncation from 'double' to 'float'
     1>Source\SceneLight.cpp(214): warning C4305: 'argument' : truncation from 'double' to 'float'
     1>Source\SceneLight.cpp(214): warning C4305: 'argument' : truncation from 'double' to 'float'
     1>Source\SceneLight.cpp(215): warning C4305: 'argument' : truncation from 'double' to 'float'
     1>Source\SceneLight.cpp(217): warning C4305: 'argument' : truncation from 'double' to 'float'
     1>Source\SceneLight.cpp(217): warning C4305: 'argument' : truncation from 'double' to 'float'
     1>Source\SceneLight.cpp(217): warning C4305: 'argument' : truncation from 'double' to 'float'
     1>Source\SceneLight.cpp(220): warning C4305: 'argument' : truncation from 'double' to 'float'
     1>Source\SceneLight.cpp(220): warning C4305: 'argument' : truncation from 'double' to 'float'
     1>Source\SceneLight.cpp(220): warning C4305: 'argument' : truncation from 'double' to 'float'
     1>Source\SceneLight.cpp(221): warning C4305: 'argument' : truncation from 'double' to 'float'
     1>Source\SceneLight.cpp(221): warning C4305: 'argument' : truncation from 'double' to 'float'
     1>Source\SceneLight.cpp(221): warning C4305: 'argument' : truncation from 'double' to 'float'
     1>Source\SceneLight.cpp(223): warning C4305: 'argument' : truncation from 'double' to 'float'
     1>Source\SceneLight.cpp(223): warning C4305: 'argument' : truncation from 'double' to 'float'
     1>Source\SceneLight.cpp(223): warning C4305: 'argument' : truncation from 'double' to 'float'
     1>Source\SceneLight.cpp(226): warning C4305: 'argument' : truncation from 'double' to 'float'
     1>Source\SceneLight.cpp(232): warning C4244: 'argument' : conversion from 'float' to 'unsigned int', possible loss of data
     1>Source\SceneLight.cpp(372): warning C4244: '+=' : conversion from 'double' to 'float', possible loss of data
     1>Source\SceneLight.cpp(373): warning C4244: '+=' : conversion from 'double' to 'float', possible loss of data
     1>Source\SceneLight.cpp(377): warning C4244: '-=' : conversion from 'double' to 'float', possible loss of data
     1>Source\SceneLight.cpp(378): warning C4244: '-=' : conversion from 'double' to 'float', possible loss of data
     1>Source\SceneLight.cpp(382): warning C4244: '+=' : conversion from 'double' to 'float', possible loss of data
     1>Source\SceneLight.cpp(386): warning C4244: '-=' : conversion from 'double' to 'float', possible loss of data
     1>Source\SceneLight.cpp(628): warning C4305: 'argument' : truncation from 'double' to 'float'
     1>Source\SceneLight.cpp(628): warning C4305: 'argument' : truncation from 'double' to 'float'
     1>Source\SceneLight.cpp(634): warning C4305: 'argument' : truncation from 'double' to 'float'
     1>Source\SceneLight.cpp(634): warning C4305: 'argument' : truncation from 'double' to 'float'
     1>Source\SceneLight.cpp(644): warning C4305: 'argument' : truncation from 'double' to 'float'
     1>Source\SceneLight.cpp(644): warning C4305: 'argument' : truncation from 'double' to 'float'
     1>Source\SceneLight.cpp(650): warning C4305: 'argument' : truncation from 'double' to 'float'
     1>Source\SceneLight.cpp(670): warning C4305: 'argument' : truncation from 'double' to 'float'
     1>Source\SceneLight.cpp(683): warning C4305: 'argument' : truncation from 'double' to 'float'
     1>Source\SceneLight.cpp(683): warning C4305: 'argument' : truncation from 'double' to 'float'
     1>Source\SceneLight.cpp(683): warning C4305: 'argument' : truncation from 'double' to 'float'
     1>Source\SceneLight.cpp(687): warning C4305: 'argument' : truncation from 'double' to 'float'
     1>Source\SceneLight.cpp(689): warning C4305: 'argument' : truncation from 'double' to 'float'
     1>Source\SceneLight.cpp(689): warning C4305: 'argument' : truncation from 'double' to 'float'
     1>Source\SceneLight.cpp(716): warning C4305: 'argument' : truncation from 'double' to 'float'
     1>Source\SceneLight.cpp(716): warning C4305: 'argument' : truncation from 'double' to 'float'
     1>Source\SceneLight.cpp(723): warning C4305: 'argument' : truncation from 'double' to 'float'
     1>Source\SceneLight.cpp(724): warning C4305: 'argument' : truncation from 'double' to 'float'
     1>Source\SceneLight.cpp(724): warning C4305: 'argument' : truncation from 'double' to 'float'
     1>Source\SceneLight.cpp(756): warning C4305: 'argument' : truncation from 'double' to 'float'
     1>Source\SceneLight.cpp(763): warning C4305: 'argument' : truncation from 'double' to 'float'
     1>Source\SceneLight.cpp(763): warning C4305: 'argument' : truncation from 'double' to 'float'
     1>Source\SceneLight.cpp(768): warning C4305: 'argument' : truncation from 'double' to 'float'
     1>Source\SceneLight.cpp(771): warning C4305: 'argument' : truncation from 'double' to 'float'
     1>Source\SceneLight.cpp(773): warning C4305: 'argument' : truncation from 'double' to 'float'
     1>Source\SceneLight.cpp(778): warning C4305: 'argument' : truncation from 'double' to 'float'
     1>Source\SceneLight.cpp(779): warning C4305: 'argument' : truncation from 'double' to 'float'
     1>Source\SceneLight.cpp(785): warning C4305: 'argument' : truncation from 'double' to 'float'
     1>Source\SceneLight.cpp(785): warning C4305: 'argument' : truncation from 'double' to 'float'
     1>Source\SceneLight.cpp(785): warning C4305: 'argument' : truncation from 'double' to 'float'
     1>Source\SceneLight.cpp(788): warning C4305: 'argument' : truncation from 'double' to 'float'
     1>Source\SceneLight.cpp(788): warning C4305: 'argument' : truncation from 'double' to 'float'
     1>Source\SceneLight.cpp(788): warning C4305: 'argument' : truncation from 'double' to 'float'
     1>Source\SceneLight.cpp(789): warning C4305: 'argument' : truncation from 'double' to 'float'
     1>Source\SceneLight.cpp(789): warning C4305: 'argument' : truncation from 'double' to 'float'
     1>Source\SceneLight.cpp(794): warning C4305: 'argument' : truncation from 'double' to 'float'
     1>Source\SceneLight.cpp(794): warning C4305: 'argument' : truncation from 'double' to 'float'
     1>Source\SceneLight.cpp(805): warning C4305: 'argument' : truncation from 'double' to 'float'
     1>Source\SceneLight.cpp(810): warning C4305: 'argument' : truncation from 'double' to 'float'
     1>Source\SceneLight.cpp(815): warning C4305: 'argument' : truncation from 'double' to 'float'
     1>Source\SceneLight.cpp(833): warning C4305: 'argument' : truncation from 'double' to 'float'
     1>Source\SceneLight.cpp(846): warning C4305: 'argument' : truncation from 'double' to 'float'
     1>Source\SceneLight.cpp(846): warning C4305: 'argument' : truncation from 'double' to 'float'
     1>Source\SceneLight.cpp(846): warning C4305: 'argument' : truncation from 'double' to 'float'
     1>Source\SceneLight.cpp(848): warning C4305: 'argument' : truncation from 'double' to 'float'
     1>Source\SceneLight.cpp(848): warning C4305: 'argument' : truncation from 'double' to 'float'
     1>Source\SceneLight.cpp(852): warning C4305: 'argument' : truncation from 'double' to 'float'
     1>Source\SceneLight.cpp(878): warning C4305: 'argument' : truncation from 'double' to 'float'
     1>Source\SceneLight.cpp(881): warning C4305: 'argument' : truncation from 'double' to 'float'
     1>Source\SceneLight.cpp(881): warning C4305: 'argument' : truncation from 'double' to 'float'
     1>Source\SceneLight.cpp(881): warning C4305: 'argument' : truncation from 'double' to 'float'
     1>Source\SceneLight.cpp(887): warning C4305: 'argument' : truncation from 'double' to 'float'
     1>Source\SceneLight.cpp(887): warning C4305: 'argument' : truncation from 'double' to 'float'
     1>Source\SceneLight.cpp(888): warning C4305: 'argument' : truncation from 'double' to 'float'
     1>Source\SceneLight.cpp(892): warning C4305: 'argument' : truncation from 'double' to 'float'
     1>Source\SceneLight.cpp(897): warning C4305: 'argument' : truncation from 'double' to 'float'
     1>Source\SceneLight.cpp(909): warning C4305: 'argument' : truncation from 'double' to 'float'
     1>Source\SceneLight.cpp(912): warning C4305: 'argument' : truncation from 'double' to 'float'
     1>Source\SceneLight.cpp(912): warning C4305: 'argument' : truncation from 'double' to 'float'
     1>Source\SceneLight.cpp(912): warning C4305: 'argument' : truncation from 'double' to 'float'
     1>Source\SceneLight.cpp(918): warning C4305: 'argument' : truncation from 'double' to 'float'
     1>Source\SceneLight.cpp(918): warning C4305: 'argument' : truncation from 'double' to 'float'
     1>Source\SceneLight.cpp(919): warning C4305: 'argument' : truncation from 'double' to 'float'
     1>Source\SceneLight.cpp(923): warning C4305: 'argument' : truncation from 'double' to 'float'
     1>Source\SceneLight.cpp(928): warning C4305: 'argument' : truncation from 'double' to 'float'
     1>Source\SceneLight.cpp(954): warning C4305: 'argument' : truncation from 'double' to 'float'
     1>Source\SceneLight.cpp(954): warning C4305: 'argument' : truncation from 'double' to 'float'
     1>Source\SceneLight.cpp(954): warning C4305: 'argument' : truncation from 'double' to 'float'
     1>Source\SceneLight.cpp(960): warning C4305: 'argument' : truncation from 'double' to 'float'
     1>Source\SceneLight.cpp(960): warning C4305: 'argument' : truncation from 'double' to 'float'
     1>Source\SceneLight.cpp(961): warning C4305: 'argument' : truncation from 'double' to 'float'
     1>Source\SceneLight.cpp(965): warning C4305: 'argument' : truncation from 'double' to 'float'
     1>Source\SceneLight.cpp(970): warning C4305: 'argument' : truncation from 'double' to 'float'
     1>Source\SceneLight.cpp(984): warning C4305: 'argument' : truncation from 'double' to 'float'
     1>Source\SceneLight.cpp(984): warning C4305: 'argument' : truncation from 'double' to 'float'
     1>Source\SceneLight.cpp(984): warning C4305: 'argument' : truncation from 'double' to 'float'
     1>Source\SceneLight.cpp(990): warning C4305: 'argument' : truncation from 'double' to 'float'
     1>Source\SceneLight.cpp(990): warning C4305: 'argument' : truncation from 'double' to 'float'
     1>Source\SceneLight.cpp(991): warning C4305: 'argument' : truncation from 'double' to 'float'
     1>Source\SceneLight.cpp(995): warning C4305: 'argument' : truncation from 'double' to 'float'
     1>Source\SceneLight.cpp(1000): warning C4305: 'argument' : truncation from 'double' to 'float'
     1>Source\SceneLight.cpp(1022): warning C4305: 'argument' : truncation from 'double' to 'float'
     1>Source\SceneLight.cpp(1022): warning C4305: 'argument' : truncation from 'double' to 'float'
     1>Source\SceneLight.cpp(1052): warning C4305: 'argument' : truncation from 'double' to 'float'
     1>Source\SceneLight.cpp(1056): warning C4305: 'argument' : truncation from 'double' to 'float'
     1>Source\SceneLight.cpp(1056): warning C4305: 'argument' : truncation from 'double' to 'float'
     1>Source\SceneLight.cpp(1056): warning C4305: 'argument' : truncation from 'double' to 'float'
     1>Source\SceneLight.cpp(1065): warning C4305: 'argument' : truncation from 'double' to 'float'
     1>Source\SceneLight.cpp(1065): warning C4305: 'argument' : truncation from 'double' to 'float'
     1>Source\SceneLight.cpp(1069): warning C4305: 'argument' : truncation from 'double' to 'float'
     1>Source\SceneLight.cpp(1069): warning C4305: 'argument' : truncation from 'double' to 'float'
     1>Source\SceneLight.cpp(1076): warning C4305: 'argument' : truncation from 'double' to 'float'
     1>Source\SceneLight.cpp(1080): warning C4305: 'argument' : truncation from 'double' to 'float'
     1>Source\SceneLight.cpp(1080): warning C4305: 'argument' : truncation from 'double' to 'float'
     1>Source\SceneLight.cpp(1080): warning C4305: 'argument' : truncation from 'double' to 'float'
     1>Source\SceneLight.cpp(1087): warning C4305: 'argument' : truncation from 'double' to 'float'
     1>Source\SceneLight.cpp(1091): warning C4305: 'argument' : truncation from 'double' to 'float'
     1>Source\SceneLight.cpp(1100): warning C4305: 'argument' : truncation from 'double' to 'float'
     1>Source\SceneLight.cpp(1100): warning C4305: 'argument' : truncation from 'double' to 'float'
     1>Source\SceneLight.cpp(1101): warning C4305: 'argument' : truncation from 'double' to 'float'
     1>Source\SceneLight.cpp(1101): warning C4305: 'argument' : truncation from 'double' to 'float'
     1>Source\SceneLight.cpp(1106): warning C4305: 'argument' : truncation from 'double' to 'float'
     1>Source\SceneLight.cpp(1136): warning C4305: 'argument' : truncation from 'double' to 'float'
     1>Source\SceneLight.cpp(1139): warning C4305: 'argument' : truncation from 'double' to 'float'
     1>Source\SceneLight.cpp(1139): warning C4305: 'argument' : truncation from 'double' to 'float'
     1>Source\SceneLight.cpp(1140): warning C4305: 'argument' : truncation from 'double' to 'float'
     1>Source\SceneLight.cpp(1140): warning C4305: 'argument' : truncation from 'double' to 'float'
     1>Source\SceneLight.cpp(1145): warning C4305: 'argument' : truncation from 'double' to 'float'
     1>Source\SceneLight.cpp(1198): warning C4305: 'argument' : truncation from 'double' to 'float'
     1>Source\SceneLight.cpp(1198): warning C4305: 'argument' : truncation from 'double' to 'float'
     1>Source\SceneLight.cpp(1198): warning C4305: 'argument' : truncation from 'double' to 'float'
     1>Source\SceneLight.cpp(1199): warning C4305: 'argument' : truncation from 'double' to 'float'
     1>Source\SceneLight.cpp(1199): warning C4305: 'argument' : truncation from 'double' to 'float'
     1>Source\SceneLight.cpp(1209): warning C4305: 'argument' : truncation from 'double' to 'float'
     1>Source\SceneLight.cpp(1230): warning C4305: 'argument' : truncation from 'double' to 'float'
     1>Source\SceneLight.cpp(1249): warning C4305: 'argument' : truncation from 'double' to 'float'
     1>Source\SceneLight.cpp(1249): warning C4305: 'argument' : truncation from 'double' to 'float'
     1>Source\SceneLight.cpp(1249): warning C4305: 'argument' : truncation from 'double' to 'float'
     1>Source\SceneLight.cpp(1254): warning C4305: 'argument' : truncation from 'double' to 'float'
     1>Source\SceneLight.cpp(1257): warning C4305: 'argument' : truncation from 'double' to 'float'
     1>Source\SceneLight.cpp(1257): warning C4305: 'argument' : truncation from 'double' to 'float'
     1>Source\SceneLight.cpp(1257): warning C4305: 'argument' : truncation from 'double' to 'float'
     1>Source\SceneLight.cpp(1258): warning C4305: 'argument' : truncation from 'double' to 'float'
     1>Source\SceneLight.cpp(1263): warning C4305: 'argument' : truncation from 'double' to 'float'
     1>Source\SceneLight.cpp(1263): warning C4305: 'argument' : truncation from 'double' to 'float'
     1>Source\SceneLight.cpp(1263): warning C4305: 'argument' : truncation from 'double' to 'float'
     1>Source\SceneLight.cpp(1270): warning C4305: 'argument' : truncation from 'double' to 'float'
     1>Source\SceneLight.cpp(1289): warning C4305: 'argument' : truncation from 'double' to 'float'
     1>Source\SceneLight.cpp(1289): warning C4305: 'argument' : truncation from 'double' to 'float'
     1>Source\SceneLight.cpp(1289): warning C4305: 'argument' : truncation from 'double' to 'float'
     1>Source\SceneLight.cpp(1295): warning C4305: 'argument' : truncation from 'double' to 'float'
     1>Source\SceneLight.cpp(1295): warning C4305: 'argument' : truncation from 'double' to 'float'
     1>Source\SceneLight.cpp(1295): warning C4305: 'argument' : truncation from 'double' to 'float'
     1>Source\SceneLight.cpp(1296): warning C4305: 'argument' : truncation from 'double' to 'float'
     1>Source\SceneLight.cpp(1314): warning C4305: 'argument' : truncation from 'double' to 'float'
     1>Source\SceneLight.cpp(1317): warning C4305: 'argument' : truncation from 'double' to 'float'
     1>Source\SceneLight.cpp(1369): warning C4305: 'argument' : truncation from 'double' to 'float'
         SceneLight2.cpp
     1>Source\SceneLight2.cpp(107): warning C4305: 'argument' : truncation from 'double' to 'float'
     1>Source\SceneLight2.cpp(107): warning C4305: 'argument' : truncation from 'double' to 'float'
     1>Source\SceneLight2.cpp(107): warning C4305: 'argument' : truncation from 'double' to 'float'
     1>Source\SceneLight2.cpp(108): warning C4305: 'argument' : truncation from 'double' to 'float'
     1>Source\SceneLight2.cpp(110): warning C4305: 'argument' : truncation from 'double' to 'float'
     1>Source\SceneLight2.cpp(110): warning C4305: 'argument' : truncation from 'double' to 'float'
     1>Source\SceneLight2.cpp(110): warning C4305: 'argument' : truncation from 'double' to 'float'
     1>Source\SceneLight2.cpp(119): warning C4305: 'argument' : truncation from 'double' to 'float'
     1>Source\SceneLight2.cpp(119): warning C4305: 'argument' : truncation from 'double' to 'float'
     1>Source\SceneLight2.cpp(119): warning C4305: 'argument' : truncation from 'double' to 'float'
     1>Source\SceneLight2.cpp(120): warning C4305: 'argument' : truncation from 'double' to 'float'
     1>Source\SceneLight2.cpp(122): warning C4305: 'argument' : truncation from 'double' to 'float'
     1>Source\SceneLight2.cpp(143): warning C4305: 'argument' : truncation from 'double' to 'float'
     1>Source\SceneLight2.cpp(143): warning C4305: 'argument' : truncation from 'double' to 'float'
     1>Source\SceneLight2.cpp(143): warning C4305: 'argument' : truncation from 'double' to 'float'
     1>Source\SceneLight2.cpp(144): warning C4305: 'argument' : truncation from 'double' to 'float'
     1>Source\SceneLight2.cpp(146): warning C4305: 'argument' : truncation from 'double' to 'float'
     1>Source\SceneLight2.cpp(146): warning C4305: 'argument' : truncation from 'double' to 'float'
     1>Source\SceneLight2.cpp(146): warning C4305: 'argument' : truncation from 'double' to 'float'
     1>Source\SceneLight2.cpp(149): warning C4305: 'argument' : truncation from 'double' to 'float'
     1>Source\SceneLight2.cpp(149): warning C4305: 'argument' : truncation from 'double' to 'float'
     1>Source\SceneLight2.cpp(149): warning C4305: 'argument' : truncation from 'double' to 'float'
     1>Source\SceneLight2.cpp(162): warning C4305: 'argument' : truncation from 'double' to 'float'
     1>Source\SceneLight2.cpp(162): warning C4305: 'argument' : truncation from 'double' to 'float'
     1>Source\SceneLight2.cpp(162): warning C4305: 'argument' : truncation from 'double' to 'float'
     1>Source\SceneLight2.cpp(163): warning C4305: 'argument' : truncation from 'double' to 'float'
     1>Source\SceneLight2.cpp(163): warning C4305: 'argument' : truncation from 'double' to 'float'
     1>Source\SceneLight2.cpp(163): warning C4305: 'argument' : truncation from 'double' to 'float'
     1>Source\SceneLight2.cpp(165): warning C4305: 'argument' : truncation from 'double' to 'float'
     1>Source\SceneLight2.cpp(165): warning C4305: 'argument' : truncation from 'double' to 'float'
     1>Source\SceneLight2.cpp(165): warning C4305: 'argument' : truncation from 'double' to 'float'
     1>Source\SceneLight2.cpp(168): warning C4305: 'argument' : truncation from 'double' to 'float'
     1>Source\SceneLight2.cpp(168): warning C4305: 'argument' : truncation from 'double' to 'float'
     1>Source\SceneLight2.cpp(168): warning C4305: 'argument' : truncation from 'double' to 'float'
     1>Source\SceneLight2.cpp(169): warning C4305: 'argument' : truncation from 'double' to 'float'
     1>Source\SceneLight2.cpp(171): warning C4305: 'argument' : truncation from 'double' to 'float'
     1>Source\SceneLight2.cpp(171): warning C4305: 'argument' : truncation from 'double' to 'float'
     1>Source\SceneLight2.cpp(171): warning C4305: 'argument' : truncation from 'double' to 'float'
     1>Source\SceneLight2.cpp(352): warning C4305: 'argument' : truncation from 'double' to 'float'
     1>Source\SceneLight2.cpp(352): warning C4305: 'argument' : truncation from 'double' to 'float'
     1>Source\SceneLight2.cpp(358): warning C4305: 'argument' : truncation from 'double' to 'float'
     1>Source\SceneLight2.cpp(358): warning C4305: 'argument' : truncation from 'double' to 'float'
     1>Source\SceneLight2.cpp(369): warning C4305: 'argument' : truncation from 'double' to 'float'
     1>Source\SceneLight2.cpp(369): warning C4305: 'argument' : truncation from 'double' to 'float'
     1>Source\SceneLight2.cpp(375): warning C4305: 'argument' : truncation from 'double' to 'float'
     1>Source\SceneLight2.cpp(386): warning C4305: 'argument' : truncation from 'double' to 'float'
     1>Source\SceneLight2.cpp(399): warning C4305: 'argument' : truncation from 'double' to 'float'
     1>Source\SceneLight2.cpp(399): warning C4305: 'argument' : truncation from 'double' to 'float'
     1>Source\SceneLight2.cpp(399): warning C4305: 'argument' : truncation from 'double' to 'float'
     1>Source\SceneLight2.cpp(403): warning C4305: 'argument' : truncation from 'double' to 'float'
     1>Source\SceneLight2.cpp(405): warning C4305: 'argument' : truncation from 'double' to 'float'
     1>Source\SceneLight2.cpp(405): warning C4305: 'argument' : truncation from 'double' to 'float'
     1>Source\SceneLight2.cpp(423): warning C4305: 'argument' : truncation from 'double' to 'float'
     1>Source\SceneLight2.cpp(423): warning C4305: 'argument' : truncation from 'double' to 'float'
     1>Source\SceneLight2.cpp(431): warning C4305: 'argument' : truncation from 'double' to 'float'
     1>Source\SceneLight2.cpp(432): warning C4305: 'argument' : truncation from 'double' to 'float'
     1>Source\SceneLight2.cpp(432): warning C4305: 'argument' : truncation from 'double' to 'float'
     1>Source\SceneLight2.cpp(454): warning C4305: 'argument' : truncation from 'double' to 'float'
     1>Source\SceneLight2.cpp(461): warning C4305: 'argument' : truncation from 'double' to 'float'
     1>Source\SceneLight2.cpp(461): warning C4305: 'argument' : truncation from 'double' to 'float'
     1>Source\SceneLight2.cpp(466): warning C4305: 'argument' : truncation from 'double' to 'float'
     1>Source\SceneLight2.cpp(469): warning C4305: 'argument' : truncation from 'double' to 'float'
     1>Source\SceneLight2.cpp(471): warning C4305: 'argument' : truncation from 'double' to 'float'
     1>Source\SceneLight2.cpp(476): warning C4305: 'argument' : truncation from 'double' to 'float'
     1>Source\SceneLight2.cpp(477): warning C4305: 'argument' : truncation from 'double' to 'float'
     1>Source\SceneLight2.cpp(483): warning C4305: 'argument' : truncation from 'double' to 'float'
     1>Source\SceneLight2.cpp(483): warning C4305: 'argument' : truncation from 'double' to 'float'
     1>Source\SceneLight2.cpp(483): warning C4305: 'argument' : truncation from 'double' to 'float'
     1>Source\SceneLight2.cpp(486): warning C4305: 'argument' : truncation from 'double' to 'float'
     1>Source\SceneLight2.cpp(486): warning C4305: 'argument' : truncation from 'double' to 'float'
     1>Source\SceneLight2.cpp(486): warning C4305: 'argument' : truncation from 'double' to 'float'
     1>Source\SceneLight2.cpp(487): warning C4305: 'argument' : truncation from 'double' to 'float'
     1>Source\SceneLight2.cpp(487): warning C4305: 'argument' : truncation from 'double' to 'float'
     1>Source\SceneLight2.cpp(492): warning C4305: 'argument' : truncation from 'double' to 'float'
     1>Source\SceneLight2.cpp(492): warning C4305: 'argument' : truncation from 'double' to 'float'
     1>Source\SceneLight2.cpp(503): warning C4305: 'argument' : truncation from 'double' to 'float'
     1>Source\SceneLight2.cpp(508): warning C4305: 'argument' : truncation from 'double' to 'float'
     1>Source\SceneLight2.cpp(513): warning C4305: 'argument' : truncation from 'double' to 'float'
     1>Source\SceneLight2.cpp(522): warning C4305: 'argument' : truncation from 'double' to 'float'
     1>Source\SceneLight2.cpp(535): warning C4305: 'argument' : truncation from 'double' to 'float'
     1>Source\SceneLight2.cpp(535): warning C4305: 'argument' : truncation from 'double' to 'float'
     1>Source\SceneLight2.cpp(535): warning C4305: 'argument' : truncation from 'double' to 'float'
     1>Source\SceneLight2.cpp(537): warning C4305: 'argument' : truncation from 'double' to 'float'
     1>Source\SceneLight2.cpp(537): warning C4305: 'argument' : truncation from 'double' to 'float'
     1>Source\SceneLight2.cpp(541): warning C4305: 'argument' : truncation from 'double' to 'float'
     1>Source\SceneLight2.cpp(556): warning C4305: 'argument' : truncation from 'double' to 'float'
     1>Source\SceneLight2.cpp(559): warning C4305: 'argument' : truncation from 'double' to 'float'
     1>Source\SceneLight2.cpp(559): warning C4305: 'argument' : truncation from 'double' to 'float'
     1>Source\SceneLight2.cpp(559): warning C4305: 'argument' : truncation from 'double' to 'float'
     1>Source\SceneLight2.cpp(565): warning C4305: 'argument' : truncation from 'double' to 'float'
     1>Source\SceneLight2.cpp(565): warning C4305: 'argument' : truncation from 'double' to 'float'
     1>Source\SceneLight2.cpp(566): warning C4305: 'argument' : truncation from 'double' to 'float'
     1>Source\SceneLight2.cpp(570): warning C4305: 'argument' : truncation from 'double' to 'float'
     1>Source\SceneLight2.cpp(575): warning C4305: 'argument' : truncation from 'double' to 'float'
     1>Source\SceneLight2.cpp(588): warning C4305: 'argument' : truncation from 'double' to 'float'
     1>Source\SceneLight2.cpp(591): warning C4305: 'argument' : truncation from 'double' to 'float'
     1>Source\SceneLight2.cpp(591): warning C4305: 'argument' : truncation from 'double' to 'float'
     1>Source\SceneLight2.cpp(591): warning C4305: 'argument' : truncation from 'double' to 'float'
     1>Source\SceneLight2.cpp(597): warning C4305: 'argument' : truncation from 'double' to 'float'
     1>Source\SceneLight2.cpp(597): warning C4305: 'argument' : truncation from 'double' to 'float'
     1>Source\SceneLight2.cpp(598): warning C4305: 'argument' : truncation from 'double' to 'float'
     1>Source\SceneLight2.cpp(602): warning C4305: 'argument' : truncation from 'double' to 'float'
     1>Source\SceneLight2.cpp(607): warning C4305: 'argument' : truncation from 'double' to 'float'
     1>Source\SceneLight2.cpp(624): warning C4305: 'argument' : truncation from 'double' to 'float'
     1>Source\SceneLight2.cpp(624): warning C4305: 'argument' : truncation from 'double' to 'float'
     1>Source\SceneLight2.cpp(624): warning C4305: 'argument' : truncation from 'double' to 'float'
     1>Source\SceneLight2.cpp(625): warning C4305: 'argument' : truncation from 'double' to 'float'
     1>Source\SceneLight2.cpp(625): warning C4305: 'argument' : truncation from 'double' to 'float'
     1>Source\SceneLight2.cpp(662): warning C4305: 'argument' : truncation from 'double' to 'float'
         SceneTexture.cpp
     1>Source\SceneTexture.cpp(123): warning C4305: 'argument' : truncation from 'double' to 'float'
     1>Source\SceneTexture.cpp(123): warning C4305: 'argument' : truncation from 'double' to 'float'
     1>Source\SceneTexture.cpp(123): warning C4305: 'argument' : truncation from 'double' to 'float'
     1>Source\SceneTexture.cpp(124): warning C4305: 'argument' : truncation from 'double' to 'float'
     1>Source\SceneTexture.cpp(126): warning C4305: 'argument' : truncation from 'double' to 'float'
     1>Source\SceneTexture.cpp(126): warning C4305: 'argument' : truncation from 'double' to 'float'
     1>Source\SceneTexture.cpp(126): warning C4305: 'argument' : truncation from 'double' to 'float'
     1>Source\SceneTexture.cpp(135): warning C4305: 'argument' : truncation from 'double' to 'float'
     1>Source\SceneTexture.cpp(135): warning C4305: 'argument' : truncation from 'double' to 'float'
     1>Source\SceneTexture.cpp(135): warning C4305: 'argument' : truncation from 'double' to 'float'
     1>Source\SceneTexture.cpp(136): warning C4305: 'argument' : truncation from 'double' to 'float'
     1>Source\SceneTexture.cpp(138): warning C4305: 'argument' : truncation from 'double' to 'float'
     1>Source\SceneTexture.cpp(159): warning C4305: 'argument' : truncation from 'double' to 'float'
     1>Source\SceneTexture.cpp(159): warning C4305: 'argument' : truncation from 'double' to 'float'
     1>Source\SceneTexture.cpp(159): warning C4305: 'argument' : truncation from 'double' to 'float'
     1>Source\SceneTexture.cpp(160): warning C4305: 'argument' : truncation from 'double' to 'float'
     1>Source\SceneTexture.cpp(162): warning C4305: 'argument' : truncation from 'double' to 'float'
     1>Source\SceneTexture.cpp(162): warning C4305: 'argument' : truncation from 'double' to 'float'
     1>Source\SceneTexture.cpp(162): warning C4305: 'argument' : truncation from 'double' to 'float'
     1>Source\SceneTexture.cpp(165): warning C4305: 'argument' : truncation from 'double' to 'float'
     1>Source\SceneTexture.cpp(165): warning C4305: 'argument' : truncation from 'double' to 'float'
     1>Source\SceneTexture.cpp(165): warning C4305: 'argument' : truncation from 'double' to 'float'
     1>Source\SceneTexture.cpp(178): warning C4305: 'argument' : truncation from 'double' to 'float'
     1>Source\SceneTexture.cpp(178): warning C4305: 'argument' : truncation from 'double' to 'float'
     1>Source\SceneTexture.cpp(178): warning C4305: 'argument' : truncation from 'double' to 'float'
     1>Source\SceneTexture.cpp(179): warning C4305: 'argument' : truncation from 'double' to 'float'
     1>Source\SceneTexture.cpp(179): warning C4305: 'argument' : truncation from 'double' to 'float'
     1>Source\SceneTexture.cpp(179): warning C4305: 'argument' : truncation from 'double' to 'float'
     1>Source\SceneTexture.cpp(181): warning C4305: 'argument' : truncation from 'double' to 'float'
     1>Source\SceneTexture.cpp(181): warning C4305: 'argument' : truncation from 'double' to 'float'
     1>Source\SceneTexture.cpp(181): warning C4305: 'argument' : truncation from 'double' to 'float'
     1>Source\SceneTexture.cpp(184): warning C4305: 'argument' : truncation from 'double' to 'float'
     1>Source\SceneTexture.cpp(184): warning C4305: 'argument' : truncation from 'double' to 'float'
     1>Source\SceneTexture.cpp(184): warning C4305: 'argument' : truncation from 'double' to 'float'
     1>Source\SceneTexture.cpp(185): warning C4305: 'argument' : truncation from 'double' to 'float'
     1>Source\SceneTexture.cpp(187): warning C4305: 'argument' : truncation from 'double' to 'float'
     1>Source\SceneTexture.cpp(187): warning C4305: 'argument' : truncation from 'double' to 'float'
     1>Source\SceneTexture.cpp(187): warning C4305: 'argument' : truncation from 'double' to 'float'
     1>Source\SceneTexture.cpp(191): warning C4305: 'argument' : truncation from 'double' to 'float'
     1>Source\SceneTexture.cpp(193): warning C4305: 'argument' : truncation from 'double' to 'float'
     1>Source\SceneTexture.cpp(193): warning C4305: 'argument' : truncation from 'double' to 'float'
     1>Source\SceneTexture.cpp(193): warning C4305: 'argument' : truncation from 'double' to 'float'
         Compiling...
         shader.cpp
         Utility.cpp
       Link:
         C:\Program Files (x86)\Microsoft Visual Studio 10.0\VC\bin\link.exe /ERRORREPORT:PROMPT /OUT:"C:\Users\User\Desktop\NYP\Graphics\Release\Application.exe" /INCREMENTAL:NO /NOLOGO /LIBPATH:C:\Users\User\Desktop\NYP\Graphics\Release /LIBPATH:C:\Users\User\Desktop\NYP\Graphics\\glew\lib /LIBPATH:"C:\Users\User\Desktop\NYP\Graphics\\glfw\lib-msvc100" glew32.lib glfw3.lib opengl32.lib winmm.lib Common.lib kernel32.lib user32.lib gdi32.lib winspool.lib comdlg32.lib advapi32.lib shell32.lib ole32.lib oleaut32.lib uuid.lib odbc32.lib odbccp32.lib /MANIFEST /ManifestFile:"Release\Application.exe.intermediate.manifest" /MANIFESTUAC:"level='asInvoker' uiAccess='false'" /DEBUG /PDB:"C:\Users\User\Desktop\NYP\Graphics\Release\Application.pdb" /SUBSYSTEM:CONSOLE /OPT:REF /OPT:ICF /LTCG /TLBID:1 /DYNAMICBASE /NXCOMPAT /IMPLIB:"C:\Users\User\Desktop\NYP\Graphics\Release\Application.lib" /MACHINE:X86 Release\MatrixStack.obj
         Release\Mtx44.obj
         Release\timer.obj
         Release\Vector3.obj
         Release\Application.obj
         Release\Camera.obj
         Release\Camera2.obj
         Release\GameOfLife.obj
         Release\LoadTGA.obj
         Release\main.obj
         Release\Mesh.obj
         Release\MeshBuilder.obj
         Release\Scene1.obj
         Release\Scene2.obj
         Release\Scene3.obj
         Release\Scene4.obj
         Release\Scene5.obj
         Release\SceneLight.obj
         Release\SceneLight2.obj
         Release\SceneTexture.obj
         Release\shader.obj
         Release\Utility.obj
     1>LINK : fatal error LNK1104: cannot open file 'C:\Users\User\Desktop\NYP\Graphics\Release\Application.exe'
     1>Done Building Project "C:\Users\User\Desktop\NYP\Graphics\Application\Application.vcxproj" (build target(s)) -- FAILED.

Build FAILED.

Time Elapsed 00:00:06.33
