Build started 8/5/2015 11:37:38 AM.
     1>Project "C:\Users\Ong\Desktop\NYP\Sem 3\AData Assignment 1\AData Assignment 1\AData Assignment 1.vcxproj" on node 2 (build target(s)).
     1>InitializeBuildStatus:
         Creating "Debug\AData Assignment 1.unsuccessfulbuild" because "AlwaysCreate" was specified.
       ClCompile:
         c:\Program Files (x86)\Microsoft Visual Studio 10.0\VC\bin\CL.exe /c /I"D:\Visual Leak Detector\include" /ZI /nologo /W3 /WX- /Od /Oy- /D WIN32 /D _DEBUG /D _CONSOLE /D _UNICODE /D UNICODE /Gm /EHsc /RTC1 /MDd /GS /fp:precise /Zc:wchar_t /Zc:forScope /Fo"Debug\\" /Fd"Debug\vc100.pdb" /Gd /TP /analyze- /errorReport:prompt main.cpp
         main.cpp
       ManifestResourceCompile:
         All outputs are up-to-date.
       Link:
         c:\Program Files (x86)\Microsoft Visual Studio 10.0\VC\bin\link.exe /ERRORREPORT:PROMPT /OUT:"C:\Users\Ong\Desktop\NYP\Sem 3\AData Assignment 1\Debug\AData Assignment 1.exe" /INCREMENTAL /NOLOGO /LIBPATH:"D:\Visual Leak Detector\lib\Win32" kernel32.lib user32.lib gdi32.lib winspool.lib comdlg32.lib advapi32.lib shell32.lib ole32.lib oleaut32.lib uuid.lib odbc32.lib odbccp32.lib /MANIFEST /ManifestFile:"Debug\AData Assignment 1.exe.intermediate.manifest" /MANIFESTUAC:"level='asInvoker' uiAccess='false'" /DEBUG /PDB:"C:\Users\Ong\Desktop\NYP\Sem 3\AData Assignment 1\Debug\AData Assignment 1.pdb" /SUBSYSTEM:CONSOLE /TLBID:1 /DYNAMICBASE /NXCOMPAT /IMPLIB:"C:\Users\Ong\Desktop\NYP\Sem 3\AData Assignment 1\Debug\AData Assignment 1.lib" /MACHINE:X86 "Debug\AData Assignment 1.exe.embed.manifest.res"
         Debug\main.obj
         Debug\Module.obj
         Debug\ModuleInfo.obj
         Debug\ModuleTime.obj
       Manifest:
         c:\Program Files (x86)\Microsoft SDKs\Windows\v7.0A\bin\mt.exe /nologo /verbose /out:"Debug\AData Assignment 1.exe.embed.manifest" /manifest "Debug\AData Assignment 1.exe.intermediate.manifest"
         All outputs are up-to-date.
       LinkEmbedManifest:
         All outputs are up-to-date.
         AData Assignment 1.vcxproj -> C:\Users\Ong\Desktop\NYP\Sem 3\AData Assignment 1\Debug\AData Assignment 1.exe
       FinalizeBuildStatus:
         Deleting file "Debug\AData Assignment 1.unsuccessfulbuild".
         Touching "Debug\AData Assignment 1.lastbuildstate".
     1>Done Building Project "C:\Users\Ong\Desktop\NYP\Sem 3\AData Assignment 1\AData Assignment 1\AData Assignment 1.vcxproj" (build target(s)).

Build succeeded.

Time Elapsed 00:00:02.25
