Build started 4/5/2015 1:11:25 PM.
     1>Project "C:\Users\Ong\Desktop\NYP\DM2231_Framework\Base\Base.vcxproj" on node 2 (build target(s)).
     1>InitializeBuildStatus:
         Creating "Debug\Base.unsuccessfulbuild" because "AlwaysCreate" was specified.
       ClCompile:
         c:\Program Files (x86)\Microsoft Visual Studio 10.0\VC\bin\CL.exe /c /IC:\Users\Ong\Desktop\NYP\DM2231_Framework\/Common/Source /IC:\Users\Ong\Desktop\NYP\DM2231_Framework\/glew/include /IC:\Users\Ong\Desktop\NYP\DM2231_Framework\/glfw/include /I"D:\Visual Leak Detector\include" /ZI /nologo /W3 /WX- /Od /Oy- /D _VARIADIC_MAX=10 /D WIN32 /D _DEBUG /D _CONSOLE /D _UNICODE /D UNICODE /Gm /EHsc /RTC1 /MDd /GS /fp:precise /Zc:wchar_t /Zc:forScope /Fo"Debug\\" /Fd"Debug\vc100.pdb" /Gd /TP /analyze- /errorReport:prompt Source\Application.cpp Source\GenerateSkyPlane.cpp Source\Mesh.cpp Source\MeshBuilder.cpp Source\SMGClass.cpp Source\SceneSkybox.cpp Source\SceneText.cpp Source\SceneTexture.cpp Source\SwordClass.cpp Source\Weapon.cpp
         Application.cpp
         Generating Code...
         Compiling...
         Weapon.cpp
         SwordClass.cpp
         SceneText.cpp
         SMGClass.cpp
         GenerateSkyPlane.cpp
         Generating Code...
         Skipping... (no relevant changes detected)
         SceneTexture.cpp
         SceneSkybox.cpp
         MeshBuilder.cpp
         Mesh.cpp
       Link:
         c:\Program Files (x86)\Microsoft Visual Studio 10.0\VC\bin\link.exe /ERRORREPORT:PROMPT /OUT:"C:\Users\Ong\Desktop\NYP\DM2231_Framework\Debug\Base.exe" /INCREMENTAL:NO /NOLOGO /LIBPATH:C:\Users\Ong\Desktop\NYP\DM2231_Framework\Debug /LIBPATH:"C:\Users\Ong\Desktop\NYP\DM2231_Framework\/glfw/lib-msvc100" /LIBPATH:C:\Users\Ong\Desktop\NYP\DM2231_Framework\/glew/lib /LIBPATH:"D:\Visual Leak Detector\lib\Win32" Common.lib winmm.lib opengl32.lib glu32.lib glew32.lib glfw3.lib kernel32.lib user32.lib gdi32.lib winspool.lib comdlg32.lib advapi32.lib shell32.lib ole32.lib oleaut32.lib uuid.lib odbc32.lib odbccp32.lib /MANIFEST /ManifestFile:"Debug\Base.exe.intermediate.manifest" /MANIFESTUAC:"level='asInvoker' uiAccess='false'" /DEBUG /PDB:"C:\Users\Ong\Desktop\NYP\DM2231_Framework\Debug\Base.pdb" /SUBSYSTEM:CONSOLE /TLBID:1 /DYNAMICBASE /NXCOMPAT /IMPLIB:"C:\Users\Ong\Desktop\NYP\DM2231_Framework\Debug\Base.lib" /MACHINE:X86 Debug\Ammo.obj
         Debug\Application.obj
         Debug\Camera.obj
         Debug\Camera2.obj
         Debug\Camera3.obj
         Debug\Enemy.obj
         Debug\GenerateSkyPlane.obj
         Debug\LoadOBJ.obj
         Debug\LoadTGA.obj
         Debug\main.obj
         Debug\Mesh.obj
         Debug\MeshBuilder.obj
         Debug\PistolClass.obj
         Debug\SceneSkybox.obj
         Debug\SceneText.obj
         Debug\SceneTexture.obj
         Debug\shader.obj
         Debug\SMGClass.obj
         Debug\SniperClass.obj
         Debug\SwordClass.obj
         Debug\TestingBaseClass.obj
         Debug\TestingDerivedClass.obj
         Debug\Utility.obj
         Debug\Weapon.obj
     1>Ammo.obj : warning LNK4075: ignoring '/EDITANDCONTINUE' due to '/INCREMENTAL:NO' specification
     1>LINK : warning LNK4098: defaultlib 'MSVCRT' conflicts with use of other libs; use /NODEFAULTLIB:library
         Base.vcxproj -> C:\Users\Ong\Desktop\NYP\DM2231_Framework\Debug\Base.exe
       Manifest:
         c:\Program Files (x86)\Microsoft SDKs\Windows\v7.0A\bin\mt.exe /nologo /verbose /outputresource:"C:\Users\Ong\Desktop\NYP\DM2231_Framework\Debug\Base.exe;#1" /manifest Debug\Base.exe.intermediate.manifest
       FinalizeBuildStatus:
         Deleting file "Debug\Base.unsuccessfulbuild".
         Touching "Debug\Base.lastbuildstate".
     1>Done Building Project "C:\Users\Ong\Desktop\NYP\DM2231_Framework\Base\Base.vcxproj" (build target(s)).

Build succeeded.

Time Elapsed 00:00:07.87
