Build started 10/2/2015 6:38:19 AM.
     1>Project "C:\Users\User\Desktop\NYP\Graphics\Application\Application.vcxproj" on node 2 (build target(s)).
     1>InitializeBuildStatus:
         Touching "Release\Application.unsuccessfulbuild".
       ClCompile:
         C:\Program Files (x86)\Microsoft Visual Studio 10.0\VC\bin\CL.exe /c /IC:\Users\User\Desktop\NYP\Graphics\\glew\include /IC:\Users\User\Desktop\NYP\Graphics\\glfw\include /IC:\Users\User\Desktop\NYP\Graphics\\Common\Source /Zi /nologo /W3 /WX- /O2 /Oi /Oy- /GL /D WIN32 /D NDEBUG /D _CONSOLE /D _UNICODE /D UNICODE /Gm- /EHsc /MD /GS /Gy /fp:precise /Zc:wchar_t /Zc:forScope /Fo"Release\\" /Fd"Release\vc100.pdb" /Gd /TP /analyze- /errorReport:prompt Source\Application.cpp
         Application.cpp
       Link:
         C:\Program Files (x86)\Microsoft Visual Studio 10.0\VC\bin\link.exe /ERRORREPORT:PROMPT /OUT:"C:\Users\User\Desktop\NYP\Graphics\Release\Application.exe" /INCREMENTAL:NO /NOLOGO /LIBPATH:C:\Users\User\Desktop\NYP\Graphics\Release /LIBPATH:C:\Users\User\Desktop\NYP\Graphics\\glew\lib /LIBPATH:"C:\Users\User\Desktop\NYP\Graphics\\glfw\lib-msvc100" glew32.lib glfw3.lib opengl32.lib winmm.lib Common.lib kernel32.lib user32.lib gdi32.lib winspool.lib comdlg32.lib advapi32.lib shell32.lib ole32.lib oleaut32.lib uuid.lib odbc32.lib odbccp32.lib /MANIFEST /ManifestFile:"Release\Application.exe.intermediate.manifest" /MANIFESTUAC:"level='asInvoker' uiAccess='false'" /DEBUG /PDB:"C:\Users\User\Desktop\NYP\Graphics\Release\Application.pdb" /SUBSYSTEM:CONSOLE /OPT:REF /OPT:ICF /LTCG /TLBID:1 /DYNAMICBASE /NXCOMPAT /IMPLIB:"C:\Users\User\Desktop\NYP\Graphics\Release\Application.lib" /MACHINE:X86 Release\MatrixStack.obj
         Release\Mtx44.obj
         Release\timer.obj
         Release\Vector3.obj
         Release\Application.obj
         Release\Camera.obj
         Release\Camera2.obj
         Release\Camera3.obj
         Release\GameOfLife.obj
         Release\LoadOBJ.obj
         Release\LoadTGA.obj
         Release\main.obj
         Release\Mesh.obj
         Release\MeshBuilder.obj
         Release\Scene1.obj
         Release\Scene2.obj
         Release\Scene3.obj
         Release\Scene4.obj
         Release\Scene5.obj
         Release\SceneLight.obj
         Release\SceneLight2.obj
         Release\SceneModel.obj
         Release\SceneSkybox.obj
         Release\Assignment3.obj
         Release\SceneTexture.obj
         Release\shader.obj
         Release\Utility.obj
         Generating code
         Finished generating code
         Application.vcxproj -> C:\Users\User\Desktop\NYP\Graphics\Release\Application.exe
       Manifest:
         c:\Program Files (x86)\Microsoft SDKs\Windows\v7.0A\bin\mt.exe /nologo /verbose /outputresource:"C:\Users\User\Desktop\NYP\Graphics\Release\Application.exe;#1" /manifest Release\Application.exe.intermediate.manifest
       FinalizeBuildStatus:
         Deleting file "Release\Application.unsuccessfulbuild".
         Touching "Release\Application.lastbuildstate".
     1>Done Building Project "C:\Users\User\Desktop\NYP\Graphics\Application\Application.vcxproj" (build target(s)).

Build succeeded.

Time Elapsed 00:00:02.89
