Build started 3/6/2015 11:04:31 PM.
     1>Project "C:\Users\Ong\Desktop\NYP\Sem 3\DM2210_Lab2_AssignmentPart1_OngSweeSeng_142128G\Common\Common.vcxproj" on node 2 (Build target(s)).
     1>ClCompile:
         c:\Program Files (x86)\Microsoft Visual Studio 10.0\VC\bin\CL.exe /c /I"D:\Visual Leak Detector\include" /ZI /nologo /W3 /WX- /Od /Oy- /D _VARIADIC_MAX=10 /D WIN32 /D _DEBUG /D _LIB /D _UNICODE /D UNICODE /Gm /EHsc /RTC1 /MDd /GS /fp:precise /Zc:wchar_t /Zc:forScope /Fo"Debug\\" /Fd"Debug\vc100.pdb" /Gd /TP /analyze- /errorReport:prompt Source\MathUtility.cpp Source\MatrixStack.cpp Source\Mtx44.cpp Source\timer.cpp Source\Vector2.cpp Source\Vector3.cpp
         Vector3.cpp
         Vector2.cpp
         timer.cpp
         Mtx44.cpp
         MatrixStack.cpp
         MathUtility.cpp
         Generating Code...
       Lib:
         c:\Program Files (x86)\Microsoft Visual Studio 10.0\VC\bin\Lib.exe /OUT:"C:\Users\Ong\Desktop\NYP\Sem 3\DM2210_Lab2_AssignmentPart1_OngSweeSeng_142128G\Debug\Common.lib" /LIBPATH:"D:\Visual Leak Detector\lib\Win32" /NOLOGO Debug\MathUtility.obj
         Debug\MatrixStack.obj
         Debug\Mtx44.obj
         Debug\timer.obj
         Debug\Vector2.obj
         Debug\Vector3.obj
         Common.vcxproj -> C:\Users\Ong\Desktop\NYP\Sem 3\DM2210_Lab2_AssignmentPart1_OngSweeSeng_142128G\Debug\Common.lib
     1>Done Building Project "C:\Users\Ong\Desktop\NYP\Sem 3\DM2210_Lab2_AssignmentPart1_OngSweeSeng_142128G\Common\Common.vcxproj" (Build target(s)).

Build succeeded.

Time Elapsed 00:00:04.29
