C:\Users\Ong\Desktop\NYP\Graphics\Common\Debug\cl.command.1.tlog
C:\Users\Ong\Desktop\NYP\Graphics\Common\Debug\CL.read.1.tlog
C:\Users\Ong\Desktop\NYP\Graphics\Common\Debug\CL.write.1.tlog
C:\Users\Ong\Desktop\NYP\Graphics\Common\Debug\Common.vcxprojResolveAssemblyReference.cache
C:\Users\Ong\Desktop\NYP\Graphics\Common\Debug\Common.write.1.tlog
C:\Users\Ong\Desktop\NYP\Graphics\Common\Debug\lib.command.1.tlog
C:\Users\Ong\Desktop\NYP\Graphics\Common\Debug\Lib.read.1.tlog
C:\Users\Ong\Desktop\NYP\Graphics\Common\Debug\Lib-link.read.1.tlog
C:\Users\Ong\Desktop\NYP\Graphics\Common\Debug\Lib-link.write.1.tlog
C:\USERS\ONG\DESKTOP\NYP\GRAPHICS\COMMON\DEBUG\MATRIXSTACK.OBJ
C:\USERS\ONG\DESKTOP\NYP\GRAPHICS\COMMON\DEBUG\MTX44.OBJ
C:\USERS\ONG\DESKTOP\NYP\GRAPHICS\COMMON\DEBUG\TIMER.OBJ
C:\Users\Ong\Desktop\NYP\Graphics\Common\Debug\vc100.idb
C:\USERS\ONG\DESKTOP\NYP\GRAPHICS\COMMON\DEBUG\VC100.PDB
C:\USERS\ONG\DESKTOP\NYP\GRAPHICS\COMMON\DEBUG\VECTOR3.OBJ
C:\USERS\ONG\DESKTOP\NYP\GRAPHICS\DEBUG\COMMON.LIB
C:\USERS\SWEES_000\DESKTOP\NYP\GRAPHICS\COMMON\DEBUG\MATRIXSTACK.OBJ
C:\USERS\SWEES_000\DESKTOP\NYP\GRAPHICS\COMMON\DEBUG\MTX44.OBJ
C:\USERS\SWEES_000\DESKTOP\NYP\GRAPHICS\COMMON\DEBUG\TIMER.OBJ
C:\USERS\SWEES_000\DESKTOP\NYP\GRAPHICS\COMMON\DEBUG\VC100.PDB
C:\USERS\SWEES_000\DESKTOP\NYP\GRAPHICS\COMMON\DEBUG\VECTOR3.OBJ
C:\USERS\SWEES_000\DESKTOP\NYP\GRAPHICS\DEBUG\COMMON.LIB
C:\USERS\USER\DESKTOP\NYP\GRAPHICS\COMMON\DEBUG\MATRIXSTACK.OBJ
C:\USERS\USER\DESKTOP\NYP\GRAPHICS\COMMON\DEBUG\MTX44.OBJ
C:\USERS\USER\DESKTOP\NYP\GRAPHICS\COMMON\DEBUG\TIMER.OBJ
C:\USERS\USER\DESKTOP\NYP\GRAPHICS\COMMON\DEBUG\VC100.PDB
C:\USERS\USER\DESKTOP\NYP\GRAPHICS\COMMON\DEBUG\VECTOR3.OBJ
C:\USERS\USER\DESKTOP\NYP\GRAPHICS\DEBUG\COMMON.LIB
G:\GRAPHICS\COMMON\DEBUG\MATRIXSTACK.OBJ
G:\GRAPHICS\COMMON\DEBUG\MTX44.OBJ
G:\GRAPHICS\COMMON\DEBUG\TIMER.OBJ
G:\GRAPHICS\COMMON\DEBUG\VC100.PDB
G:\GRAPHICS\COMMON\DEBUG\VECTOR3.OBJ
G:\GRAPHICS\DEBUG\COMMON.LIB
