<<<<<<< HEAD
﻿Build started 7/2/2015 9:56:44 PM.
     1>Project "C:\Users\User\Desktop\NYP\Graphics\Common\Common.vcxproj" on node 2 (build target(s)).
=======
﻿Build started 7/2/2015 7:02:18 PM.
     1>Project "C:\Users\Ong\Desktop\NYP\Graphics\Common\Common.vcxproj" on node 2 (build target(s)).
>>>>>>> origin/master
     1>InitializeBuildStatus:
         Creating "Debug\Common.unsuccessfulbuild" because "AlwaysCreate" was specified.
       ClCompile:
         All outputs are up-to-date.
       Lib:
         All outputs are up-to-date.
         Common.vcxproj -> C:\Users\Ong\Desktop\NYP\Graphics\Debug\Common.lib
       FinalizeBuildStatus:
         Deleting file "Debug\Common.unsuccessfulbuild".
         Touching "Debug\Common.lastbuildstate".
     1>Done Building Project "C:\Users\Ong\Desktop\NYP\Graphics\Common\Common.vcxproj" (build target(s)).

Build succeeded.

<<<<<<< HEAD
Time Elapsed 00:00:00.02
=======
Time Elapsed 00:00:00.13
>>>>>>> origin/master
