Build started 1/11/2015 10:03:30 AM.
     1>Project "C:\Users\Ong\Desktop\NYP\Sem 4 Framework\Base\Base.vcxproj" on node 2 (Build target(s)).
     1>ClCompile:
         D:\VS 2013\VC\bin\CL.exe /c /I"C:\Users\Ong\Desktop\NYP\Sem 4 Framework\/Common/Source" /I"C:\Users\Ong\Desktop\NYP\Sem 4 Framework\/glew/include" /I"C:\Users\Ong\Desktop\NYP\Sem 4 Framework\/glfw/include" /ZI /nologo /W3 /WX- /Od /Oy- /D _VARIADIC_MAX=10 /D WIN32 /D _DEBUG /D _CONSOLE /D _UNICODE /D UNICODE /Gm /EHsc /RTC1 /MDd /GS /fp:precise /Zc:wchar_t /Zc:forScope /Fo"Debug\\" /Fd"Debug\vc120.pdb" /Gd /TP /analyze- /errorReport:prompt Source\Application.cpp Source\Camera.cpp Source\Camera2.cpp Source\Camera3.cpp Source\Collision.cpp Source\LoadOBJ.cpp Source\LoadTGA.cpp Source\main.cpp Source\Mesh.cpp Source\MeshBuilder.cpp Source\SceneText.cpp Source\shader.cpp Source\SSDLC.cpp Source\Text.cpp Source\Utility.cpp
         Utility.cpp
         Text.cpp
         SSDLC.cpp
         shader.cpp
         SceneText.cpp
         MeshBuilder.cpp
         Mesh.cpp
         main.cpp
         LoadTGA.cpp
         LoadOBJ.cpp
         Collision.cpp
         Camera3.cpp
         Camera2.cpp
         Camera.cpp
         Application.cpp
         Generating Code...
       Link:
         D:\VS 2013\VC\bin\link.exe /ERRORREPORT:PROMPT /OUT:"C:\Users\Ong\Desktop\NYP\Sem 4 Framework\Debug\Base.exe" /INCREMENTAL:NO /NOLOGO /LIBPATH:"C:\Users\Ong\Desktop\NYP\Sem 4 Framework\Debug" /LIBPATH:"C:\Users\Ong\Desktop\NYP\Sem 4 Framework\/glfw/lib-msvc100" /LIBPATH:"C:\Users\Ong\Desktop\NYP\Sem 4 Framework\/glew/lib" Common.lib winmm.lib opengl32.lib glu32.lib glew32.lib glfw3.lib kernel32.lib user32.lib gdi32.lib winspool.lib comdlg32.lib advapi32.lib shell32.lib ole32.lib oleaut32.lib uuid.lib odbc32.lib odbccp32.lib /MANIFEST /MANIFESTUAC:"level='asInvoker' uiAccess='false'" /manifest:embed /DEBUG /PDB:"C:\Users\Ong\Desktop\NYP\Sem 4 Framework\Debug\Base.pdb" /SUBSYSTEM:CONSOLE /TLBID:1 /DYNAMICBASE /NXCOMPAT /IMPLIB:"C:\Users\Ong\Desktop\NYP\Sem 4 Framework\Debug\Base.lib" /MACHINE:X86 Debug\Application.obj
         Debug\Camera.obj
         Debug\Camera2.obj
         Debug\Camera3.obj
         Debug\Collision.obj
         Debug\LoadOBJ.obj
         Debug\LoadTGA.obj
         Debug\main.obj
         Debug\Mesh.obj
         Debug\MeshBuilder.obj
         Debug\SceneText.obj
         Debug\shader.obj
         Debug\SSDLC.obj
         Debug\Text.obj
         Debug\Utility.obj
     1>Application.obj : warning LNK4075: ignoring '/EDITANDCONTINUE' due to '/OPT:LBR' specification
     1>LINK : warning LNK4098: defaultlib 'MSVCRT' conflicts with use of other libs; use /NODEFAULTLIB:library
         Base.vcxproj -> C:\Users\Ong\Desktop\NYP\Sem 4 Framework\Debug\Base.exe
     1>Done Building Project "C:\Users\Ong\Desktop\NYP\Sem 4 Framework\Base\Base.vcxproj" (Build target(s)).

Build succeeded.

Time Elapsed 00:00:07.86
