c:\users\ong\desktop\nyp\sem 4 framework\base\debug\application.obj
c:\users\ong\desktop\nyp\sem 4 framework\base\debug\camera.obj
c:\users\ong\desktop\nyp\sem 4 framework\base\debug\camera2.obj
c:\users\ong\desktop\nyp\sem 4 framework\base\debug\camera3.obj
c:\users\ong\desktop\nyp\sem 4 framework\base\debug\collision.obj
c:\users\ong\desktop\nyp\sem 4 framework\base\debug\loadobj.obj
c:\users\ong\desktop\nyp\sem 4 framework\base\debug\loadtga.obj
c:\users\ong\desktop\nyp\sem 4 framework\base\debug\main.obj
c:\users\ong\desktop\nyp\sem 4 framework\base\debug\mesh.obj
c:\users\ong\desktop\nyp\sem 4 framework\base\debug\meshbuilder.obj
c:\users\ong\desktop\nyp\sem 4 framework\base\debug\scenetext.obj
c:\users\ong\desktop\nyp\sem 4 framework\base\debug\shader.obj
c:\users\ong\desktop\nyp\sem 4 framework\base\debug\ssdlc.obj
c:\users\ong\desktop\nyp\sem 4 framework\base\debug\text.obj
c:\users\ong\desktop\nyp\sem 4 framework\base\debug\utility.obj
c:\users\ong\desktop\nyp\sem 4 framework\base\debug\vc100.pdb
c:\users\ong\desktop\nyp\sem 4 framework\debug\base.exe
c:\users\ong\desktop\nyp\sem 4 framework\base\debug\base.exe.intermediate.manifest
c:\users\ong\desktop\nyp\sem 4 framework\debug\base.pdb
c:\users\ong\desktop\nyp\sem 4 framework\base\debug\vc120.pdb
c:\users\ong\desktop\nyp\sem 4 framework\base\debug\vc120.idb
c:\users\ong\desktop\nyp\sem 4 framework\base\debug\cl.command.1.tlog
c:\users\ong\desktop\nyp\sem 4 framework\base\debug\cl.read.1.tlog
c:\users\ong\desktop\nyp\sem 4 framework\base\debug\cl.write.1.tlog
c:\users\ong\desktop\nyp\sem 4 framework\base\debug\link.command.1.tlog
c:\users\ong\desktop\nyp\sem 4 framework\base\debug\link.read.1.tlog
c:\users\ong\desktop\nyp\sem 4 framework\base\debug\link.write.1.tlog
c:\users\ong\desktop\nyp\sem 4 framework\base\debug\mt.command.1.tlog
c:\users\ong\desktop\nyp\sem 4 framework\base\debug\mt.read.1.tlog
c:\users\ong\desktop\nyp\sem 4 framework\base\debug\mt.write.1.tlog
c:\users\ong\desktop\nyp\sem 4 framework\base\debug\vc100.idb
c:\users\ong\desktop\nyp\sem 4 framework\base\debug\base.tlog\cl.command.1.tlog
c:\users\ong\desktop\nyp\sem 4 framework\base\debug\base.tlog\cl.read.1.tlog
c:\users\ong\desktop\nyp\sem 4 framework\base\debug\base.tlog\cl.write.1.tlog
c:\users\ong\desktop\nyp\sem 4 framework\base\debug\base.tlog\link-cvtres.read.1.tlog
c:\users\ong\desktop\nyp\sem 4 framework\base\debug\base.tlog\link-cvtres.write.1.tlog
c:\users\ong\desktop\nyp\sem 4 framework\base\debug\base.tlog\link-rc.read.1.tlog
c:\users\ong\desktop\nyp\sem 4 framework\base\debug\base.tlog\link-rc.write.1.tlog
c:\users\ong\desktop\nyp\sem 4 framework\base\debug\base.tlog\link.command.1.tlog
c:\users\ong\desktop\nyp\sem 4 framework\base\debug\base.tlog\link.read.1.tlog
c:\users\ong\desktop\nyp\sem 4 framework\base\debug\base.tlog\link.write.1.tlog
