c:\users\142128g\desktop\nyp\advance game development\y2s2_framework\common\release\timer.obj
c:\users\142128g\desktop\nyp\advance game development\y2s2_framework\common\release\vector3.obj
c:\users\142128g\desktop\nyp\advance game development\y2s2_framework\common\release\vector2.obj
c:\users\142128g\desktop\nyp\advance game development\y2s2_framework\common\release\ssdlc.obj
c:\users\142128g\desktop\nyp\advance game development\y2s2_framework\common\release\mtx44.obj
c:\users\142128g\desktop\nyp\advance game development\y2s2_framework\common\release\matrixstack.obj
c:\users\142128g\desktop\nyp\advance game development\y2s2_framework\common\release\mathutility.obj
c:\users\142128g\desktop\nyp\advance game development\y2s2_framework\common\release\vc100.pdb
c:\users\142128g\desktop\nyp\advance game development\y2s2_framework\release\common.lib
c:\users\ong\desktop\nyp\advance game development\y2s2_framework\common\release\vc120.pdb
c:\users\ong\desktop\nyp\advance game development\y2s2_framework\common\release\vector3.obj
c:\users\ong\desktop\nyp\advance game development\y2s2_framework\common\release\vector2.obj
c:\users\ong\desktop\nyp\advance game development\y2s2_framework\common\release\timer.obj
c:\users\ong\desktop\nyp\advance game development\y2s2_framework\common\release\ssdlc.obj
c:\users\ong\desktop\nyp\advance game development\y2s2_framework\common\release\mtx44.obj
c:\users\ong\desktop\nyp\advance game development\y2s2_framework\common\release\matrixstack.obj
c:\users\ong\desktop\nyp\advance game development\y2s2_framework\common\release\mathutility.obj
c:\users\ong\desktop\nyp\advance game development\y2s2_framework\release\common.lib
c:\users\ong\desktop\nyp\advance game development\y2s2_framework\common\release\cl.command.1.tlog
c:\users\ong\desktop\nyp\advance game development\y2s2_framework\common\release\cl.read.1.tlog
c:\users\ong\desktop\nyp\advance game development\y2s2_framework\common\release\cl.write.1.tlog
c:\users\ong\desktop\nyp\advance game development\y2s2_framework\common\release\common.write.1.tlog
c:\users\ong\desktop\nyp\advance game development\y2s2_framework\common\release\lib-link.read.1.tlog
c:\users\ong\desktop\nyp\advance game development\y2s2_framework\common\release\lib-link.write.1.tlog
c:\users\ong\desktop\nyp\advance game development\y2s2_framework\common\release\lib.command.1.tlog
c:\users\ong\desktop\nyp\advance game development\y2s2_framework\common\release\vc100.pdb
c:\users\ong\desktop\nyp\advance game development\y2s2_framework\common\release\common.tlog\cl.command.1.tlog
c:\users\ong\desktop\nyp\advance game development\y2s2_framework\common\release\common.tlog\cl.read.1.tlog
c:\users\ong\desktop\nyp\advance game development\y2s2_framework\common\release\common.tlog\cl.write.1.tlog
c:\users\ong\desktop\nyp\advance game development\y2s2_framework\common\release\common.tlog\lib-link.read.1.tlog
c:\users\ong\desktop\nyp\advance game development\y2s2_framework\common\release\common.tlog\lib-link.write.1.tlog
c:\users\ong\desktop\nyp\advance game development\y2s2_framework\common\release\common.tlog\lib.command.1.tlog
