Build started 1/12/2016 11:12:36 AM.
     1>Project "C:\Users\142128G\Desktop\Movement (NetworkGameplay) framework\MovementServer\MovementServer.vcxproj" on node 2 (Build target(s)).
     1>ClCompile:
         C:\Program Files (x86)\Microsoft Visual Studio 12.0\VC\bin\CL.exe /c /I..\RakNet\Source /ZI /nologo /W3 /WX- /Od /Oy- /D WIN32 /D _DEBUG /D _CONSOLE /D _UNICODE /D UNICODE /Gm /EHsc /RTC1 /MTd /GS /fp:precise /Zc:wchar_t /Zc:forScope /Fo"Debug\\" /Fd"Debug\vc120.pdb" /Gd /TP /analyze- /errorReport:prompt Server.cpp ServerApp.cpp
         ServerApp.cpp
         Server.cpp
         Generating Code...
       Link:
         C:\Program Files (x86)\Microsoft Visual Studio 12.0\VC\bin\link.exe /ERRORREPORT:PROMPT /OUT:"C:\Users\142128G\Desktop\Movement (NetworkGameplay) framework\Debug\MovementServer.exe" /INCREMENTAL /NOLOGO /LIBPATH:..\RakNet\Lib RaknetLibStaticDebug.lib ws2_32.lib kernel32.lib user32.lib gdi32.lib winspool.lib comdlg32.lib advapi32.lib shell32.lib ole32.lib oleaut32.lib uuid.lib odbc32.lib odbccp32.lib /MANIFEST /MANIFESTUAC:"level='asInvoker' uiAccess='false'" /manifest:embed /DEBUG /PDB:"C:\Users\142128G\Desktop\Movement (NetworkGameplay) framework\Debug\MovementServer.pdb" /SUBSYSTEM:CONSOLE /TLBID:1 /DYNAMICBASE /NXCOMPAT /IMPLIB:"C:\Users\142128G\Desktop\Movement (NetworkGameplay) framework\Debug\MovementServer.lib" /MACHINE:X86 /SAFESEH Debug\Server.obj
         Debug\ServerApp.obj
     1>Server.obj : warning LNK4075: ignoring '/EDITANDCONTINUE' due to '/SAFESEH' specification
     1>RaknetLibStaticDebug.lib(BigInt.obj) : warning LNK4099: PDB 'raknetlibstaticdebug.pdb' was not found with 'RaknetLibStaticDebug.lib(BigInt.obj)' or at 'C:\Users\142128G\Desktop\Movement (NetworkGameplay) framework\Debug\raknetlibstaticdebug.pdb'; linking object as if no debug info
     1>RaknetLibStaticDebug.lib(BitStream.obj) : warning LNK4099: PDB 'raknetlibstaticdebug.pdb' was not found with 'RaknetLibStaticDebug.lib(BitStream.obj)' or at 'C:\Users\142128G\Desktop\Movement (NetworkGameplay) framework\Debug\raknetlibstaticdebug.pdb'; linking object as if no debug info
     1>RaknetLibStaticDebug.lib(CCRakNetUDT.obj) : warning LNK4099: PDB 'raknetlibstaticdebug.pdb' was not found with 'RaknetLibStaticDebug.lib(CCRakNetUDT.obj)' or at 'C:\Users\142128G\Desktop\Movement (NetworkGameplay) framework\Debug\raknetlibstaticdebug.pdb'; linking object as if no debug info
     1>RaknetLibStaticDebug.lib(CheckSum.obj) : warning LNK4099: PDB 'raknetlibstaticdebug.pdb' was not found with 'RaknetLibStaticDebug.lib(CheckSum.obj)' or at 'C:\Users\142128G\Desktop\Movement (NetworkGameplay) framework\Debug\raknetlibstaticdebug.pdb'; linking object as if no debug info
     1>RaknetLibStaticDebug.lib(CommandParserInterface.obj) : warning LNK4099: PDB 'raknetlibstaticdebug.pdb' was not found with 'RaknetLibStaticDebug.lib(CommandParserInterface.obj)' or at 'C:\Users\142128G\Desktop\Movement (NetworkGameplay) framework\Debug\raknetlibstaticdebug.pdb'; linking object as if no debug info
     1>RaknetLibStaticDebug.lib(ConnectionGraph.obj) : warning LNK4099: PDB 'raknetlibstaticdebug.pdb' was not found with 'RaknetLibStaticDebug.lib(ConnectionGraph.obj)' or at 'C:\Users\142128G\Desktop\Movement (NetworkGameplay) framework\Debug\raknetlibstaticdebug.pdb'; linking object as if no debug info
     1>RaknetLibStaticDebug.lib(ConsoleServer.obj) : warning LNK4099: PDB 'raknetlibstaticdebug.pdb' was not found with 'RaknetLibStaticDebug.lib(ConsoleServer.obj)' or at 'C:\Users\142128G\Desktop\Movement (NetworkGameplay) framework\Debug\raknetlibstaticdebug.pdb'; linking object as if no debug info
     1>RaknetLibStaticDebug.lib(DataBlockEncryptor.obj) : warning LNK4099: PDB 'raknetlibstaticdebug.pdb' was not found with 'RaknetLibStaticDebug.lib(DataBlockEncryptor.obj)' or at 'C:\Users\142128G\Desktop\Movement (NetworkGameplay) framework\Debug\raknetlibstaticdebug.pdb'; linking object as if no debug info
     1>RaknetLibStaticDebug.lib(DS_ByteQueue.obj) : warning LNK4099: PDB 'raknetlibstaticdebug.pdb' was not found with 'RaknetLibStaticDebug.lib(DS_ByteQueue.obj)' or at 'C:\Users\142128G\Desktop\Movement (NetworkGameplay) framework\Debug\raknetlibstaticdebug.pdb'; linking object as if no debug info
     1>RaknetLibStaticDebug.lib(DS_HuffmanEncodingTree.obj) : warning LNK4099: PDB 'raknetlibstaticdebug.pdb' was not found with 'RaknetLibStaticDebug.lib(DS_HuffmanEncodingTree.obj)' or at 'C:\Users\142128G\Desktop\Movement (NetworkGameplay) framework\Debug\raknetlibstaticdebug.pdb'; linking object as if no debug info
     1>RaknetLibStaticDebug.lib(GetTime.obj) : warning LNK4099: PDB 'raknetlibstaticdebug.pdb' was not found with 'RaknetLibStaticDebug.lib(GetTime.obj)' or at 'C:\Users\142128G\Desktop\Movement (NetworkGameplay) framework\Debug\raknetlibstaticdebug.pdb'; linking object as if no debug info
     1>RaknetLibStaticDebug.lib(gettimeofday.obj) : warning LNK4099: PDB 'raknetlibstaticdebug.pdb' was not found with 'RaknetLibStaticDebug.lib(gettimeofday.obj)' or at 'C:\Users\142128G\Desktop\Movement (NetworkGameplay) framework\Debug\raknetlibstaticdebug.pdb'; linking object as if no debug info
     1>RaknetLibStaticDebug.lib(Itoa.obj) : warning LNK4099: PDB 'raknetlibstaticdebug.pdb' was not found with 'RaknetLibStaticDebug.lib(Itoa.obj)' or at 'C:\Users\142128G\Desktop\Movement (NetworkGameplay) framework\Debug\raknetlibstaticdebug.pdb'; linking object as if no debug info
     1>RaknetLibStaticDebug.lib(LogCommandParser.obj) : warning LNK4099: PDB 'raknetlibstaticdebug.pdb' was not found with 'RaknetLibStaticDebug.lib(LogCommandParser.obj)' or at 'C:\Users\142128G\Desktop\Movement (NetworkGameplay) framework\Debug\raknetlibstaticdebug.pdb'; linking object as if no debug info
     1>RaknetLibStaticDebug.lib(NetworkIDManager.obj) : warning LNK4099: PDB 'raknetlibstaticdebug.pdb' was not found with 'RaknetLibStaticDebug.lib(NetworkIDManager.obj)' or at 'C:\Users\142128G\Desktop\Movement (NetworkGameplay) framework\Debug\raknetlibstaticdebug.pdb'; linking object as if no debug info
     1>RaknetLibStaticDebug.lib(NetworkIDObject.obj) : warning LNK4099: PDB 'raknetlibstaticdebug.pdb' was not found with 'RaknetLibStaticDebug.lib(NetworkIDObject.obj)' or at 'C:\Users\142128G\Desktop\Movement (NetworkGameplay) framework\Debug\raknetlibstaticdebug.pdb'; linking object as if no debug info
     1>RaknetLibStaticDebug.lib(PacketConsoleLogger.obj) : warning LNK4099: PDB 'raknetlibstaticdebug.pdb' was not found with 'RaknetLibStaticDebug.lib(PacketConsoleLogger.obj)' or at 'C:\Users\142128G\Desktop\Movement (NetworkGameplay) framework\Debug\raknetlibstaticdebug.pdb'; linking object as if no debug info
     1>RaknetLibStaticDebug.lib(PacketFileLogger.obj) : warning LNK4099: PDB 'raknetlibstaticdebug.pdb' was not found with 'RaknetLibStaticDebug.lib(PacketFileLogger.obj)' or at 'C:\Users\142128G\Desktop\Movement (NetworkGameplay) framework\Debug\raknetlibstaticdebug.pdb'; linking object as if no debug info
     1>RaknetLibStaticDebug.lib(PacketizedTCP.obj) : warning LNK4099: PDB 'raknetlibstaticdebug.pdb' was not found with 'RaknetLibStaticDebug.lib(PacketizedTCP.obj)' or at 'C:\Users\142128G\Desktop\Movement (NetworkGameplay) framework\Debug\raknetlibstaticdebug.pdb'; linking object as if no debug info
     1>RaknetLibStaticDebug.lib(PacketLogger.obj) : warning LNK4099: PDB 'raknetlibstaticdebug.pdb' was not found with 'RaknetLibStaticDebug.lib(PacketLogger.obj)' or at 'C:\Users\142128G\Desktop\Movement (NetworkGameplay) framework\Debug\raknetlibstaticdebug.pdb'; linking object as if no debug info
     1>RaknetLibStaticDebug.lib(PluginInterface2.obj) : warning LNK4099: PDB 'raknetlibstaticdebug.pdb' was not found with 'RaknetLibStaticDebug.lib(PluginInterface2.obj)' or at 'C:\Users\142128G\Desktop\Movement (NetworkGameplay) framework\Debug\raknetlibstaticdebug.pdb'; linking object as if no debug info
     1>RaknetLibStaticDebug.lib(RakMemoryOverride.obj) : warning LNK4099: PDB 'raknetlibstaticdebug.pdb' was not found with 'RaknetLibStaticDebug.lib(RakMemoryOverride.obj)' or at 'C:\Users\142128G\Desktop\Movement (NetworkGameplay) framework\Debug\raknetlibstaticdebug.pdb'; linking object as if no debug info
     1>RaknetLibStaticDebug.lib(RakNetCommandParser.obj) : warning LNK4099: PDB 'raknetlibstaticdebug.pdb' was not found with 'RaknetLibStaticDebug.lib(RakNetCommandParser.obj)' or at 'C:\Users\142128G\Desktop\Movement (NetworkGameplay) framework\Debug\raknetlibstaticdebug.pdb'; linking object as if no debug info
     1>RaknetLibStaticDebug.lib(RakNetSocket.obj) : warning LNK4099: PDB 'raknetlibstaticdebug.pdb' was not found with 'RaknetLibStaticDebug.lib(RakNetSocket.obj)' or at 'C:\Users\142128G\Desktop\Movement (NetworkGameplay) framework\Debug\raknetlibstaticdebug.pdb'; linking object as if no debug info
     1>RaknetLibStaticDebug.lib(RakNetTransport.obj) : warning LNK4099: PDB 'raknetlibstaticdebug.pdb' was not found with 'RaknetLibStaticDebug.lib(RakNetTransport.obj)' or at 'C:\Users\142128G\Desktop\Movement (NetworkGameplay) framework\Debug\raknetlibstaticdebug.pdb'; linking object as if no debug info
     1>RaknetLibStaticDebug.lib(RakNetTypes.obj) : warning LNK4099: PDB 'raknetlibstaticdebug.pdb' was not found with 'RaknetLibStaticDebug.lib(RakNetTypes.obj)' or at 'C:\Users\142128G\Desktop\Movement (NetworkGameplay) framework\Debug\raknetlibstaticdebug.pdb'; linking object as if no debug info
     1>RaknetLibStaticDebug.lib(RakNetworkFactory.obj) : warning LNK4099: PDB 'raknetlibstaticdebug.pdb' was not found with 'RaknetLibStaticDebug.lib(RakNetworkFactory.obj)' or at 'C:\Users\142128G\Desktop\Movement (NetworkGameplay) framework\Debug\raknetlibstaticdebug.pdb'; linking object as if no debug info
     1>RaknetLibStaticDebug.lib(RakPeer.obj) : warning LNK4099: PDB 'raknetlibstaticdebug.pdb' was not found with 'RaknetLibStaticDebug.lib(RakPeer.obj)' or at 'C:\Users\142128G\Desktop\Movement (NetworkGameplay) framework\Debug\raknetlibstaticdebug.pdb'; linking object as if no debug info
     1>RaknetLibStaticDebug.lib(RakSleep.obj) : warning LNK4099: PDB 'raknetlibstaticdebug.pdb' was not found with 'RaknetLibStaticDebug.lib(RakSleep.obj)' or at 'C:\Users\142128G\Desktop\Movement (NetworkGameplay) framework\Debug\raknetlibstaticdebug.pdb'; linking object as if no debug info
     1>RaknetLibStaticDebug.lib(RakString.obj) : warning LNK4099: PDB 'raknetlibstaticdebug.pdb' was not found with 'RaknetLibStaticDebug.lib(RakString.obj)' or at 'C:\Users\142128G\Desktop\Movement (NetworkGameplay) framework\Debug\raknetlibstaticdebug.pdb'; linking object as if no debug info
     1>RaknetLibStaticDebug.lib(RakThread.obj) : warning LNK4099: PDB 'raknetlibstaticdebug.pdb' was not found with 'RaknetLibStaticDebug.lib(RakThread.obj)' or at 'C:\Users\142128G\Desktop\Movement (NetworkGameplay) framework\Debug\raknetlibstaticdebug.pdb'; linking object as if no debug info
     1>RaknetLibStaticDebug.lib(Rand.obj) : warning LNK4099: PDB 'raknetlibstaticdebug.pdb' was not found with 'RaknetLibStaticDebug.lib(Rand.obj)' or at 'C:\Users\142128G\Desktop\Movement (NetworkGameplay) framework\Debug\raknetlibstaticdebug.pdb'; linking object as if no debug info
     1>RaknetLibStaticDebug.lib(ReliabilityLayer.obj) : warning LNK4099: PDB 'raknetlibstaticdebug.pdb' was not found with 'RaknetLibStaticDebug.lib(ReliabilityLayer.obj)' or at 'C:\Users\142128G\Desktop\Movement (NetworkGameplay) framework\Debug\raknetlibstaticdebug.pdb'; linking object as if no debug info
     1>RaknetLibStaticDebug.lib(ReplicaManager.obj) : warning LNK4099: PDB 'raknetlibstaticdebug.pdb' was not found with 'RaknetLibStaticDebug.lib(ReplicaManager.obj)' or at 'C:\Users\142128G\Desktop\Movement (NetworkGameplay) framework\Debug\raknetlibstaticdebug.pdb'; linking object as if no debug info
     1>RaknetLibStaticDebug.lib(rijndael.obj) : warning LNK4099: PDB 'raknetlibstaticdebug.pdb' was not found with 'RaknetLibStaticDebug.lib(rijndael.obj)' or at 'C:\Users\142128G\Desktop\Movement (NetworkGameplay) framework\Debug\raknetlibstaticdebug.pdb'; linking object as if no debug info
     1>RaknetLibStaticDebug.lib(Router.obj) : warning LNK4099: PDB 'raknetlibstaticdebug.pdb' was not found with 'RaknetLibStaticDebug.lib(Router.obj)' or at 'C:\Users\142128G\Desktop\Movement (NetworkGameplay) framework\Debug\raknetlibstaticdebug.pdb'; linking object as if no debug info
     1>RaknetLibStaticDebug.lib(RPCMap.obj) : warning LNK4099: PDB 'raknetlibstaticdebug.pdb' was not found with 'RaknetLibStaticDebug.lib(RPCMap.obj)' or at 'C:\Users\142128G\Desktop\Movement (NetworkGameplay) framework\Debug\raknetlibstaticdebug.pdb'; linking object as if no debug info
     1>RaknetLibStaticDebug.lib(RSACrypt.obj) : warning LNK4099: PDB 'raknetlibstaticdebug.pdb' was not found with 'RaknetLibStaticDebug.lib(RSACrypt.obj)' or at 'C:\Users\142128G\Desktop\Movement (NetworkGameplay) framework\Debug\raknetlibstaticdebug.pdb'; linking object as if no debug info
     1>RaknetLibStaticDebug.lib(SHA1.obj) : warning LNK4099: PDB 'raknetlibstaticdebug.pdb' was not found with 'RaknetLibStaticDebug.lib(SHA1.obj)' or at 'C:\Users\142128G\Desktop\Movement (NetworkGameplay) framework\Debug\raknetlibstaticdebug.pdb'; linking object as if no debug info
     1>RaknetLibStaticDebug.lib(SignaledEvent.obj) : warning LNK4099: PDB 'raknetlibstaticdebug.pdb' was not found with 'RaknetLibStaticDebug.lib(SignaledEvent.obj)' or at 'C:\Users\142128G\Desktop\Movement (NetworkGameplay) framework\Debug\raknetlibstaticdebug.pdb'; linking object as if no debug info
     1>RaknetLibStaticDebug.lib(SimpleMutex.obj) : warning LNK4099: PDB 'raknetlibstaticdebug.pdb' was not found with 'RaknetLibStaticDebug.lib(SimpleMutex.obj)' or at 'C:\Users\142128G\Desktop\Movement (NetworkGameplay) framework\Debug\raknetlibstaticdebug.pdb'; linking object as if no debug info
     1>RaknetLibStaticDebug.lib(SocketLayer.obj) : warning LNK4099: PDB 'raknetlibstaticdebug.pdb' was not found with 'RaknetLibStaticDebug.lib(SocketLayer.obj)' or at 'C:\Users\142128G\Desktop\Movement (NetworkGameplay) framework\Debug\raknetlibstaticdebug.pdb'; linking object as if no debug info
     1>RaknetLibStaticDebug.lib(StringCompressor.obj) : warning LNK4099: PDB 'raknetlibstaticdebug.pdb' was not found with 'RaknetLibStaticDebug.lib(StringCompressor.obj)' or at 'C:\Users\142128G\Desktop\Movement (NetworkGameplay) framework\Debug\raknetlibstaticdebug.pdb'; linking object as if no debug info
     1>RaknetLibStaticDebug.lib(StringTable.obj) : warning LNK4099: PDB 'raknetlibstaticdebug.pdb' was not found with 'RaknetLibStaticDebug.lib(StringTable.obj)' or at 'C:\Users\142128G\Desktop\Movement (NetworkGameplay) framework\Debug\raknetlibstaticdebug.pdb'; linking object as if no debug info
     1>RaknetLibStaticDebug.lib(SystemAddressList.obj) : warning LNK4099: PDB 'raknetlibstaticdebug.pdb' was not found with 'RaknetLibStaticDebug.lib(SystemAddressList.obj)' or at 'C:\Users\142128G\Desktop\Movement (NetworkGameplay) framework\Debug\raknetlibstaticdebug.pdb'; linking object as if no debug info
     1>RaknetLibStaticDebug.lib(TCPInterface.obj) : warning LNK4099: PDB 'raknetlibstaticdebug.pdb' was not found with 'RaknetLibStaticDebug.lib(TCPInterface.obj)' or at 'C:\Users\142128G\Desktop\Movement (NetworkGameplay) framework\Debug\raknetlibstaticdebug.pdb'; linking object as if no debug info
     1>RaknetLibStaticDebug.lib(TelnetTransport.obj) : warning LNK4099: PDB 'raknetlibstaticdebug.pdb' was not found with 'RaknetLibStaticDebug.lib(TelnetTransport.obj)' or at 'C:\Users\142128G\Desktop\Movement (NetworkGameplay) framework\Debug\raknetlibstaticdebug.pdb'; linking object as if no debug info
     1>RaknetLibStaticDebug.lib(WSAStartupSingleton.obj) : warning LNK4099: PDB 'raknetlibstaticdebug.pdb' was not found with 'RaknetLibStaticDebug.lib(WSAStartupSingleton.obj)' or at 'C:\Users\142128G\Desktop\Movement (NetworkGameplay) framework\Debug\raknetlibstaticdebug.pdb'; linking object as if no debug info
         MovementServer.vcxproj -> C:\Users\142128G\Desktop\Movement (NetworkGameplay) framework\Debug\MovementServer.exe
     1>Done Building Project "C:\Users\142128G\Desktop\Movement (NetworkGameplay) framework\MovementServer\MovementServer.vcxproj" (Build target(s)).

Build succeeded.

Time Elapsed 00:00:03.26
