C:\USERS\ONG\DESKTOP\NYP\SEM 3\PHYSICS\BASE\DEBUG\APPLICATION.OBJ
C:\USERS\ONG\DESKTOP\NYP\SEM 3\PHYSICS\BASE\DEBUG\BASE.EXE.INTERMEDIATE.MANIFEST
C:\Users\Ong\Desktop\NYP\Sem 3\Physics\Base\Debug\Base.vcxprojResolveAssemblyReference.cache
C:\Users\Ong\Desktop\NYP\Sem 3\Physics\Base\Debug\Base.write.1.tlog
C:\USERS\ONG\DESKTOP\NYP\SEM 3\PHYSICS\BASE\DEBUG\CAMERA.OBJ
C:\Users\Ong\Desktop\NYP\Sem 3\Physics\Base\Debug\cl.command.1.tlog
C:\Users\Ong\Desktop\NYP\Sem 3\Physics\Base\Debug\CL.read.1.tlog
C:\Users\Ong\Desktop\NYP\Sem 3\Physics\Base\Debug\CL.write.1.tlog
C:\USERS\ONG\DESKTOP\NYP\SEM 3\PHYSICS\BASE\DEBUG\GAMEOBJECT.OBJ
C:\Users\Ong\Desktop\NYP\Sem 3\Physics\Base\Debug\link.command.1.tlog
C:\Users\Ong\Desktop\NYP\Sem 3\Physics\Base\Debug\link.read.1.tlog
C:\Users\Ong\Desktop\NYP\Sem 3\Physics\Base\Debug\link.write.1.tlog
C:\USERS\ONG\DESKTOP\NYP\SEM 3\PHYSICS\BASE\DEBUG\LOADOBJ.OBJ
C:\USERS\ONG\DESKTOP\NYP\SEM 3\PHYSICS\BASE\DEBUG\LOADTGA.OBJ
C:\USERS\ONG\DESKTOP\NYP\SEM 3\PHYSICS\BASE\DEBUG\MAIN.OBJ
C:\USERS\ONG\DESKTOP\NYP\SEM 3\PHYSICS\BASE\DEBUG\MESH.OBJ
C:\USERS\ONG\DESKTOP\NYP\SEM 3\PHYSICS\BASE\DEBUG\MESHBUILDER.OBJ
C:\Users\Ong\Desktop\NYP\Sem 3\Physics\Base\Debug\mt.command.1.tlog
C:\Users\Ong\Desktop\NYP\Sem 3\Physics\Base\Debug\mt.read.1.tlog
C:\Users\Ong\Desktop\NYP\Sem 3\Physics\Base\Debug\mt.write.1.tlog
C:\USERS\ONG\DESKTOP\NYP\SEM 3\PHYSICS\BASE\DEBUG\SCENEASTEROID.OBJ
C:\USERS\ONG\DESKTOP\NYP\SEM 3\PHYSICS\BASE\DEBUG\SCENEBASE.OBJ
C:\USERS\ONG\DESKTOP\NYP\SEM 3\PHYSICS\BASE\DEBUG\SCENEKINEMATICS.OBJ
C:\USERS\ONG\DESKTOP\NYP\SEM 3\PHYSICS\BASE\DEBUG\SHADER.OBJ
C:\USERS\ONG\DESKTOP\NYP\SEM 3\PHYSICS\BASE\DEBUG\UTILITY.OBJ
C:\Users\Ong\Desktop\NYP\Sem 3\Physics\Base\Debug\vc100.idb
C:\USERS\ONG\DESKTOP\NYP\SEM 3\PHYSICS\BASE\DEBUG\VC100.PDB
C:\USERS\ONG\DESKTOP\NYP\SEM 3\PHYSICS\DEBUG\BASE.EXE
C:\USERS\ONG\DESKTOP\NYP\SEM 3\PHYSICS\DEBUG\BASE.PDB
