Build started 5/6/2015 11:26:55 AM.
     1>Project "C:\Users\Ong\Desktop\NYP\Sem 3\Physics\Base\Base.vcxproj" on node 2 (Build target(s)).
     1>ClCompile:
         c:\Program Files (x86)\Microsoft Visual Studio 10.0\VC\bin\CL.exe /c /I"C:\Users\Ong\Desktop\NYP\Sem 3\Physics\/Common/Source" /I"C:\Users\Ong\Desktop\NYP\Sem 3\Physics\/glew/include" /I"C:\Users\Ong\Desktop\NYP\Sem 3\Physics\/glfw/include" /I"D:\Visual Leak Detector\include" /ZI /nologo /W3 /WX- /Od /Oy- /D _VARIADIC_MAX=10 /D WIN32 /D _DEBUG /D _CONSOLE /D _UNICODE /D UNICODE /Gm /EHsc /RTC1 /MDd /GS /fp:precise /Zc:wchar_t /Zc:forScope /Fo"Debug\\" /Fd"Debug\vc100.pdb" /Gd /TP /analyze- /errorReport:prompt Source\Application.cpp Source\SceneAsteroid.cpp Source\SceneCollision.cpp
         SceneCollision.cpp
     1>c:\users\ong\desktop\nyp\sem 3\physics\base\source\scenecollision.cpp(87): warning C4244: 'initializing' : conversion from 'double' to 'float', possible loss of data
     1>c:\users\ong\desktop\nyp\sem 3\physics\base\source\scenecollision.cpp(88): warning C4244: 'initializing' : conversion from 'double' to 'float', possible loss of data
     1>c:\users\ong\desktop\nyp\sem 3\physics\base\source\scenecollision.cpp(115): warning C4552: '*' : operator has no effect; expected operator with side-effect
     1>c:\users\ong\desktop\nyp\sem 3\physics\base\source\scenecollision.cpp(122): warning C4244: 'argument' : conversion from 'double' to 'float', possible loss of data
         Generating Code...
         Compiling...
         Application.cpp
         Generating Code...
         Skipping... (no relevant changes detected)
         SceneAsteroid.cpp
       Link:
         c:\Program Files (x86)\Microsoft Visual Studio 10.0\VC\bin\link.exe /ERRORREPORT:PROMPT /OUT:"C:\Users\Ong\Desktop\NYP\Sem 3\Physics\Debug\Base.exe" /INCREMENTAL:NO /NOLOGO /LIBPATH:"C:\Users\Ong\Desktop\NYP\Sem 3\Physics\Debug" /LIBPATH:"C:\Users\Ong\Desktop\NYP\Sem 3\Physics\/glfw/lib-msvc100" /LIBPATH:"C:\Users\Ong\Desktop\NYP\Sem 3\Physics\/glew/lib" /LIBPATH:"D:\Visual Leak Detector\lib\Win32" Common.lib winmm.lib opengl32.lib glu32.lib glew32.lib glfw3.lib kernel32.lib user32.lib gdi32.lib winspool.lib comdlg32.lib advapi32.lib shell32.lib ole32.lib oleaut32.lib uuid.lib odbc32.lib odbccp32.lib /MANIFEST /ManifestFile:"Debug\Base.exe.intermediate.manifest" /MANIFESTUAC:"level='asInvoker' uiAccess='false'" /DEBUG /PDB:"C:\Users\Ong\Desktop\NYP\Sem 3\Physics\Debug\Base.pdb" /SUBSYSTEM:CONSOLE /TLBID:1 /DYNAMICBASE /NXCOMPAT /IMPLIB:"C:\Users\Ong\Desktop\NYP\Sem 3\Physics\Debug\Base.lib" /MACHINE:X86 Debug\Application.obj
         Debug\Camera.obj
         Debug\GameObject.obj
         Debug\LoadOBJ.obj
         Debug\LoadTGA.obj
         Debug\main.obj
         Debug\Mesh.obj
         Debug\MeshBuilder.obj
         Debug\SceneAsteroid.obj
         Debug\SceneBase.obj
         Debug\SceneCollision.obj
         Debug\SceneKinematics.obj
         Debug\shader.obj
         Debug\StartMenu.obj
         Debug\Utility.obj
     1>Application.obj : warning LNK4075: ignoring '/EDITANDCONTINUE' due to '/INCREMENTAL:NO' specification
     1>LINK : warning LNK4098: defaultlib 'MSVCRT' conflicts with use of other libs; use /NODEFAULTLIB:library
         Base.vcxproj -> C:\Users\Ong\Desktop\NYP\Sem 3\Physics\Debug\Base.exe
       Manifest:
         c:\Program Files (x86)\Microsoft SDKs\Windows\v7.0A\bin\mt.exe /nologo /verbose /outputresource:"C:\Users\Ong\Desktop\NYP\Sem 3\Physics\Debug\Base.exe;#1" /manifest Debug\Base.exe.intermediate.manifest
     1>Done Building Project "C:\Users\Ong\Desktop\NYP\Sem 3\Physics\Base\Base.vcxproj" (Build target(s)).

Build succeeded.

Time Elapsed 00:00:04.74
