C:\USERS\ONG\DESKTOP\NYP\GRAPHICS\APPLICATION\DEBUG\APPLICATION.EXE.EMBED.MANIFEST
C:\USERS\ONG\DESKTOP\NYP\GRAPHICS\APPLICATION\DEBUG\APPLICATION.EXE.EMBED.MANIFEST.RES
C:\USERS\ONG\DESKTOP\NYP\GRAPHICS\APPLICATION\DEBUG\APPLICATION.EXE.INTERMEDIATE.MANIFEST
C:\USERS\ONG\DESKTOP\NYP\GRAPHICS\APPLICATION\DEBUG\APPLICATION.OBJ
C:\Users\Ong\Desktop\NYP\Graphics\Application\Debug\Application.vcxprojResolveAssemblyReference.cache
C:\Users\Ong\Desktop\NYP\Graphics\Application\Debug\Application.write.1.tlog
C:\Users\Ong\Desktop\NYP\Graphics\Application\Debug\Application_manifest.rc
C:\USERS\ONG\DESKTOP\NYP\GRAPHICS\APPLICATION\DEBUG\CAMERA.OBJ
C:\USERS\ONG\DESKTOP\NYP\GRAPHICS\APPLICATION\DEBUG\CAMERA2.OBJ
C:\USERS\ONG\DESKTOP\NYP\GRAPHICS\APPLICATION\DEBUG\CAMERA3.OBJ
C:\Users\Ong\Desktop\NYP\Graphics\Application\Debug\cl.command.1.tlog
C:\Users\Ong\Desktop\NYP\Graphics\Application\Debug\CL.read.1.tlog
C:\Users\Ong\Desktop\NYP\Graphics\Application\Debug\CL.write.1.tlog
C:\USERS\ONG\DESKTOP\NYP\GRAPHICS\APPLICATION\DEBUG\GAMEOFLIFE.OBJ
C:\Users\Ong\Desktop\NYP\Graphics\Application\Debug\link.10344.read.1.tlog
C:\Users\Ong\Desktop\NYP\Graphics\Application\Debug\link.10344.write.1.tlog
C:\Users\Ong\Desktop\NYP\Graphics\Application\Debug\link.10344-cvtres.read.1.tlog
C:\Users\Ong\Desktop\NYP\Graphics\Application\Debug\link.10344-cvtres.write.1.tlog
C:\Users\Ong\Desktop\NYP\Graphics\Application\Debug\link.10496.read.1.tlog
C:\Users\Ong\Desktop\NYP\Graphics\Application\Debug\link.10496.write.1.tlog
C:\Users\Ong\Desktop\NYP\Graphics\Application\Debug\link.10496-cvtres.read.1.tlog
C:\Users\Ong\Desktop\NYP\Graphics\Application\Debug\link.10496-cvtres.write.1.tlog
C:\Users\Ong\Desktop\NYP\Graphics\Application\Debug\link.11640.read.1.tlog
C:\Users\Ong\Desktop\NYP\Graphics\Application\Debug\link.11640.write.1.tlog
C:\Users\Ong\Desktop\NYP\Graphics\Application\Debug\link.11640-cvtres.read.1.tlog
C:\Users\Ong\Desktop\NYP\Graphics\Application\Debug\link.11640-cvtres.write.1.tlog
C:\Users\Ong\Desktop\NYP\Graphics\Application\Debug\link.11860.read.1.tlog
C:\Users\Ong\Desktop\NYP\Graphics\Application\Debug\link.11860.write.1.tlog
C:\Users\Ong\Desktop\NYP\Graphics\Application\Debug\link.11860-cvtres.read.1.tlog
C:\Users\Ong\Desktop\NYP\Graphics\Application\Debug\link.11860-cvtres.write.1.tlog
C:\Users\Ong\Desktop\NYP\Graphics\Application\Debug\link.12604.read.1.tlog
C:\Users\Ong\Desktop\NYP\Graphics\Application\Debug\link.12604.write.1.tlog
C:\Users\Ong\Desktop\NYP\Graphics\Application\Debug\link.12604-cvtres.read.1.tlog
C:\Users\Ong\Desktop\NYP\Graphics\Application\Debug\link.12604-cvtres.write.1.tlog
C:\Users\Ong\Desktop\NYP\Graphics\Application\Debug\link.12700.read.1.tlog
C:\Users\Ong\Desktop\NYP\Graphics\Application\Debug\link.12700.write.1.tlog
C:\Users\Ong\Desktop\NYP\Graphics\Application\Debug\link.12700-cvtres.read.1.tlog
C:\Users\Ong\Desktop\NYP\Graphics\Application\Debug\link.12700-cvtres.write.1.tlog
C:\Users\Ong\Desktop\NYP\Graphics\Application\Debug\link.12792.read.1.tlog
C:\Users\Ong\Desktop\NYP\Graphics\Application\Debug\link.12792.write.1.tlog
C:\Users\Ong\Desktop\NYP\Graphics\Application\Debug\link.12792-cvtres.read.1.tlog
C:\Users\Ong\Desktop\NYP\Graphics\Application\Debug\link.12792-cvtres.write.1.tlog
C:\Users\Ong\Desktop\NYP\Graphics\Application\Debug\link.13028.read.1.tlog
C:\Users\Ong\Desktop\NYP\Graphics\Application\Debug\link.13028.write.1.tlog
C:\Users\Ong\Desktop\NYP\Graphics\Application\Debug\link.13028-cvtres.read.1.tlog
C:\Users\Ong\Desktop\NYP\Graphics\Application\Debug\link.13028-cvtres.write.1.tlog
C:\Users\Ong\Desktop\NYP\Graphics\Application\Debug\link.13828.read.1.tlog
C:\Users\Ong\Desktop\NYP\Graphics\Application\Debug\link.13828.write.1.tlog
C:\Users\Ong\Desktop\NYP\Graphics\Application\Debug\link.13828-cvtres.read.1.tlog
C:\Users\Ong\Desktop\NYP\Graphics\Application\Debug\link.13828-cvtres.write.1.tlog
C:\Users\Ong\Desktop\NYP\Graphics\Application\Debug\link.14224.read.1.tlog
C:\Users\Ong\Desktop\NYP\Graphics\Application\Debug\link.14224.write.1.tlog
C:\Users\Ong\Desktop\NYP\Graphics\Application\Debug\link.14224-cvtres.read.1.tlog
C:\Users\Ong\Desktop\NYP\Graphics\Application\Debug\link.14224-cvtres.write.1.tlog
C:\Users\Ong\Desktop\NYP\Graphics\Application\Debug\link.14296.read.1.tlog
C:\Users\Ong\Desktop\NYP\Graphics\Application\Debug\link.14296.write.1.tlog
C:\Users\Ong\Desktop\NYP\Graphics\Application\Debug\link.14296-cvtres.read.1.tlog
C:\Users\Ong\Desktop\NYP\Graphics\Application\Debug\link.14296-cvtres.write.1.tlog
C:\Users\Ong\Desktop\NYP\Graphics\Application\Debug\link.14444.read.1.tlog
C:\Users\Ong\Desktop\NYP\Graphics\Application\Debug\link.14444.write.1.tlog
C:\Users\Ong\Desktop\NYP\Graphics\Application\Debug\link.14444-cvtres.read.1.tlog
C:\Users\Ong\Desktop\NYP\Graphics\Application\Debug\link.14444-cvtres.write.1.tlog
C:\Users\Ong\Desktop\NYP\Graphics\Application\Debug\link.14520.read.1.tlog
C:\Users\Ong\Desktop\NYP\Graphics\Application\Debug\link.14520.write.1.tlog
C:\Users\Ong\Desktop\NYP\Graphics\Application\Debug\link.14520-cvtres.read.1.tlog
C:\Users\Ong\Desktop\NYP\Graphics\Application\Debug\link.14520-cvtres.write.1.tlog
C:\Users\Ong\Desktop\NYP\Graphics\Application\Debug\link.14608.read.1.tlog
C:\Users\Ong\Desktop\NYP\Graphics\Application\Debug\link.14608.write.1.tlog
C:\Users\Ong\Desktop\NYP\Graphics\Application\Debug\link.14608-cvtres.read.1.tlog
C:\Users\Ong\Desktop\NYP\Graphics\Application\Debug\link.14608-cvtres.write.1.tlog
C:\Users\Ong\Desktop\NYP\Graphics\Application\Debug\link.14724.read.1.tlog
C:\Users\Ong\Desktop\NYP\Graphics\Application\Debug\link.14724.write.1.tlog
C:\Users\Ong\Desktop\NYP\Graphics\Application\Debug\link.14724-cvtres.read.1.tlog
C:\Users\Ong\Desktop\NYP\Graphics\Application\Debug\link.14724-cvtres.write.1.tlog
C:\Users\Ong\Desktop\NYP\Graphics\Application\Debug\link.15088.read.1.tlog
C:\Users\Ong\Desktop\NYP\Graphics\Application\Debug\link.15088.write.1.tlog
C:\Users\Ong\Desktop\NYP\Graphics\Application\Debug\link.15088-cvtres.read.1.tlog
C:\Users\Ong\Desktop\NYP\Graphics\Application\Debug\link.15088-cvtres.write.1.tlog
C:\Users\Ong\Desktop\NYP\Graphics\Application\Debug\link.15552.read.1.tlog
C:\Users\Ong\Desktop\NYP\Graphics\Application\Debug\link.15552.write.1.tlog
C:\Users\Ong\Desktop\NYP\Graphics\Application\Debug\link.15552-cvtres.read.1.tlog
C:\Users\Ong\Desktop\NYP\Graphics\Application\Debug\link.15552-cvtres.write.1.tlog
C:\Users\Ong\Desktop\NYP\Graphics\Application\Debug\link.15720.read.1.tlog
C:\Users\Ong\Desktop\NYP\Graphics\Application\Debug\link.15720.write.1.tlog
C:\Users\Ong\Desktop\NYP\Graphics\Application\Debug\link.15720-cvtres.read.1.tlog
C:\Users\Ong\Desktop\NYP\Graphics\Application\Debug\link.15720-cvtres.write.1.tlog
C:\Users\Ong\Desktop\NYP\Graphics\Application\Debug\link.15752.read.1.tlog
C:\Users\Ong\Desktop\NYP\Graphics\Application\Debug\link.15752.write.1.tlog
C:\Users\Ong\Desktop\NYP\Graphics\Application\Debug\link.15752-cvtres.read.1.tlog
C:\Users\Ong\Desktop\NYP\Graphics\Application\Debug\link.15752-cvtres.write.1.tlog
C:\Users\Ong\Desktop\NYP\Graphics\Application\Debug\link.15820.read.1.tlog
C:\Users\Ong\Desktop\NYP\Graphics\Application\Debug\link.15820.write.1.tlog
C:\Users\Ong\Desktop\NYP\Graphics\Application\Debug\link.15820-cvtres.read.1.tlog
C:\Users\Ong\Desktop\NYP\Graphics\Application\Debug\link.15820-cvtres.write.1.tlog
C:\Users\Ong\Desktop\NYP\Graphics\Application\Debug\link.15920.read.1.tlog
C:\Users\Ong\Desktop\NYP\Graphics\Application\Debug\link.15920.write.1.tlog
C:\Users\Ong\Desktop\NYP\Graphics\Application\Debug\link.15920-cvtres.read.1.tlog
C:\Users\Ong\Desktop\NYP\Graphics\Application\Debug\link.15920-cvtres.write.1.tlog
C:\Users\Ong\Desktop\NYP\Graphics\Application\Debug\link.15956.read.1.tlog
C:\Users\Ong\Desktop\NYP\Graphics\Application\Debug\link.15956.write.1.tlog
C:\Users\Ong\Desktop\NYP\Graphics\Application\Debug\link.15956-cvtres.read.1.tlog
C:\Users\Ong\Desktop\NYP\Graphics\Application\Debug\link.15956-cvtres.write.1.tlog
C:\Users\Ong\Desktop\NYP\Graphics\Application\Debug\link.15996.read.1.tlog
C:\Users\Ong\Desktop\NYP\Graphics\Application\Debug\link.15996.write.1.tlog
C:\Users\Ong\Desktop\NYP\Graphics\Application\Debug\link.15996-cvtres.read.1.tlog
C:\Users\Ong\Desktop\NYP\Graphics\Application\Debug\link.15996-cvtres.write.1.tlog
C:\Users\Ong\Desktop\NYP\Graphics\Application\Debug\link.16040.read.1.tlog
C:\Users\Ong\Desktop\NYP\Graphics\Application\Debug\link.16040.write.1.tlog
C:\Users\Ong\Desktop\NYP\Graphics\Application\Debug\link.16040-cvtres.read.1.tlog
C:\Users\Ong\Desktop\NYP\Graphics\Application\Debug\link.16040-cvtres.write.1.tlog
C:\Users\Ong\Desktop\NYP\Graphics\Application\Debug\link.16092.read.1.tlog
C:\Users\Ong\Desktop\NYP\Graphics\Application\Debug\link.16092.write.1.tlog
C:\Users\Ong\Desktop\NYP\Graphics\Application\Debug\link.16092-cvtres.read.1.tlog
C:\Users\Ong\Desktop\NYP\Graphics\Application\Debug\link.16092-cvtres.write.1.tlog
C:\Users\Ong\Desktop\NYP\Graphics\Application\Debug\link.16132.read.1.tlog
C:\Users\Ong\Desktop\NYP\Graphics\Application\Debug\link.16132.write.1.tlog
C:\Users\Ong\Desktop\NYP\Graphics\Application\Debug\link.16132-cvtres.read.1.tlog
C:\Users\Ong\Desktop\NYP\Graphics\Application\Debug\link.16132-cvtres.write.1.tlog
C:\Users\Ong\Desktop\NYP\Graphics\Application\Debug\link.16244.read.1.tlog
C:\Users\Ong\Desktop\NYP\Graphics\Application\Debug\link.16244.write.1.tlog
C:\Users\Ong\Desktop\NYP\Graphics\Application\Debug\link.16244-cvtres.read.1.tlog
C:\Users\Ong\Desktop\NYP\Graphics\Application\Debug\link.16244-cvtres.write.1.tlog
C:\Users\Ong\Desktop\NYP\Graphics\Application\Debug\link.16872.read.1.tlog
C:\Users\Ong\Desktop\NYP\Graphics\Application\Debug\link.16872.write.1.tlog
C:\Users\Ong\Desktop\NYP\Graphics\Application\Debug\link.16872-cvtres.read.1.tlog
C:\Users\Ong\Desktop\NYP\Graphics\Application\Debug\link.16872-cvtres.write.1.tlog
C:\Users\Ong\Desktop\NYP\Graphics\Application\Debug\link.16896.read.1.tlog
C:\Users\Ong\Desktop\NYP\Graphics\Application\Debug\link.16896.write.1.tlog
C:\Users\Ong\Desktop\NYP\Graphics\Application\Debug\link.16896-cvtres.read.1.tlog
C:\Users\Ong\Desktop\NYP\Graphics\Application\Debug\link.16896-cvtres.write.1.tlog
C:\Users\Ong\Desktop\NYP\Graphics\Application\Debug\link.17152.read.1.tlog
C:\Users\Ong\Desktop\NYP\Graphics\Application\Debug\link.17152.write.1.tlog
C:\Users\Ong\Desktop\NYP\Graphics\Application\Debug\link.17152-cvtres.read.1.tlog
C:\Users\Ong\Desktop\NYP\Graphics\Application\Debug\link.17152-cvtres.write.1.tlog
C:\Users\Ong\Desktop\NYP\Graphics\Application\Debug\link.17516.read.1.tlog
C:\Users\Ong\Desktop\NYP\Graphics\Application\Debug\link.17516.write.1.tlog
C:\Users\Ong\Desktop\NYP\Graphics\Application\Debug\link.17516-cvtres.read.1.tlog
C:\Users\Ong\Desktop\NYP\Graphics\Application\Debug\link.17516-cvtres.write.1.tlog
C:\Users\Ong\Desktop\NYP\Graphics\Application\Debug\link.20916.read.1.tlog
C:\Users\Ong\Desktop\NYP\Graphics\Application\Debug\link.20916.write.1.tlog
C:\Users\Ong\Desktop\NYP\Graphics\Application\Debug\link.20916-cvtres.read.1.tlog
C:\Users\Ong\Desktop\NYP\Graphics\Application\Debug\link.20916-cvtres.write.1.tlog
C:\Users\Ong\Desktop\NYP\Graphics\Application\Debug\link.22380.read.1.tlog
C:\Users\Ong\Desktop\NYP\Graphics\Application\Debug\link.22380.write.1.tlog
C:\Users\Ong\Desktop\NYP\Graphics\Application\Debug\link.22380-cvtres.read.1.tlog
C:\Users\Ong\Desktop\NYP\Graphics\Application\Debug\link.22380-cvtres.write.1.tlog
C:\Users\Ong\Desktop\NYP\Graphics\Application\Debug\link.22640.read.1.tlog
C:\Users\Ong\Desktop\NYP\Graphics\Application\Debug\link.22640.write.1.tlog
C:\Users\Ong\Desktop\NYP\Graphics\Application\Debug\link.22640-cvtres.read.1.tlog
C:\Users\Ong\Desktop\NYP\Graphics\Application\Debug\link.22640-cvtres.write.1.tlog
C:\Users\Ong\Desktop\NYP\Graphics\Application\Debug\link.23844.read.1.tlog
C:\Users\Ong\Desktop\NYP\Graphics\Application\Debug\link.23844.write.1.tlog
C:\Users\Ong\Desktop\NYP\Graphics\Application\Debug\link.23844-cvtres.read.1.tlog
C:\Users\Ong\Desktop\NYP\Graphics\Application\Debug\link.23844-cvtres.write.1.tlog
C:\Users\Ong\Desktop\NYP\Graphics\Application\Debug\link.24032.read.1.tlog
C:\Users\Ong\Desktop\NYP\Graphics\Application\Debug\link.24032.write.1.tlog
C:\Users\Ong\Desktop\NYP\Graphics\Application\Debug\link.24032-cvtres.read.1.tlog
C:\Users\Ong\Desktop\NYP\Graphics\Application\Debug\link.24032-cvtres.write.1.tlog
C:\Users\Ong\Desktop\NYP\Graphics\Application\Debug\link.2436.read.1.tlog
C:\Users\Ong\Desktop\NYP\Graphics\Application\Debug\link.2436.write.1.tlog
C:\Users\Ong\Desktop\NYP\Graphics\Application\Debug\link.2436-cvtres.read.1.tlog
C:\Users\Ong\Desktop\NYP\Graphics\Application\Debug\link.2436-cvtres.write.1.tlog
C:\Users\Ong\Desktop\NYP\Graphics\Application\Debug\link.2448.read.1.tlog
C:\Users\Ong\Desktop\NYP\Graphics\Application\Debug\link.2448.write.1.tlog
C:\Users\Ong\Desktop\NYP\Graphics\Application\Debug\link.2448-cvtres.read.1.tlog
C:\Users\Ong\Desktop\NYP\Graphics\Application\Debug\link.2448-cvtres.write.1.tlog
C:\Users\Ong\Desktop\NYP\Graphics\Application\Debug\link.24692.read.1.tlog
C:\Users\Ong\Desktop\NYP\Graphics\Application\Debug\link.24692.write.1.tlog
C:\Users\Ong\Desktop\NYP\Graphics\Application\Debug\link.24692-cvtres.read.1.tlog
C:\Users\Ong\Desktop\NYP\Graphics\Application\Debug\link.24692-cvtres.write.1.tlog
C:\Users\Ong\Desktop\NYP\Graphics\Application\Debug\link.24980.read.1.tlog
C:\Users\Ong\Desktop\NYP\Graphics\Application\Debug\link.24980.write.1.tlog
C:\Users\Ong\Desktop\NYP\Graphics\Application\Debug\link.24980-cvtres.read.1.tlog
C:\Users\Ong\Desktop\NYP\Graphics\Application\Debug\link.24980-cvtres.write.1.tlog
C:\Users\Ong\Desktop\NYP\Graphics\Application\Debug\link.25148.read.1.tlog
C:\Users\Ong\Desktop\NYP\Graphics\Application\Debug\link.25148.write.1.tlog
C:\Users\Ong\Desktop\NYP\Graphics\Application\Debug\link.25148-cvtres.read.1.tlog
C:\Users\Ong\Desktop\NYP\Graphics\Application\Debug\link.25148-cvtres.write.1.tlog
C:\Users\Ong\Desktop\NYP\Graphics\Application\Debug\link.25224.read.1.tlog
C:\Users\Ong\Desktop\NYP\Graphics\Application\Debug\link.25224.write.1.tlog
C:\Users\Ong\Desktop\NYP\Graphics\Application\Debug\link.25224-cvtres.read.1.tlog
C:\Users\Ong\Desktop\NYP\Graphics\Application\Debug\link.25224-cvtres.write.1.tlog
C:\Users\Ong\Desktop\NYP\Graphics\Application\Debug\link.25540.read.1.tlog
C:\Users\Ong\Desktop\NYP\Graphics\Application\Debug\link.25540.write.1.tlog
C:\Users\Ong\Desktop\NYP\Graphics\Application\Debug\link.25540-cvtres.read.1.tlog
C:\Users\Ong\Desktop\NYP\Graphics\Application\Debug\link.25540-cvtres.write.1.tlog
C:\Users\Ong\Desktop\NYP\Graphics\Application\Debug\link.4656.read.1.tlog
C:\Users\Ong\Desktop\NYP\Graphics\Application\Debug\link.4656.write.1.tlog
C:\Users\Ong\Desktop\NYP\Graphics\Application\Debug\link.4656-cvtres.read.1.tlog
C:\Users\Ong\Desktop\NYP\Graphics\Application\Debug\link.4656-cvtres.write.1.tlog
C:\Users\Ong\Desktop\NYP\Graphics\Application\Debug\link.4904.read.1.tlog
C:\Users\Ong\Desktop\NYP\Graphics\Application\Debug\link.4904.write.1.tlog
C:\Users\Ong\Desktop\NYP\Graphics\Application\Debug\link.4904-cvtres.read.1.tlog
C:\Users\Ong\Desktop\NYP\Graphics\Application\Debug\link.4904-cvtres.write.1.tlog
C:\Users\Ong\Desktop\NYP\Graphics\Application\Debug\link.5184.read.1.tlog
C:\Users\Ong\Desktop\NYP\Graphics\Application\Debug\link.5184.write.1.tlog
C:\Users\Ong\Desktop\NYP\Graphics\Application\Debug\link.5184-cvtres.read.1.tlog
C:\Users\Ong\Desktop\NYP\Graphics\Application\Debug\link.5184-cvtres.write.1.tlog
C:\Users\Ong\Desktop\NYP\Graphics\Application\Debug\link.5268.read.1.tlog
C:\Users\Ong\Desktop\NYP\Graphics\Application\Debug\link.5268.write.1.tlog
C:\Users\Ong\Desktop\NYP\Graphics\Application\Debug\link.5268-cvtres.read.1.tlog
C:\Users\Ong\Desktop\NYP\Graphics\Application\Debug\link.5268-cvtres.write.1.tlog
C:\Users\Ong\Desktop\NYP\Graphics\Application\Debug\link.5348.read.1.tlog
C:\Users\Ong\Desktop\NYP\Graphics\Application\Debug\link.5348.write.1.tlog
C:\Users\Ong\Desktop\NYP\Graphics\Application\Debug\link.5348-cvtres.read.1.tlog
C:\Users\Ong\Desktop\NYP\Graphics\Application\Debug\link.5348-cvtres.write.1.tlog
C:\Users\Ong\Desktop\NYP\Graphics\Application\Debug\link.5580.read.1.tlog
C:\Users\Ong\Desktop\NYP\Graphics\Application\Debug\link.5580.write.1.tlog
C:\Users\Ong\Desktop\NYP\Graphics\Application\Debug\link.5580-cvtres.read.1.tlog
C:\Users\Ong\Desktop\NYP\Graphics\Application\Debug\link.5580-cvtres.write.1.tlog
C:\Users\Ong\Desktop\NYP\Graphics\Application\Debug\link.5596.read.1.tlog
C:\Users\Ong\Desktop\NYP\Graphics\Application\Debug\link.5596.write.1.tlog
C:\Users\Ong\Desktop\NYP\Graphics\Application\Debug\link.5596-cvtres.read.1.tlog
C:\Users\Ong\Desktop\NYP\Graphics\Application\Debug\link.5596-cvtres.write.1.tlog
C:\Users\Ong\Desktop\NYP\Graphics\Application\Debug\link.572.read.1.tlog
C:\Users\Ong\Desktop\NYP\Graphics\Application\Debug\link.572.write.1.tlog
C:\Users\Ong\Desktop\NYP\Graphics\Application\Debug\link.572-cvtres.read.1.tlog
C:\Users\Ong\Desktop\NYP\Graphics\Application\Debug\link.572-cvtres.write.1.tlog
C:\Users\Ong\Desktop\NYP\Graphics\Application\Debug\link.5748.read.1.tlog
C:\Users\Ong\Desktop\NYP\Graphics\Application\Debug\link.5748.write.1.tlog
C:\Users\Ong\Desktop\NYP\Graphics\Application\Debug\link.5748-cvtres.read.1.tlog
C:\Users\Ong\Desktop\NYP\Graphics\Application\Debug\link.5748-cvtres.write.1.tlog
C:\Users\Ong\Desktop\NYP\Graphics\Application\Debug\link.6120.read.1.tlog
C:\Users\Ong\Desktop\NYP\Graphics\Application\Debug\link.6120.write.1.tlog
C:\Users\Ong\Desktop\NYP\Graphics\Application\Debug\link.6120-cvtres.read.1.tlog
C:\Users\Ong\Desktop\NYP\Graphics\Application\Debug\link.6120-cvtres.write.1.tlog
C:\Users\Ong\Desktop\NYP\Graphics\Application\Debug\link.6248.read.1.tlog
C:\Users\Ong\Desktop\NYP\Graphics\Application\Debug\link.6248.write.1.tlog
C:\Users\Ong\Desktop\NYP\Graphics\Application\Debug\link.6248-cvtres.read.1.tlog
C:\Users\Ong\Desktop\NYP\Graphics\Application\Debug\link.6248-cvtres.write.1.tlog
C:\Users\Ong\Desktop\NYP\Graphics\Application\Debug\link.6284.read.1.tlog
C:\Users\Ong\Desktop\NYP\Graphics\Application\Debug\link.6284.write.1.tlog
C:\Users\Ong\Desktop\NYP\Graphics\Application\Debug\link.6284-cvtres.read.1.tlog
C:\Users\Ong\Desktop\NYP\Graphics\Application\Debug\link.6284-cvtres.write.1.tlog
C:\Users\Ong\Desktop\NYP\Graphics\Application\Debug\link.6556.read.1.tlog
C:\Users\Ong\Desktop\NYP\Graphics\Application\Debug\link.6556.write.1.tlog
C:\Users\Ong\Desktop\NYP\Graphics\Application\Debug\link.6556-cvtres.read.1.tlog
C:\Users\Ong\Desktop\NYP\Graphics\Application\Debug\link.6556-cvtres.write.1.tlog
C:\Users\Ong\Desktop\NYP\Graphics\Application\Debug\link.6580.read.1.tlog
C:\Users\Ong\Desktop\NYP\Graphics\Application\Debug\link.6580.write.1.tlog
C:\Users\Ong\Desktop\NYP\Graphics\Application\Debug\link.6580-cvtres.read.1.tlog
C:\Users\Ong\Desktop\NYP\Graphics\Application\Debug\link.6580-cvtres.write.1.tlog
C:\Users\Ong\Desktop\NYP\Graphics\Application\Debug\link.6640.read.1.tlog
C:\Users\Ong\Desktop\NYP\Graphics\Application\Debug\link.6640.write.1.tlog
C:\Users\Ong\Desktop\NYP\Graphics\Application\Debug\link.6640-cvtres.read.1.tlog
C:\Users\Ong\Desktop\NYP\Graphics\Application\Debug\link.6640-cvtres.write.1.tlog
C:\Users\Ong\Desktop\NYP\Graphics\Application\Debug\link.6812.read.1.tlog
C:\Users\Ong\Desktop\NYP\Graphics\Application\Debug\link.6812.write.1.tlog
C:\Users\Ong\Desktop\NYP\Graphics\Application\Debug\link.6812-cvtres.read.1.tlog
C:\Users\Ong\Desktop\NYP\Graphics\Application\Debug\link.6812-cvtres.write.1.tlog
C:\Users\Ong\Desktop\NYP\Graphics\Application\Debug\link.6920.read.1.tlog
C:\Users\Ong\Desktop\NYP\Graphics\Application\Debug\link.6920.write.1.tlog
C:\Users\Ong\Desktop\NYP\Graphics\Application\Debug\link.6920-cvtres.read.1.tlog
C:\Users\Ong\Desktop\NYP\Graphics\Application\Debug\link.6920-cvtres.write.1.tlog
C:\Users\Ong\Desktop\NYP\Graphics\Application\Debug\link.7244.read.1.tlog
C:\Users\Ong\Desktop\NYP\Graphics\Application\Debug\link.7244.write.1.tlog
C:\Users\Ong\Desktop\NYP\Graphics\Application\Debug\link.7244-cvtres.read.1.tlog
C:\Users\Ong\Desktop\NYP\Graphics\Application\Debug\link.7244-cvtres.write.1.tlog
C:\Users\Ong\Desktop\NYP\Graphics\Application\Debug\link.7268.read.1.tlog
C:\Users\Ong\Desktop\NYP\Graphics\Application\Debug\link.7268.write.1.tlog
C:\Users\Ong\Desktop\NYP\Graphics\Application\Debug\link.7268-cvtres.read.1.tlog
C:\Users\Ong\Desktop\NYP\Graphics\Application\Debug\link.7268-cvtres.write.1.tlog
C:\Users\Ong\Desktop\NYP\Graphics\Application\Debug\link.7300.read.1.tlog
C:\Users\Ong\Desktop\NYP\Graphics\Application\Debug\link.7300.write.1.tlog
C:\Users\Ong\Desktop\NYP\Graphics\Application\Debug\link.7300-cvtres.read.1.tlog
C:\Users\Ong\Desktop\NYP\Graphics\Application\Debug\link.7300-cvtres.write.1.tlog
C:\Users\Ong\Desktop\NYP\Graphics\Application\Debug\link.7760.read.1.tlog
C:\Users\Ong\Desktop\NYP\Graphics\Application\Debug\link.7760.write.1.tlog
C:\Users\Ong\Desktop\NYP\Graphics\Application\Debug\link.7760-cvtres.read.1.tlog
C:\Users\Ong\Desktop\NYP\Graphics\Application\Debug\link.7760-cvtres.write.1.tlog
C:\Users\Ong\Desktop\NYP\Graphics\Application\Debug\link.8188.read.1.tlog
C:\Users\Ong\Desktop\NYP\Graphics\Application\Debug\link.8188.write.1.tlog
C:\Users\Ong\Desktop\NYP\Graphics\Application\Debug\link.8188-cvtres.read.1.tlog
C:\Users\Ong\Desktop\NYP\Graphics\Application\Debug\link.8188-cvtres.write.1.tlog
C:\Users\Ong\Desktop\NYP\Graphics\Application\Debug\link.8236.read.1.tlog
C:\Users\Ong\Desktop\NYP\Graphics\Application\Debug\link.8236.write.1.tlog
C:\Users\Ong\Desktop\NYP\Graphics\Application\Debug\link.8236-cvtres.read.1.tlog
C:\Users\Ong\Desktop\NYP\Graphics\Application\Debug\link.8236-cvtres.write.1.tlog
C:\Users\Ong\Desktop\NYP\Graphics\Application\Debug\link.8576.read.1.tlog
C:\Users\Ong\Desktop\NYP\Graphics\Application\Debug\link.8576.write.1.tlog
C:\Users\Ong\Desktop\NYP\Graphics\Application\Debug\link.8576-cvtres.read.1.tlog
C:\Users\Ong\Desktop\NYP\Graphics\Application\Debug\link.8576-cvtres.write.1.tlog
C:\Users\Ong\Desktop\NYP\Graphics\Application\Debug\link.8588.read.1.tlog
C:\Users\Ong\Desktop\NYP\Graphics\Application\Debug\link.8588.write.1.tlog
C:\Users\Ong\Desktop\NYP\Graphics\Application\Debug\link.8588-cvtres.read.1.tlog
C:\Users\Ong\Desktop\NYP\Graphics\Application\Debug\link.8588-cvtres.write.1.tlog
C:\Users\Ong\Desktop\NYP\Graphics\Application\Debug\link.8624.read.1.tlog
C:\Users\Ong\Desktop\NYP\Graphics\Application\Debug\link.8624.write.1.tlog
C:\Users\Ong\Desktop\NYP\Graphics\Application\Debug\link.8624-cvtres.read.1.tlog
C:\Users\Ong\Desktop\NYP\Graphics\Application\Debug\link.8624-cvtres.write.1.tlog
C:\Users\Ong\Desktop\NYP\Graphics\Application\Debug\link.8796.read.1.tlog
C:\Users\Ong\Desktop\NYP\Graphics\Application\Debug\link.8796.write.1.tlog
C:\Users\Ong\Desktop\NYP\Graphics\Application\Debug\link.8796-cvtres.read.1.tlog
C:\Users\Ong\Desktop\NYP\Graphics\Application\Debug\link.8796-cvtres.write.1.tlog
C:\Users\Ong\Desktop\NYP\Graphics\Application\Debug\link.8812.read.1.tlog
C:\Users\Ong\Desktop\NYP\Graphics\Application\Debug\link.8812.write.1.tlog
C:\Users\Ong\Desktop\NYP\Graphics\Application\Debug\link.8812-cvtres.read.1.tlog
C:\Users\Ong\Desktop\NYP\Graphics\Application\Debug\link.8812-cvtres.write.1.tlog
C:\Users\Ong\Desktop\NYP\Graphics\Application\Debug\link.8916.read.1.tlog
C:\Users\Ong\Desktop\NYP\Graphics\Application\Debug\link.8916.write.1.tlog
C:\Users\Ong\Desktop\NYP\Graphics\Application\Debug\link.8916-cvtres.read.1.tlog
C:\Users\Ong\Desktop\NYP\Graphics\Application\Debug\link.8916-cvtres.write.1.tlog
C:\Users\Ong\Desktop\NYP\Graphics\Application\Debug\link.8932.read.1.tlog
C:\Users\Ong\Desktop\NYP\Graphics\Application\Debug\link.8932.write.1.tlog
C:\Users\Ong\Desktop\NYP\Graphics\Application\Debug\link.8932-cvtres.read.1.tlog
C:\Users\Ong\Desktop\NYP\Graphics\Application\Debug\link.8932-cvtres.write.1.tlog
C:\Users\Ong\Desktop\NYP\Graphics\Application\Debug\link.9676.read.1.tlog
C:\Users\Ong\Desktop\NYP\Graphics\Application\Debug\link.9676.write.1.tlog
C:\Users\Ong\Desktop\NYP\Graphics\Application\Debug\link.9676-cvtres.read.1.tlog
C:\Users\Ong\Desktop\NYP\Graphics\Application\Debug\link.9676-cvtres.write.1.tlog
C:\Users\Ong\Desktop\NYP\Graphics\Application\Debug\link.9848.read.1.tlog
C:\Users\Ong\Desktop\NYP\Graphics\Application\Debug\link.9848.write.1.tlog
C:\Users\Ong\Desktop\NYP\Graphics\Application\Debug\link.9848-cvtres.read.1.tlog
C:\Users\Ong\Desktop\NYP\Graphics\Application\Debug\link.9848-cvtres.write.1.tlog
C:\Users\Ong\Desktop\NYP\Graphics\Application\Debug\link.command.1.tlog
C:\Users\Ong\Desktop\NYP\Graphics\Application\Debug\link.read.1.tlog
C:\Users\Ong\Desktop\NYP\Graphics\Application\Debug\link.write.1.tlog
C:\Users\Ong\Desktop\NYP\Graphics\Application\Debug\link-cvtres.read.1.tlog
C:\Users\Ong\Desktop\NYP\Graphics\Application\Debug\link-cvtres.write.1.tlog
C:\USERS\ONG\DESKTOP\NYP\GRAPHICS\APPLICATION\DEBUG\LOADOBJ.OBJ
C:\USERS\ONG\DESKTOP\NYP\GRAPHICS\APPLICATION\DEBUG\LOADTGA.OBJ
C:\USERS\ONG\DESKTOP\NYP\GRAPHICS\APPLICATION\DEBUG\MAIN.OBJ
C:\USERS\ONG\DESKTOP\NYP\GRAPHICS\APPLICATION\DEBUG\MATRIXSTACK.OBJ
C:\USERS\ONG\DESKTOP\NYP\GRAPHICS\APPLICATION\DEBUG\MESH.OBJ
C:\USERS\ONG\DESKTOP\NYP\GRAPHICS\APPLICATION\DEBUG\MESHBUILDER.OBJ
C:\Users\Ong\Desktop\NYP\Graphics\Application\Debug\mt.command.1.tlog
C:\Users\Ong\Desktop\NYP\Graphics\Application\Debug\mt.read.1.tlog
C:\Users\Ong\Desktop\NYP\Graphics\Application\Debug\mt.write.1.tlog
C:\USERS\ONG\DESKTOP\NYP\GRAPHICS\APPLICATION\DEBUG\MTX44.OBJ
C:\Users\Ong\Desktop\NYP\Graphics\Application\Debug\rc.command.1.tlog
C:\Users\Ong\Desktop\NYP\Graphics\Application\Debug\rc.read.1.tlog
C:\Users\Ong\Desktop\NYP\Graphics\Application\Debug\rc.write.1.tlog
C:\USERS\ONG\DESKTOP\NYP\GRAPHICS\APPLICATION\DEBUG\SCENE1.OBJ
C:\USERS\ONG\DESKTOP\NYP\GRAPHICS\APPLICATION\DEBUG\SCENE2.OBJ
C:\USERS\ONG\DESKTOP\NYP\GRAPHICS\APPLICATION\DEBUG\SCENE3.OBJ
C:\USERS\ONG\DESKTOP\NYP\GRAPHICS\APPLICATION\DEBUG\SCENE4.OBJ
C:\USERS\ONG\DESKTOP\NYP\GRAPHICS\APPLICATION\DEBUG\SCENE5.OBJ
C:\USERS\ONG\DESKTOP\NYP\GRAPHICS\APPLICATION\DEBUG\SCENELIGHT.OBJ
C:\USERS\ONG\DESKTOP\NYP\GRAPHICS\APPLICATION\DEBUG\SCENELIGHT2.OBJ
C:\USERS\ONG\DESKTOP\NYP\GRAPHICS\APPLICATION\DEBUG\SCENEMODEL.OBJ
C:\USERS\ONG\DESKTOP\NYP\GRAPHICS\APPLICATION\DEBUG\SCENESKYBOX.OBJ
C:\USERS\ONG\DESKTOP\NYP\GRAPHICS\APPLICATION\DEBUG\SCENETEXT.OBJ
C:\USERS\ONG\DESKTOP\NYP\GRAPHICS\APPLICATION\DEBUG\SCENETEXTURE.OBJ
C:\USERS\ONG\DESKTOP\NYP\GRAPHICS\APPLICATION\DEBUG\SHADER.OBJ
C:\USERS\ONG\DESKTOP\NYP\GRAPHICS\APPLICATION\DEBUG\TIMER.OBJ
C:\USERS\ONG\DESKTOP\NYP\GRAPHICS\APPLICATION\DEBUG\UTILITY.OBJ
C:\Users\Ong\Desktop\NYP\Graphics\Application\Debug\vc100.idb
C:\USERS\ONG\DESKTOP\NYP\GRAPHICS\APPLICATION\DEBUG\VC100.PDB
C:\USERS\ONG\DESKTOP\NYP\GRAPHICS\APPLICATION\DEBUG\VECTOR3.OBJ
C:\USERS\ONG\DESKTOP\NYP\GRAPHICS\DEBUG\APPLICATION.EXE
C:\USERS\ONG\DESKTOP\NYP\GRAPHICS\DEBUG\APPLICATION.ILK
C:\USERS\ONG\DESKTOP\NYP\GRAPHICS\DEBUG\APPLICATION.PDB
C:\USERS\SWEES_000\DESKTOP\NYP\GRAPHICS\APPLICATION\DEBUG\APPLICATION.EXE.EMBED.MANIFEST.RES
C:\USERS\SWEES_000\DESKTOP\NYP\GRAPHICS\APPLICATION\DEBUG\APPLICATION.EXE.INTERMEDIATE.MANIFEST
C:\USERS\SWEES_000\DESKTOP\NYP\GRAPHICS\APPLICATION\DEBUG\APPLICATION.OBJ
C:\USERS\SWEES_000\DESKTOP\NYP\GRAPHICS\APPLICATION\DEBUG\CAMERA.OBJ
C:\USERS\SWEES_000\DESKTOP\NYP\GRAPHICS\APPLICATION\DEBUG\CAMERA2.OBJ
C:\USERS\SWEES_000\DESKTOP\NYP\GRAPHICS\APPLICATION\DEBUG\CAMERA3.OBJ
C:\USERS\SWEES_000\DESKTOP\NYP\GRAPHICS\APPLICATION\DEBUG\GAMEOFLIFE.OBJ
C:\USERS\SWEES_000\DESKTOP\NYP\GRAPHICS\APPLICATION\DEBUG\LOADOBJ.OBJ
C:\USERS\SWEES_000\DESKTOP\NYP\GRAPHICS\APPLICATION\DEBUG\LOADTGA.OBJ
C:\USERS\SWEES_000\DESKTOP\NYP\GRAPHICS\APPLICATION\DEBUG\MAIN.OBJ
C:\USERS\SWEES_000\DESKTOP\NYP\GRAPHICS\APPLICATION\DEBUG\MATRIXSTACK.OBJ
C:\USERS\SWEES_000\DESKTOP\NYP\GRAPHICS\APPLICATION\DEBUG\MESH.OBJ
C:\USERS\SWEES_000\DESKTOP\NYP\GRAPHICS\APPLICATION\DEBUG\MESHBUILDER.OBJ
C:\USERS\SWEES_000\DESKTOP\NYP\GRAPHICS\APPLICATION\DEBUG\MTX44.OBJ
C:\USERS\SWEES_000\DESKTOP\NYP\GRAPHICS\APPLICATION\DEBUG\SCENE1.OBJ
C:\USERS\SWEES_000\DESKTOP\NYP\GRAPHICS\APPLICATION\DEBUG\SCENE2.OBJ
C:\USERS\SWEES_000\DESKTOP\NYP\GRAPHICS\APPLICATION\DEBUG\SCENE3.OBJ
C:\USERS\SWEES_000\DESKTOP\NYP\GRAPHICS\APPLICATION\DEBUG\SCENE4.OBJ
C:\USERS\SWEES_000\DESKTOP\NYP\GRAPHICS\APPLICATION\DEBUG\SCENE5.OBJ
C:\USERS\SWEES_000\DESKTOP\NYP\GRAPHICS\APPLICATION\DEBUG\SCENELIGHT.OBJ
C:\USERS\SWEES_000\DESKTOP\NYP\GRAPHICS\APPLICATION\DEBUG\SCENELIGHT2.OBJ
C:\USERS\SWEES_000\DESKTOP\NYP\GRAPHICS\APPLICATION\DEBUG\SCENEMODEL.OBJ
C:\USERS\SWEES_000\DESKTOP\NYP\GRAPHICS\APPLICATION\DEBUG\SCENESKYBOX.OBJ
C:\USERS\SWEES_000\DESKTOP\NYP\GRAPHICS\APPLICATION\DEBUG\SCENETEXT.OBJ
C:\USERS\SWEES_000\DESKTOP\NYP\GRAPHICS\APPLICATION\DEBUG\SCENETEXTURE.OBJ
C:\USERS\SWEES_000\DESKTOP\NYP\GRAPHICS\APPLICATION\DEBUG\SHADER.OBJ
C:\USERS\SWEES_000\DESKTOP\NYP\GRAPHICS\APPLICATION\DEBUG\TIMER.OBJ
C:\USERS\SWEES_000\DESKTOP\NYP\GRAPHICS\APPLICATION\DEBUG\UTILITY.OBJ
C:\USERS\SWEES_000\DESKTOP\NYP\GRAPHICS\APPLICATION\DEBUG\VC100.PDB
C:\USERS\SWEES_000\DESKTOP\NYP\GRAPHICS\APPLICATION\DEBUG\VECTOR3.OBJ
C:\USERS\SWEES_000\DESKTOP\NYP\GRAPHICS\DEBUG\APPLICATION.EXE
C:\USERS\SWEES_000\DESKTOP\NYP\GRAPHICS\DEBUG\APPLICATION.ILK
C:\USERS\SWEES_000\DESKTOP\NYP\GRAPHICS\DEBUG\APPLICATION.PDB
C:\USERS\USER\DESKTOP\NYP\GRAPHICS\APPLICATION\DEBUG\APPLICATION.EXE.EMBED.MANIFEST.RES
C:\USERS\USER\DESKTOP\NYP\GRAPHICS\APPLICATION\DEBUG\APPLICATION.EXE.INTERMEDIATE.MANIFEST
C:\USERS\USER\DESKTOP\NYP\GRAPHICS\APPLICATION\DEBUG\APPLICATION.OBJ
C:\USERS\USER\DESKTOP\NYP\GRAPHICS\APPLICATION\DEBUG\CAMERA.OBJ
C:\USERS\USER\DESKTOP\NYP\GRAPHICS\APPLICATION\DEBUG\CAMERA2.OBJ
C:\USERS\USER\DESKTOP\NYP\GRAPHICS\APPLICATION\DEBUG\CAMERA3.OBJ
C:\USERS\USER\DESKTOP\NYP\GRAPHICS\APPLICATION\DEBUG\GAMEOFLIFE.OBJ
C:\USERS\USER\DESKTOP\NYP\GRAPHICS\APPLICATION\DEBUG\LOADOBJ.OBJ
C:\USERS\USER\DESKTOP\NYP\GRAPHICS\APPLICATION\DEBUG\LOADTGA.OBJ
C:\USERS\USER\DESKTOP\NYP\GRAPHICS\APPLICATION\DEBUG\MAIN.OBJ
C:\USERS\USER\DESKTOP\NYP\GRAPHICS\APPLICATION\DEBUG\MATRIXSTACK.OBJ
C:\USERS\USER\DESKTOP\NYP\GRAPHICS\APPLICATION\DEBUG\MESH.OBJ
C:\USERS\USER\DESKTOP\NYP\GRAPHICS\APPLICATION\DEBUG\MESHBUILDER.OBJ
C:\USERS\USER\DESKTOP\NYP\GRAPHICS\APPLICATION\DEBUG\MTX44.OBJ
C:\USERS\USER\DESKTOP\NYP\GRAPHICS\APPLICATION\DEBUG\SCENE1.OBJ
C:\USERS\USER\DESKTOP\NYP\GRAPHICS\APPLICATION\DEBUG\SCENE2.OBJ
C:\USERS\USER\DESKTOP\NYP\GRAPHICS\APPLICATION\DEBUG\SCENE3.OBJ
C:\USERS\USER\DESKTOP\NYP\GRAPHICS\APPLICATION\DEBUG\SCENE4.OBJ
C:\USERS\USER\DESKTOP\NYP\GRAPHICS\APPLICATION\DEBUG\SCENE5.OBJ
C:\USERS\USER\DESKTOP\NYP\GRAPHICS\APPLICATION\DEBUG\SCENELIGHT.OBJ
C:\USERS\USER\DESKTOP\NYP\GRAPHICS\APPLICATION\DEBUG\SCENELIGHT2.OBJ
C:\USERS\USER\DESKTOP\NYP\GRAPHICS\APPLICATION\DEBUG\SCENEMODEL.OBJ
C:\USERS\USER\DESKTOP\NYP\GRAPHICS\APPLICATION\DEBUG\SCENESKYBOX.OBJ
C:\USERS\USER\DESKTOP\NYP\GRAPHICS\APPLICATION\DEBUG\SCENETEXT.OBJ
C:\USERS\USER\DESKTOP\NYP\GRAPHICS\APPLICATION\DEBUG\SCENETEXTURE.OBJ
C:\USERS\USER\DESKTOP\NYP\GRAPHICS\APPLICATION\DEBUG\SHADER.OBJ
C:\USERS\USER\DESKTOP\NYP\GRAPHICS\APPLICATION\DEBUG\TIMER.OBJ
C:\USERS\USER\DESKTOP\NYP\GRAPHICS\APPLICATION\DEBUG\UTILITY.OBJ
C:\USERS\USER\DESKTOP\NYP\GRAPHICS\APPLICATION\DEBUG\VC100.PDB
C:\USERS\USER\DESKTOP\NYP\GRAPHICS\APPLICATION\DEBUG\VECTOR3.OBJ
C:\USERS\USER\DESKTOP\NYP\GRAPHICS\DEBUG\APPLICATION.EXE
C:\USERS\USER\DESKTOP\NYP\GRAPHICS\DEBUG\APPLICATION.ILK
C:\USERS\USER\DESKTOP\NYP\GRAPHICS\DEBUG\APPLICATION.PDB
G:\GRAPHICS\APPLICATION\DEBUG\APPLICATION.EXE.EMBED.MANIFEST
G:\GRAPHICS\APPLICATION\DEBUG\APPLICATION.EXE.EMBED.MANIFEST.RES
G:\GRAPHICS\APPLICATION\DEBUG\APPLICATION.EXE.INTERMEDIATE.MANIFEST
G:\GRAPHICS\APPLICATION\DEBUG\APPLICATION.OBJ
G:\GRAPHICS\APPLICATION\DEBUG\CAMERA.OBJ
G:\GRAPHICS\APPLICATION\DEBUG\CAMERA2.OBJ
G:\GRAPHICS\APPLICATION\DEBUG\LOADTGA.OBJ
G:\GRAPHICS\APPLICATION\DEBUG\MAIN.OBJ
G:\GRAPHICS\APPLICATION\DEBUG\MATRIXSTACK.OBJ
G:\GRAPHICS\APPLICATION\DEBUG\MESH.OBJ
G:\GRAPHICS\APPLICATION\DEBUG\MESHBUILDER.OBJ
G:\GRAPHICS\APPLICATION\DEBUG\MTX44.OBJ
G:\GRAPHICS\APPLICATION\DEBUG\SCENE1.OBJ
G:\GRAPHICS\APPLICATION\DEBUG\SCENE2.OBJ
G:\GRAPHICS\APPLICATION\DEBUG\SCENE3.OBJ
G:\GRAPHICS\APPLICATION\DEBUG\SCENE4.OBJ
G:\GRAPHICS\APPLICATION\DEBUG\SCENE5.OBJ
G:\GRAPHICS\APPLICATION\DEBUG\SCENELIGHT.OBJ
G:\GRAPHICS\APPLICATION\DEBUG\SCENELIGHT2.OBJ
G:\GRAPHICS\APPLICATION\DEBUG\SCENETEXTURE.OBJ
G:\GRAPHICS\APPLICATION\DEBUG\SHADER.OBJ
G:\GRAPHICS\APPLICATION\DEBUG\TIMER.OBJ
G:\GRAPHICS\APPLICATION\DEBUG\UTILITY.OBJ
G:\GRAPHICS\APPLICATION\DEBUG\VC100.PDB
G:\GRAPHICS\APPLICATION\DEBUG\VECTOR3.OBJ
G:\GRAPHICS\DEBUG\APPLICATION.EXE
G:\GRAPHICS\DEBUG\APPLICATION.ILK
G:\GRAPHICS\DEBUG\APPLICATION.PDB
