Build started 3/2/2015 1:34:07 AM.
     1>Project "C:\Users\Ong\Desktop\NYP\SoftwareEngineering\Application\Application.vcxproj" on node 2 (build target(s)).
     1>InitializeBuildStatus:
         Touching "Debug\Application.unsuccessfulbuild".
       ClCompile:
         c:\Program Files (x86)\Microsoft Visual Studio 10.0\VC\bin\CL.exe /c /IC:\Users\Ong\Desktop\NYP\SoftwareEngineering\\glew\include /IC:\Users\Ong\Desktop\NYP\SoftwareEngineering\\glfw\include /IC:\Users\Ong\Desktop\NYP\SoftwareEngineering\\Common\Source /ZI /nologo /W3 /WX- /Od /Oy- /D WIN32 /D _DEBUG /D _CONSOLE /D _UNICODE /D UNICODE /Gm /EHsc /RTC1 /MDd /GS /fp:precise /Zc:wchar_t /Zc:forScope /Fo"Debug\\" /Fd"Debug\vc100.pdb" /Gd /TP /analyze- /errorReport:prompt Source\SceneText.cpp
         SceneText.cpp
     1>c:\users\ong\desktop\nyp\softwareengineering\application\source\scenetext.cpp(109): warning C4305: 'argument' : truncation from 'double' to 'float'
     1>c:\users\ong\desktop\nyp\softwareengineering\application\source\scenetext.cpp(162): warning C4305: 'argument' : truncation from 'double' to 'float'
     1>c:\users\ong\desktop\nyp\softwareengineering\application\source\scenetext.cpp(162): warning C4305: 'argument' : truncation from 'double' to 'float'
     1>c:\users\ong\desktop\nyp\softwareengineering\application\source\scenetext.cpp(162): warning C4305: 'argument' : truncation from 'double' to 'float'
     1>c:\users\ong\desktop\nyp\softwareengineering\application\source\scenetext.cpp(163): warning C4305: 'argument' : truncation from 'double' to 'float'
     1>c:\users\ong\desktop\nyp\softwareengineering\application\source\scenetext.cpp(165): warning C4305: 'argument' : truncation from 'double' to 'float'
     1>c:\users\ong\desktop\nyp\softwareengineering\application\source\scenetext.cpp(165): warning C4305: 'argument' : truncation from 'double' to 'float'
     1>c:\users\ong\desktop\nyp\softwareengineering\application\source\scenetext.cpp(165): warning C4305: 'argument' : truncation from 'double' to 'float'
     1>c:\users\ong\desktop\nyp\softwareengineering\application\source\scenetext.cpp(169): warning C4305: 'argument' : truncation from 'double' to 'float'
     1>c:\users\ong\desktop\nyp\softwareengineering\application\source\scenetext.cpp(171): warning C4305: 'argument' : truncation from 'double' to 'float'
     1>c:\users\ong\desktop\nyp\softwareengineering\application\source\scenetext.cpp(171): warning C4305: 'argument' : truncation from 'double' to 'float'
     1>c:\users\ong\desktop\nyp\softwareengineering\application\source\scenetext.cpp(171): warning C4305: 'argument' : truncation from 'double' to 'float'
     1>c:\users\ong\desktop\nyp\softwareengineering\application\source\scenetext.cpp(320): warning C4244: '=' : conversion from 'double' to 'float', possible loss of data
     1>c:\users\ong\desktop\nyp\softwareengineering\application\source\scenetext.cpp(341): warning C4805: '==' : unsafe mix of type 'int' and type 'bool' in operation
     1>c:\users\ong\desktop\nyp\softwareengineering\application\source\scenetext.cpp(370): warning C4244: '=' : conversion from 'float' to 'int', possible loss of data
     1>c:\users\ong\desktop\nyp\softwareengineering\application\source\scenetext.cpp(370): warning C4244: '=' : conversion from 'int' to 'float', possible loss of data
     1>c:\users\ong\desktop\nyp\softwareengineering\application\source\scenetext.cpp(370): warning C4244: '=' : conversion from 'float' to 'int', possible loss of data
     1>c:\users\ong\desktop\nyp\softwareengineering\application\source\scenetext.cpp(388): warning C4244: 'argument' : conversion from 'int' to 'float', possible loss of data
     1>c:\users\ong\desktop\nyp\softwareengineering\application\source\scenetext.cpp(388): warning C4244: 'argument' : conversion from 'int' to 'float', possible loss of data
     1>c:\users\ong\desktop\nyp\softwareengineering\application\source\scenetext.cpp(388): warning C4244: 'argument' : conversion from 'int' to 'float', possible loss of data
     1>c:\users\ong\desktop\nyp\softwareengineering\application\source\scenetext.cpp(389): warning C4305: 'argument' : truncation from 'double' to 'float'
     1>c:\users\ong\desktop\nyp\softwareengineering\application\source\scenetext.cpp(394): warning C4244: 'argument' : conversion from 'int' to 'float', possible loss of data
     1>c:\users\ong\desktop\nyp\softwareengineering\application\source\scenetext.cpp(394): warning C4244: 'argument' : conversion from 'int' to 'float', possible loss of data
     1>c:\users\ong\desktop\nyp\softwareengineering\application\source\scenetext.cpp(394): warning C4244: 'argument' : conversion from 'int' to 'float', possible loss of data
     1>c:\users\ong\desktop\nyp\softwareengineering\application\source\scenetext.cpp(396): warning C4305: 'argument' : truncation from 'double' to 'float'
     1>c:\users\ong\desktop\nyp\softwareengineering\application\source\scenetext.cpp(396): warning C4305: 'argument' : truncation from 'double' to 'float'
     1>c:\users\ong\desktop\nyp\softwareengineering\application\source\scenetext.cpp(401): warning C4244: 'argument' : conversion from 'int' to 'float', possible loss of data
     1>c:\users\ong\desktop\nyp\softwareengineering\application\source\scenetext.cpp(401): warning C4244: 'argument' : conversion from 'int' to 'float', possible loss of data
     1>c:\users\ong\desktop\nyp\softwareengineering\application\source\scenetext.cpp(401): warning C4244: 'argument' : conversion from 'int' to 'float', possible loss of data
     1>c:\users\ong\desktop\nyp\softwareengineering\application\source\scenetext.cpp(403): warning C4305: 'argument' : truncation from 'double' to 'float'
     1>c:\users\ong\desktop\nyp\softwareengineering\application\source\scenetext.cpp(403): warning C4305: 'argument' : truncation from 'double' to 'float'
     1>c:\users\ong\desktop\nyp\softwareengineering\application\source\scenetext.cpp(403): warning C4305: 'argument' : truncation from 'double' to 'float'
     1>c:\users\ong\desktop\nyp\softwareengineering\application\source\scenetext.cpp(410): warning C4244: 'argument' : conversion from 'int' to 'float', possible loss of data
     1>c:\users\ong\desktop\nyp\softwareengineering\application\source\scenetext.cpp(410): warning C4244: 'argument' : conversion from 'int' to 'float', possible loss of data
     1>c:\users\ong\desktop\nyp\softwareengineering\application\source\scenetext.cpp(410): warning C4244: 'argument' : conversion from 'int' to 'float', possible loss of data
     1>c:\users\ong\desktop\nyp\softwareengineering\application\source\scenetext.cpp(411): warning C4305: 'argument' : truncation from 'double' to 'float'
     1>c:\users\ong\desktop\nyp\softwareengineering\application\source\scenetext.cpp(411): warning C4305: 'argument' : truncation from 'double' to 'float'
     1>c:\users\ong\desktop\nyp\softwareengineering\application\source\scenetext.cpp(422): warning C4244: 'argument' : conversion from 'int' to 'float', possible loss of data
     1>c:\users\ong\desktop\nyp\softwareengineering\application\source\scenetext.cpp(422): warning C4244: 'argument' : conversion from 'int' to 'float', possible loss of data
     1>c:\users\ong\desktop\nyp\softwareengineering\application\source\scenetext.cpp(422): warning C4244: 'argument' : conversion from 'int' to 'float', possible loss of data
     1>c:\users\ong\desktop\nyp\softwareengineering\application\source\scenetext.cpp(425): warning C4305: 'argument' : truncation from 'double' to 'float'
     1>c:\users\ong\desktop\nyp\softwareengineering\application\source\scenetext.cpp(425): warning C4305: 'argument' : truncation from 'double' to 'float'
     1>c:\users\ong\desktop\nyp\softwareengineering\application\source\scenetext.cpp(425): warning C4305: 'argument' : truncation from 'double' to 'float'
     1>c:\users\ong\desktop\nyp\softwareengineering\application\source\scenetext.cpp(432): warning C4244: 'argument' : conversion from 'int' to 'float', possible loss of data
     1>c:\users\ong\desktop\nyp\softwareengineering\application\source\scenetext.cpp(432): warning C4244: 'argument' : conversion from 'int' to 'float', possible loss of data
     1>c:\users\ong\desktop\nyp\softwareengineering\application\source\scenetext.cpp(432): warning C4244: 'argument' : conversion from 'int' to 'float', possible loss of data
     1>c:\users\ong\desktop\nyp\softwareengineering\application\source\scenetext.cpp(434): warning C4305: 'argument' : truncation from 'double' to 'float'
     1>c:\users\ong\desktop\nyp\softwareengineering\application\source\scenetext.cpp(434): warning C4305: 'argument' : truncation from 'double' to 'float'
     1>c:\users\ong\desktop\nyp\softwareengineering\application\source\scenetext.cpp(434): warning C4305: 'argument' : truncation from 'double' to 'float'
     1>c:\users\ong\desktop\nyp\softwareengineering\application\source\scenetext.cpp(469): warning C4305: 'argument' : truncation from 'double' to 'float'
     1>c:\users\ong\desktop\nyp\softwareengineering\application\source\scenetext.cpp(469): warning C4305: 'argument' : truncation from 'double' to 'float'
     1>c:\users\ong\desktop\nyp\softwareengineering\application\source\scenetext.cpp(484): warning C4305: 'argument' : truncation from 'double' to 'float'
     1>c:\users\ong\desktop\nyp\softwareengineering\application\source\scenetext.cpp(484): warning C4305: 'argument' : truncation from 'double' to 'float'
       ManifestResourceCompile:
         c:\Program Files (x86)\Microsoft SDKs\Windows\v7.0A\bin\rc.exe /nologo /fo"Debug\Application.exe.embed.manifest.res" Debug\Application_manifest.rc 
       Link:
         c:\Program Files (x86)\Microsoft Visual Studio 10.0\VC\bin\link.exe /ERRORREPORT:PROMPT /OUT:"C:\Users\Ong\Desktop\NYP\SoftwareEngineering\Debug\Application.exe" /INCREMENTAL /NOLOGO /LIBPATH:C:\Users\Ong\Desktop\NYP\SoftwareEngineering\Debug /LIBPATH:C:\Users\Ong\Desktop\NYP\SoftwareEngineering\\glew\lib /LIBPATH:"C:\Users\Ong\Desktop\NYP\SoftwareEngineering\\glfw\lib-msvc100" glew32.lib glfw3.lib opengl32.lib winmm.lib Common.lib kernel32.lib user32.lib gdi32.lib winspool.lib comdlg32.lib advapi32.lib shell32.lib ole32.lib oleaut32.lib uuid.lib odbc32.lib odbccp32.lib /MANIFEST /ManifestFile:"Debug\Application.exe.intermediate.manifest" /MANIFESTUAC:"level='asInvoker' uiAccess='false'" /DEBUG /PDB:"C:\Users\Ong\Desktop\NYP\SoftwareEngineering\Debug\Application.pdb" /SUBSYSTEM:CONSOLE /TLBID:1 /DYNAMICBASE /NXCOMPAT /IMPLIB:"C:\Users\Ong\Desktop\NYP\SoftwareEngineering\Debug\Application.lib" /MACHINE:X86 Debug\Application.exe.embed.manifest.res
         Debug\MatrixStack.obj
         Debug\Mtx44.obj
         Debug\timer.obj
         Debug\Vector3.obj
         Debug\Application.obj
         Debug\Camera.obj
         Debug\Camera2.obj
         Debug\Camera3.obj
         Debug\GameOfLife.obj
         Debug\LoadOBJ.obj
         Debug\LoadTGA.obj
         Debug\main.obj
         Debug\Mesh.obj
         Debug\MeshBuilder.obj
         Debug\Scene1.obj
         Debug\Scene2.obj
         Debug\Scene3.obj
         Debug\Scene4.obj
         Debug\Scene5.obj
         Debug\SceneLight.obj
         Debug\SceneLight2.obj
         Debug\SceneModel.obj
         Debug\SceneSkybox.obj
         Debug\SceneText.obj
         Debug\SceneTexture.obj
         Debug\shader.obj
         Debug\Utility.obj
     1>LINK : warning LNK4098: defaultlib 'MSVCRT' conflicts with use of other libs; use /NODEFAULTLIB:library
       Manifest:
         c:\Program Files (x86)\Microsoft SDKs\Windows\v7.0A\bin\mt.exe /nologo /verbose /out:"Debug\Application.exe.embed.manifest" /manifest Debug\Application.exe.intermediate.manifest
         All outputs are up-to-date.
       LinkEmbedManifest:
         All outputs are up-to-date.
         Application.vcxproj -> C:\Users\Ong\Desktop\NYP\SoftwareEngineering\Debug\Application.exe
       FinalizeBuildStatus:
         Deleting file "Debug\Application.unsuccessfulbuild".
         Touching "Debug\Application.lastbuildstate".
     1>Done Building Project "C:\Users\Ong\Desktop\NYP\SoftwareEngineering\Application\Application.vcxproj" (build target(s)).

Build succeeded.

Time Elapsed 00:00:02.24
