D:\My Documents\2015_2016_SEM1\DM2231 GDT\ACG\DM2231_Framework\Common\Debug\cl.command.1.tlog
D:\My Documents\2015_2016_SEM1\DM2231 GDT\ACG\DM2231_Framework\Common\Debug\CL.read.1.tlog
D:\My Documents\2015_2016_SEM1\DM2231 GDT\ACG\DM2231_Framework\Common\Debug\CL.write.1.tlog
D:\My Documents\2015_2016_SEM1\DM2231 GDT\ACG\DM2231_Framework\Common\Debug\Common.write.1.tlog
D:\My Documents\2015_2016_SEM1\DM2231 GDT\ACG\DM2231_Framework\Common\Debug\lib.command.1.tlog
D:\My Documents\2015_2016_SEM1\DM2231 GDT\ACG\DM2231_Framework\Common\Debug\Lib-link.read.1.tlog
D:\My Documents\2015_2016_SEM1\DM2231 GDT\ACG\DM2231_Framework\Common\Debug\Lib-link.write.1.tlog
D:\MY DOCUMENTS\2015_2016_SEM1\DM2231 GDT\ACG\DM2231_FRAMEWORK\COMMON\DEBUG\MATHUTILITY.OBJ
D:\MY DOCUMENTS\2015_2016_SEM1\DM2231 GDT\ACG\DM2231_FRAMEWORK\COMMON\DEBUG\MATRIXSTACK.OBJ
D:\MY DOCUMENTS\2015_2016_SEM1\DM2231 GDT\ACG\DM2231_FRAMEWORK\COMMON\DEBUG\MTX44.OBJ
D:\MY DOCUMENTS\2015_2016_SEM1\DM2231 GDT\ACG\DM2231_FRAMEWORK\COMMON\DEBUG\TIMER.OBJ
D:\My Documents\2015_2016_SEM1\DM2231 GDT\ACG\DM2231_Framework\Common\Debug\vc100.idb
D:\MY DOCUMENTS\2015_2016_SEM1\DM2231 GDT\ACG\DM2231_FRAMEWORK\COMMON\DEBUG\VC100.PDB
D:\MY DOCUMENTS\2015_2016_SEM1\DM2231 GDT\ACG\DM2231_FRAMEWORK\COMMON\DEBUG\VECTOR2.OBJ
D:\MY DOCUMENTS\2015_2016_SEM1\DM2231 GDT\ACG\DM2231_FRAMEWORK\COMMON\DEBUG\VECTOR3.OBJ
D:\MY DOCUMENTS\2015_2016_SEM1\DM2231 GDT\ACG\DM2231_FRAMEWORK\DEBUG\COMMON.LIB
D:\PROJECTS\ACG\COMMON\DEBUG\MATHUTILITY.OBJ
D:\PROJECTS\ACG\COMMON\DEBUG\MATRIXSTACK.OBJ
D:\PROJECTS\ACG\COMMON\DEBUG\MTX44.OBJ
D:\PROJECTS\ACG\COMMON\DEBUG\TIMER.OBJ
D:\PROJECTS\ACG\COMMON\DEBUG\VC100.PDB
D:\PROJECTS\ACG\COMMON\DEBUG\VECTOR2.OBJ
D:\PROJECTS\ACG\COMMON\DEBUG\VECTOR3.OBJ
D:\PROJECTS\ACG\DEBUG\COMMON.LIB
D:\PROJECTS\GRAPHICS\COMMON\DEBUG\MATHUTILITY.OBJ
D:\PROJECTS\GRAPHICS\COMMON\DEBUG\MATRIXSTACK.OBJ
D:\PROJECTS\GRAPHICS\COMMON\DEBUG\MTX44.OBJ
D:\PROJECTS\GRAPHICS\COMMON\DEBUG\TIMER.OBJ
D:\PROJECTS\GRAPHICS\COMMON\DEBUG\VC100.PDB
D:\PROJECTS\GRAPHICS\COMMON\DEBUG\VECTOR2.OBJ
D:\PROJECTS\GRAPHICS\COMMON\DEBUG\VECTOR3.OBJ
D:\PROJECTS\GRAPHICS\DEBUG\COMMON.LIB
