c:\users\ong\desktop\nyp\movement (networkgameplay) framework\debug\vc120.pdb
c:\users\ong\desktop\nyp\movement (networkgameplay) framework\debug\vc120.idb
c:\users\ong\desktop\nyp\movement (networkgameplay) framework\debug\application.obj
c:\users\ong\desktop\nyp\movement (networkgameplay) framework\debug\asteroid.obj
c:\users\ong\desktop\nyp\movement (networkgameplay) framework\debug\bomb.obj
c:\users\ong\desktop\nyp\movement (networkgameplay) framework\debug\main.obj
c:\users\ong\desktop\nyp\movement (networkgameplay) framework\debug\laser.obj
c:\users\ong\desktop\nyp\movement (networkgameplay) framework\debug\ship.obj
c:\users\ong\desktop\nyp\movement (networkgameplay) framework\debug\explosion.obj
c:\users\ong\desktop\nyp\movement (networkgameplay) framework\debug\movement.ilk
c:\users\ong\desktop\nyp\movement (networkgameplay) framework\debug\movement.exe
c:\users\ong\desktop\nyp\movement (networkgameplay) framework\debug\movement.pdb
c:\users\ong\desktop\nyp\movement (networkgameplay) framework\debug\movementserver.ilk
c:\users\ong\desktop\nyp\movement (networkgameplay) framework\debug\movementserver.pdb
c:\users\ong\desktop\nyp\movement (networkgameplay) framework\debug\movement.tlog\cl.command.1.tlog
c:\users\ong\desktop\nyp\movement (networkgameplay) framework\debug\movement.tlog\cl.read.1.tlog
c:\users\ong\desktop\nyp\movement (networkgameplay) framework\debug\movement.tlog\cl.write.1.tlog
c:\users\ong\desktop\nyp\movement (networkgameplay) framework\debug\movement.tlog\link.command.1.tlog
c:\users\ong\desktop\nyp\movement (networkgameplay) framework\debug\movement.tlog\link.read.1.tlog
c:\users\ong\desktop\nyp\movement (networkgameplay) framework\debug\movement.tlog\link.write.1.tlog
