Build started 6/2/2015 12:12:18 AM.
     1>Project "C:\Users\User\Documents\Visual Studio 2010\Projects\Practical 15\Practical 15\Practical 15.vcxproj" on node 2 (build target(s)).
     1>InitializeBuildStatus:
         Creating "Debug\Practical 15.unsuccessfulbuild" because "AlwaysCreate" was specified.
       ClCompile:
         C:\Program Files (x86)\Microsoft Visual Studio 10.0\VC\bin\CL.exe /c /ZI /nologo /W3 /WX- /Od /Oy- /D WIN32 /D _DEBUG /D _CONSOLE /D _UNICODE /D UNICODE /Gm /EHsc /RTC1 /MDd /GS /fp:precise /Zc:wchar_t /Zc:forScope /Fo"Debug\\" /Fd"Debug\vc100.pdb" /Gd /TP /analyze- /errorReport:prompt Queue.cpp
         Queue.cpp
       ManifestResourceCompile:
         All outputs are up-to-date.
       Link:
         C:\Program Files (x86)\Microsoft Visual Studio 10.0\VC\bin\link.exe /ERRORREPORT:PROMPT /OUT:"C:\Users\User\Documents\Visual Studio 2010\Projects\Practical 15\Debug\Practical 15.exe" /INCREMENTAL /NOLOGO kernel32.lib user32.lib gdi32.lib winspool.lib comdlg32.lib advapi32.lib shell32.lib ole32.lib oleaut32.lib uuid.lib odbc32.lib odbccp32.lib /MANIFEST /ManifestFile:"Debug\Practical 15.exe.intermediate.manifest" /MANIFESTUAC:"level='asInvoker' uiAccess='false'" /DEBUG /PDB:"C:\Users\User\Documents\Visual Studio 2010\Projects\Practical 15\Debug\Practical 15.pdb" /SUBSYSTEM:CONSOLE /TLBID:1 /DYNAMICBASE /NXCOMPAT /IMPLIB:"C:\Users\User\Documents\Visual Studio 2010\Projects\Practical 15\Debug\Practical 15.lib" /MACHINE:X86 "Debug\Practical 15.exe.embed.manifest.res"
         Debug\main.obj
         Debug\Queue.obj
       Manifest:
         c:\Program Files (x86)\Microsoft SDKs\Windows\v7.0A\bin\mt.exe /nologo /verbose /out:"Debug\Practical 15.exe.embed.manifest" /manifest "Debug\Practical 15.exe.intermediate.manifest"
         All outputs are up-to-date.
       LinkEmbedManifest:
         All outputs are up-to-date.
         Practical 15.vcxproj -> C:\Users\User\Documents\Visual Studio 2010\Projects\Practical 15\Debug\Practical 15.exe
       FinalizeBuildStatus:
         Deleting file "Debug\Practical 15.unsuccessfulbuild".
         Touching "Debug\Practical 15.lastbuildstate".
     1>Done Building Project "C:\Users\User\Documents\Visual Studio 2010\Projects\Practical 15\Practical 15\Practical 15.vcxproj" (build target(s)).

Build succeeded.

Time Elapsed 00:00:00.52
