<<<<<<< HEAD
﻿Build started 7/2/2015 9:56:44 PM.
     1>Project "C:\Users\User\Desktop\NYP\Graphics\Application\Application.vcxproj" on node 2 (build target(s)).
=======
﻿Build started 7/2/2015 7:02:19 PM.
     1>Project "C:\Users\Ong\Desktop\NYP\Graphics\Application\Application.vcxproj" on node 2 (build target(s)).
>>>>>>> origin/master
     1>InitializeBuildStatus:
         Creating "Debug\Application.unsuccessfulbuild" because "AlwaysCreate" was specified.
       ClCompile:
         All outputs are up-to-date.
       ManifestResourceCompile:
         All outputs are up-to-date.
       Link:
         All outputs are up-to-date.
       Manifest:
         All outputs are up-to-date.
       FinalizeBuildStatus:
         Deleting file "Debug\Application.unsuccessfulbuild".
         Touching "Debug\Application.lastbuildstate".
     1>Done Building Project "C:\Users\Ong\Desktop\NYP\Graphics\Application\Application.vcxproj" (build target(s)).

Build succeeded.

<<<<<<< HEAD
Time Elapsed 00:00:00.06
=======
Time Elapsed 00:00:00.12
>>>>>>> origin/master
