G:\GRAPHICS\APPLICATION\DEBUG\APPLICATION.EXE.EMBED.MANIFEST
G:\GRAPHICS\APPLICATION\DEBUG\APPLICATION.EXE.EMBED.MANIFEST.RES
G:\GRAPHICS\APPLICATION\DEBUG\APPLICATION.EXE.INTERMEDIATE.MANIFEST
G:\GRAPHICS\APPLICATION\DEBUG\APPLICATION.OBJ
G:\Graphics\Application\Debug\Application.write.1.tlog
G:\Graphics\Application\Debug\Application_manifest.rc
G:\GRAPHICS\APPLICATION\DEBUG\CAMERA.OBJ
G:\GRAPHICS\APPLICATION\DEBUG\CAMERA2.OBJ
G:\Graphics\Application\Debug\cl.command.1.tlog
G:\Graphics\Application\Debug\CL.read.1.tlog
G:\Graphics\Application\Debug\CL.write.1.tlog
G:\Graphics\Application\Debug\link.5792.read.1.tlog
G:\Graphics\Application\Debug\link.5792.write.1.tlog
G:\Graphics\Application\Debug\link.5792-cvtres.read.1.tlog
G:\Graphics\Application\Debug\link.5792-cvtres.write.1.tlog
G:\Graphics\Application\Debug\link.command.1.tlog
G:\Graphics\Application\Debug\link.read.1.tlog
G:\Graphics\Application\Debug\link.write.1.tlog
G:\Graphics\Application\Debug\link-cvtres.read.1.tlog
G:\Graphics\Application\Debug\link-cvtres.write.1.tlog
G:\GRAPHICS\APPLICATION\DEBUG\LOADTGA.OBJ
G:\GRAPHICS\APPLICATION\DEBUG\MAIN.OBJ
G:\GRAPHICS\APPLICATION\DEBUG\MATRIXSTACK.OBJ
G:\GRAPHICS\APPLICATION\DEBUG\MESH.OBJ
G:\GRAPHICS\APPLICATION\DEBUG\MESHBUILDER.OBJ
G:\Graphics\Application\Debug\mt.command.1.tlog
G:\Graphics\Application\Debug\mt.read.1.tlog
G:\Graphics\Application\Debug\mt.write.1.tlog
G:\GRAPHICS\APPLICATION\DEBUG\MTX44.OBJ
G:\Graphics\Application\Debug\rc.command.1.tlog
G:\Graphics\Application\Debug\rc.read.1.tlog
G:\Graphics\Application\Debug\rc.write.1.tlog
G:\GRAPHICS\APPLICATION\DEBUG\SCENE1.OBJ
G:\GRAPHICS\APPLICATION\DEBUG\SCENE2.OBJ
G:\GRAPHICS\APPLICATION\DEBUG\SCENE3.OBJ
G:\GRAPHICS\APPLICATION\DEBUG\SCENE4.OBJ
G:\GRAPHICS\APPLICATION\DEBUG\SCENE5.OBJ
G:\GRAPHICS\APPLICATION\DEBUG\SCENELIGHT.OBJ
G:\GRAPHICS\APPLICATION\DEBUG\SCENELIGHT2.OBJ
G:\GRAPHICS\APPLICATION\DEBUG\SCENETEXTURE.OBJ
G:\GRAPHICS\APPLICATION\DEBUG\SHADER.OBJ
G:\GRAPHICS\APPLICATION\DEBUG\TIMER.OBJ
G:\GRAPHICS\APPLICATION\DEBUG\UTILITY.OBJ
G:\Graphics\Application\Debug\vc100.idb
G:\GRAPHICS\APPLICATION\DEBUG\VC100.PDB
G:\GRAPHICS\APPLICATION\DEBUG\VECTOR3.OBJ
G:\GRAPHICS\DEBUG\APPLICATION.EXE
G:\GRAPHICS\DEBUG\APPLICATION.ILK
G:\GRAPHICS\DEBUG\APPLICATION.PDB
